#
# There is insufficient memory for the Java Runtime Environment to continue.
# Native memory allocation (mmap) failed to map 65536 bytes for Failed to commit metaspace.
# Possible reasons:
#   The system is out of physical RAM or swap space
#   The process is running with CompressedOops enabled, and the Java Heap may be blocking the growth of the native heap
# Possible solutions:
#   Reduce memory load on the system
#   Increase physical memory or swap space
#   Check if swap backing store is full
#   Decrease Java heap size (-Xmx/-Xms)
#   Decrease number of Java threads
#   Decrease Java thread stack sizes (-Xss)
#   Set larger code cache with -XX:ReservedCodeCacheSize=
#   JVM is running with Unscaled Compressed Oops mode in which the Java heap is
#     placed in the first 4GB address space. The Java Heap base address is the
#     maximum limit for the native heap growth. Please use -XX:HeapBaseMinAddress
#     to set the Java Heap base and to place the Java Heap above 4GB virtual address.
# This output file may be truncated or incomplete.
#
#  Out of Memory Error (virtualSpaceNode.cpp:110), pid=7680, tid=10960
#
# JRE version: OpenJDK Runtime Environment Temurin-17.0.8.1+1 (17.0.8.1+1) (build 17.0.8.1+1)
# Java VM: OpenJDK 64-Bit Server VM Temurin-17.0.8.1+1 (17.0.8.1+1, mixed mode, tiered, compressed oops, compressed class ptrs, g1 gc, windows-amd64)
# No core dump will be written. Minidumps are not enabled by default on client versions of Windows
#

---------------  S U M M A R Y ------------

Command Line: -Dfile.encoding=UTF-8 -Dstdout.encoding=UTF-8 -Dstderr.encoding=UTF-8 --module-path=C:\Users\PC\Desktop\UBA_App\UBA_Bank\bin;C:\Users\PC\Desktop\UBA_App\UBA_Bank\src\Libs\mysql-connector-j-8.2.0.jar -XX:+ShowCodeDetailsInExceptionMessages -Djdk.module.main=UBA_Bank UBA_Bank/Page.UBA_Services

Host: Intel(R) Core(TM) i5-6200U CPU @ 2.30GHz, 4 cores, 7G,  Windows 10 , 64 bit Build 16299 (10.0.16299.15)
Time: Sun May 26 15:41:13 2024 W. Central Africa Standard Time elapsed time: 2.690935 seconds (0d 0h 0m 2s)

---------------  T H R E A D  ---------------

Current thread (0x000001a2d6289cf0):  JavaThread "AWT-EventQueue-0" [_thread_in_vm, id=10960, stack(0x0000004137900000,0x0000004137a00000)]

Stack: [0x0000004137900000,0x0000004137a00000]
Native frames: (J=compiled Java code, j=interpreted, Vv=VM code, C=native code)
V  [jvm.dll+0x678b0a]
V  [jvm.dll+0x835e84]
V  [jvm.dll+0x83762e]
V  [jvm.dll+0x837c93]
V  [jvm.dll+0x24746f]
V  [jvm.dll+0x831f1b]
V  [jvm.dll+0x61d3c6]
V  [jvm.dll+0x61d42a]
V  [jvm.dll+0x61fc5a]
V  [jvm.dll+0x61dd66]
V  [jvm.dll+0x23b9ff]
V  [jvm.dll+0x627c05]
V  [jvm.dll+0x1eb90b]
V  [jvm.dll+0x1ebe45]
V  [jvm.dll+0x1ec87f]
V  [jvm.dll+0x1e1d21]
V  [jvm.dll+0x53fba0]
V  [jvm.dll+0x1f2607]
V  [jvm.dll+0x7b06ab]
V  [jvm.dll+0x7b1a52]
V  [jvm.dll+0x415e85]
C  [java.dll+0x1a55]

Java frames: (J=compiled Java code, j=interpreted, Vv=VM code)
j  java.lang.ClassLoader.findBootstrapClass(Ljava/lang/String;)Ljava/lang/Class;+0 java.base@17.0.8.1
j  java.lang.ClassLoader.findBootstrapClassOrNull(Ljava/lang/String;)Ljava/lang/Class;+10 java.base@17.0.8.1
j  java.lang.System$2.findBootstrapClassOrNull(Ljava/lang/String;)Ljava/lang/Class;+1 java.base@17.0.8.1
j  jdk.internal.loader.ClassLoaders$BootClassLoader.loadClassOrNull(Ljava/lang/String;Z)Ljava/lang/Class;+4 java.base@17.0.8.1
J 838 c1 jdk.internal.loader.BuiltinClassLoader.loadClassOrNull(Ljava/lang/String;Z)Ljava/lang/Class; java.base@17.0.8.1 (143 bytes) @ 0x000001a2bbb7bbb4 [0x000001a2bbb7b140+0x0000000000000a74]
J 880 c1 jdk.internal.loader.ClassLoaders$AppClassLoader.loadClass(Ljava/lang/String;Z)Ljava/lang/Class; java.base@17.0.8.1 (40 bytes) @ 0x000001a2bbb88cf4 [0x000001a2bbb886e0+0x0000000000000614]
J 854 c1 java.lang.ClassLoader.loadClass(Ljava/lang/String;)Ljava/lang/Class; java.base@17.0.8.1 (7 bytes) @ 0x000001a2bbb801bc [0x000001a2bbb800c0+0x00000000000000fc]
v  ~StubRoutines::call_stub
j  com.mysql.cj.protocol.a.NativeServerSession.<init>(Lcom/mysql/cj/conf/PropertySet;)V+41 mysql.connector.j@8.2.0
j  com.mysql.cj.protocol.a.NativeProtocol.beforeHandshake()V+18 mysql.connector.j@8.2.0
j  com.mysql.cj.protocol.a.NativeProtocol.connect(Ljava/lang/String;Ljava/lang/String;Ljava/lang/String;)V+1 mysql.connector.j@8.2.0
j  com.mysql.cj.NativeSession.connect(Lcom/mysql/cj/conf/HostInfo;Ljava/lang/String;Ljava/lang/String;Ljava/lang/String;ILcom/mysql/cj/TransactionEventHandler;)V+110 mysql.connector.j@8.2.0
j  com.mysql.cj.jdbc.ConnectionImpl.connectOneTryOnly(Z)V+32 mysql.connector.j@8.2.0
j  com.mysql.cj.jdbc.ConnectionImpl.createNewIO(Z)V+27 mysql.connector.j@8.2.0
j  com.mysql.cj.jdbc.ConnectionImpl.<init>(Lcom/mysql/cj/conf/HostInfo;)V+753 mysql.connector.j@8.2.0
j  com.mysql.cj.jdbc.ConnectionImpl.getInstance(Lcom/mysql/cj/conf/HostInfo;)Lcom/mysql/cj/jdbc/JdbcConnection;+5 mysql.connector.j@8.2.0
j  com.mysql.cj.jdbc.NonRegisteringDriver.connect(Ljava/lang/String;Ljava/util/Properties;)Ljava/sql/Connection;+72 mysql.connector.j@8.2.0
j  java.sql.DriverManager.getConnection(Ljava/lang/String;Ljava/util/Properties;Ljava/lang/Class;)Ljava/sql/Connection;+131 java.sql@17.0.8.1
j  java.sql.DriverManager.getConnection(Ljava/lang/String;Ljava/lang/String;Ljava/lang/String;)Ljava/sql/Connection;+37 java.sql@17.0.8.1
j  ConnectionUBA.ConnectionUBA.<init>()V+22 UBA_Bank
j  Page.UBA_Services.<init>()V+9 UBA_Bank
j  Page.UBA_Services$1.run()V+4 UBA_Bank
j  java.awt.event.InvocationEvent.dispatch()V+47 java.desktop@17.0.8.1
j  java.awt.EventQueue.dispatchEventImpl(Ljava/awt/AWTEvent;Ljava/lang/Object;)V+21 java.desktop@17.0.8.1
j  java.awt.EventQueue$4.run()Ljava/lang/Void;+32 java.desktop@17.0.8.1
j  java.awt.EventQueue$4.run()Ljava/lang/Object;+1 java.desktop@17.0.8.1
j  java.security.AccessController.executePrivileged(Ljava/security/PrivilegedAction;Ljava/security/AccessControlContext;Ljava/lang/Class;)Ljava/lang/Object;+29 java.base@17.0.8.1
j  java.security.AccessController.doPrivileged(Ljava/security/PrivilegedAction;Ljava/security/AccessControlContext;)Ljava/lang/Object;+13 java.base@17.0.8.1
j  java.security.ProtectionDomain$JavaSecurityAccessImpl.doIntersectionPrivilege(Ljava/security/PrivilegedAction;Ljava/security/AccessControlContext;Ljava/security/AccessControlContext;)Ljava/lang/Object;+18 java.base@17.0.8.1
j  java.awt.EventQueue.dispatchEvent(Ljava/awt/AWTEvent;)V+46 java.desktop@17.0.8.1
j  java.awt.EventDispatchThread.pumpOneEventForFilters(I)V+78 java.desktop@17.0.8.1
j  java.awt.EventDispatchThread.pumpEventsForFilter(ILjava/awt/Conditional;Ljava/awt/EventFilter;)V+35 java.desktop@17.0.8.1
j  java.awt.EventDispatchThread.pumpEventsForHierarchy(ILjava/awt/Conditional;Ljava/awt/Component;)V+11 java.desktop@17.0.8.1
j  java.awt.EventDispatchThread.pumpEvents(ILjava/awt/Conditional;)V+4 java.desktop@17.0.8.1
j  java.awt.EventDispatchThread.pumpEvents(Ljava/awt/Conditional;)V+3 java.desktop@17.0.8.1
j  java.awt.EventDispatchThread.run()V+9 java.desktop@17.0.8.1
v  ~StubRoutines::call_stub

---------------  P R O C E S S  ---------------

Threads class SMR info:
_java_thread_list=0x000001a2d6460e00, length=17, elements={
0x000001a2d1a8a620, 0x000001a2d1a8b520, 0x000001a2d1a6fe80, 0x000001a2d1a71760,
0x000001a2d1a72120, 0x000001a2d1a72ae0, 0x000001a2d1a73880, 0x000001a2d1b1ff70,
0x000001a2d1b25070, 0x000001a2d1c4fbc0, 0x000001a2d1e87c30, 0x000001a2d63c3370,
0x000001a2d63c3b50, 0x000001a2d63c4030, 0x000001a2d6289cf0, 0x000001a2b83781e0,
0x000001a2d64ca9c0
}

Java Threads: ( => current thread )
  0x000001a2d1a8a620 JavaThread "Reference Handler" daemon [_thread_blocked, id=11380, stack(0x0000004136900000,0x0000004136a00000)]
  0x000001a2d1a8b520 JavaThread "Finalizer" daemon [_thread_blocked, id=2084, stack(0x0000004136a00000,0x0000004136b00000)]
  0x000001a2d1a6fe80 JavaThread "Signal Dispatcher" daemon [_thread_blocked, id=7312, stack(0x0000004136b00000,0x0000004136c00000)]
  0x000001a2d1a71760 JavaThread "Attach Listener" daemon [_thread_blocked, id=12020, stack(0x0000004136c00000,0x0000004136d00000)]
  0x000001a2d1a72120 JavaThread "Service Thread" daemon [_thread_blocked, id=10820, stack(0x0000004136d00000,0x0000004136e00000)]
  0x000001a2d1a72ae0 JavaThread "Monitor Deflation Thread" daemon [_thread_blocked, id=9984, stack(0x0000004136e00000,0x0000004136f00000)]
  0x000001a2d1a73880 JavaThread "C2 CompilerThread0" daemon [_thread_blocked, id=252, stack(0x0000004136f00000,0x0000004137000000)]
  0x000001a2d1b1ff70 JavaThread "C1 CompilerThread0" daemon [_thread_blocked, id=1512, stack(0x0000004137000000,0x0000004137100000)]
  0x000001a2d1b25070 JavaThread "Sweeper thread" daemon [_thread_blocked, id=7688, stack(0x0000004137100000,0x0000004137200000)]
  0x000001a2d1c4fbc0 JavaThread "Common-Cleaner" daemon [_thread_blocked, id=8720, stack(0x0000004137200000,0x0000004137300000)]
  0x000001a2d1e87c30 JavaThread "Notification Thread" daemon [_thread_blocked, id=12184, stack(0x0000004137400000,0x0000004137500000)]
  0x000001a2d63c3370 JavaThread "Java2D Disposer" daemon [_thread_blocked, id=10184, stack(0x0000004137600000,0x0000004137700000)]
  0x000001a2d63c3b50 JavaThread "AWT-Shutdown" [_thread_blocked, id=2924, stack(0x0000004137700000,0x0000004137800000)]
  0x000001a2d63c4030 JavaThread "AWT-Windows" daemon [_thread_in_native, id=10712, stack(0x0000004137800000,0x0000004137900000)]
=>0x000001a2d6289cf0 JavaThread "AWT-EventQueue-0" [_thread_in_vm, id=10960, stack(0x0000004137900000,0x0000004137a00000)]
  0x000001a2b83781e0 JavaThread "DestroyJavaVM" [_thread_blocked, id=10856, stack(0x0000004136200000,0x0000004136300000)]
  0x000001a2d64ca9c0 JavaThread "mysql-cj-abandoned-connection-cleanup" daemon [_thread_blocked, id=1152, stack(0x0000004137a00000,0x0000004137b00000)]

Other Threads:
  0x000001a2d1a65f80 VMThread "VM Thread" [stack: 0x0000004136800000,0x0000004136900000] [id=10276]
  0x000001a2d1da61d0 WatcherThread [stack: 0x0000004137500000,0x0000004137600000] [id=5092]
  0x000001a2b83d2630 GCTaskThread "GC Thread#0" [stack: 0x0000004136300000,0x0000004136400000] [id=10204]
  0x000001a2d6062ab0 GCTaskThread "GC Thread#1" [stack: 0x0000004137b00000,0x0000004137c00000] [id=6436]
  0x000001a2d65c8970 GCTaskThread "GC Thread#2" [stack: 0x0000004137c00000,0x0000004137d00000] [id=4872]
  0x000001a2d65c8c30 GCTaskThread "GC Thread#3" [stack: 0x0000004137d00000,0x0000004137e00000] [id=10924]
  0x000001a2b83e31c0 ConcurrentGCThread "G1 Main Marker" [stack: 0x0000004136400000,0x0000004136500000] [id=5032]
  0x000001a2b83e49a0 ConcurrentGCThread "G1 Conc#0" [stack: 0x0000004136500000,0x0000004136600000] [id=12256]
  0x000001a2d18c20c0 ConcurrentGCThread "G1 Refine#0" [stack: 0x0000004136600000,0x0000004136700000] [id=11976]
  0x000001a2d18c3690 ConcurrentGCThread "G1 Service" [stack: 0x0000004136700000,0x0000004136800000] [id=4604]

Threads with active compile tasks:

VM state: not at safepoint (normal execution)

VM Mutex/Monitor currently owned by a thread:  ([mutex/lock_event])
[0x000001a2b8370890] Metaspace_lock - owner thread: 0x000001a2d6289cf0

Heap address: 0x0000000081e00000, size: 2018 MB, Compressed Oops mode: 32-bit

CDS archive(s) not mapped
Compressed class space mapped at: 0x0000000100000000-0x0000000140000000, reserved size: 1073741824
Narrow klass base: 0x0000000000000000, Narrow klass shift: 3, Narrow klass range: 0x140000000

GC Precious Log:
 CPUs: 4 total, 4 available
 Memory: 8071M
 Large Page Support: Disabled
 NUMA Support: Disabled
 Compressed Oops: Enabled (32-bit)
 Heap Region Size: 1M
 Heap Min Capacity: 8M
 Heap Initial Capacity: 128M
 Heap Max Capacity: 2018M
 Pre-touch: Disabled
 Parallel Workers: 4
 Concurrent Workers: 1
 Concurrent Refinement Workers: 4
 Periodic GC: Disabled

Heap:
 garbage-first heap   total 131072K, used 5772K [0x0000000081e00000, 0x0000000100000000)
  region size 1024K, 8 young (8192K), 2 survivors (2048K)
 Metaspace       used 13634K, committed 13760K, reserved 1114112K
  class space    used 1267K, committed 1344K, reserved 1048576K

Heap Regions: E=young(eden), S=young(survivor), O=old, HS=humongous(starts), HC=humongous(continues), CS=collection set, F=free, OA=open archive, CA=closed archive, TAMS=top-at-mark-start (previous, next)
|   0|0x0000000081e00000, 0x0000000081e00000, 0x0000000081f00000|  0%| F|  |TAMS 0x0000000081e00000, 0x0000000081e00000| Untracked 
|   1|0x0000000081f00000, 0x0000000081f00000, 0x0000000082000000|  0%| F|  |TAMS 0x0000000081f00000, 0x0000000081f00000| Untracked 
|   2|0x0000000082000000, 0x0000000082000000, 0x0000000082100000|  0%| F|  |TAMS 0x0000000082000000, 0x0000000082000000| Untracked 
|   3|0x0000000082100000, 0x0000000082100000, 0x0000000082200000|  0%| F|  |TAMS 0x0000000082100000, 0x0000000082100000| Untracked 
|   4|0x0000000082200000, 0x0000000082200000, 0x0000000082300000|  0%| F|  |TAMS 0x0000000082200000, 0x0000000082200000| Untracked 
|   5|0x0000000082300000, 0x0000000082300000, 0x0000000082400000|  0%| F|  |TAMS 0x0000000082300000, 0x0000000082300000| Untracked 
|   6|0x0000000082400000, 0x0000000082400000, 0x0000000082500000|  0%| F|  |TAMS 0x0000000082400000, 0x0000000082400000| Untracked 
|   7|0x0000000082500000, 0x0000000082500000, 0x0000000082600000|  0%| F|  |TAMS 0x0000000082500000, 0x0000000082500000| Untracked 
|   8|0x0000000082600000, 0x0000000082600000, 0x0000000082700000|  0%| F|  |TAMS 0x0000000082600000, 0x0000000082600000| Untracked 
|   9|0x0000000082700000, 0x0000000082700000, 0x0000000082800000|  0%| F|  |TAMS 0x0000000082700000, 0x0000000082700000| Untracked 
|  10|0x0000000082800000, 0x0000000082800000, 0x0000000082900000|  0%| F|  |TAMS 0x0000000082800000, 0x0000000082800000| Untracked 
|  11|0x0000000082900000, 0x0000000082900000, 0x0000000082a00000|  0%| F|  |TAMS 0x0000000082900000, 0x0000000082900000| Untracked 
|  12|0x0000000082a00000, 0x0000000082a00000, 0x0000000082b00000|  0%| F|  |TAMS 0x0000000082a00000, 0x0000000082a00000| Untracked 
|  13|0x0000000082b00000, 0x0000000082b00000, 0x0000000082c00000|  0%| F|  |TAMS 0x0000000082b00000, 0x0000000082b00000| Untracked 
|  14|0x0000000082c00000, 0x0000000082c00000, 0x0000000082d00000|  0%| F|  |TAMS 0x0000000082c00000, 0x0000000082c00000| Untracked 
|  15|0x0000000082d00000, 0x0000000082d00000, 0x0000000082e00000|  0%| F|  |TAMS 0x0000000082d00000, 0x0000000082d00000| Untracked 
|  16|0x0000000082e00000, 0x0000000082e00000, 0x0000000082f00000|  0%| F|  |TAMS 0x0000000082e00000, 0x0000000082e00000| Untracked 
|  17|0x0000000082f00000, 0x0000000082f00000, 0x0000000083000000|  0%| F|  |TAMS 0x0000000082f00000, 0x0000000082f00000| Untracked 
|  18|0x0000000083000000, 0x0000000083000000, 0x0000000083100000|  0%| F|  |TAMS 0x0000000083000000, 0x0000000083000000| Untracked 
|  19|0x0000000083100000, 0x0000000083100000, 0x0000000083200000|  0%| F|  |TAMS 0x0000000083100000, 0x0000000083100000| Untracked 
|  20|0x0000000083200000, 0x0000000083200000, 0x0000000083300000|  0%| F|  |TAMS 0x0000000083200000, 0x0000000083200000| Untracked 
|  21|0x0000000083300000, 0x0000000083300000, 0x0000000083400000|  0%| F|  |TAMS 0x0000000083300000, 0x0000000083300000| Untracked 
|  22|0x0000000083400000, 0x0000000083400000, 0x0000000083500000|  0%| F|  |TAMS 0x0000000083400000, 0x0000000083400000| Untracked 
|  23|0x0000000083500000, 0x0000000083500000, 0x0000000083600000|  0%| F|  |TAMS 0x0000000083500000, 0x0000000083500000| Untracked 
|  24|0x0000000083600000, 0x0000000083600000, 0x0000000083700000|  0%| F|  |TAMS 0x0000000083600000, 0x0000000083600000| Untracked 
|  25|0x0000000083700000, 0x0000000083700000, 0x0000000083800000|  0%| F|  |TAMS 0x0000000083700000, 0x0000000083700000| Untracked 
|  26|0x0000000083800000, 0x0000000083800000, 0x0000000083900000|  0%| F|  |TAMS 0x0000000083800000, 0x0000000083800000| Untracked 
|  27|0x0000000083900000, 0x0000000083900000, 0x0000000083a00000|  0%| F|  |TAMS 0x0000000083900000, 0x0000000083900000| Untracked 
|  28|0x0000000083a00000, 0x0000000083a00000, 0x0000000083b00000|  0%| F|  |TAMS 0x0000000083a00000, 0x0000000083a00000| Untracked 
|  29|0x0000000083b00000, 0x0000000083b00000, 0x0000000083c00000|  0%| F|  |TAMS 0x0000000083b00000, 0x0000000083b00000| Untracked 
|  30|0x0000000083c00000, 0x0000000083c00000, 0x0000000083d00000|  0%| F|  |TAMS 0x0000000083c00000, 0x0000000083c00000| Untracked 
|  31|0x0000000083d00000, 0x0000000083d00000, 0x0000000083e00000|  0%| F|  |TAMS 0x0000000083d00000, 0x0000000083d00000| Untracked 
|  32|0x0000000083e00000, 0x0000000083e00000, 0x0000000083f00000|  0%| F|  |TAMS 0x0000000083e00000, 0x0000000083e00000| Untracked 
|  33|0x0000000083f00000, 0x0000000083f00000, 0x0000000084000000|  0%| F|  |TAMS 0x0000000083f00000, 0x0000000083f00000| Untracked 
|  34|0x0000000084000000, 0x0000000084000000, 0x0000000084100000|  0%| F|  |TAMS 0x0000000084000000, 0x0000000084000000| Untracked 
|  35|0x0000000084100000, 0x0000000084100000, 0x0000000084200000|  0%| F|  |TAMS 0x0000000084100000, 0x0000000084100000| Untracked 
|  36|0x0000000084200000, 0x0000000084200000, 0x0000000084300000|  0%| F|  |TAMS 0x0000000084200000, 0x0000000084200000| Untracked 
|  37|0x0000000084300000, 0x0000000084300000, 0x0000000084400000|  0%| F|  |TAMS 0x0000000084300000, 0x0000000084300000| Untracked 
|  38|0x0000000084400000, 0x0000000084400000, 0x0000000084500000|  0%| F|  |TAMS 0x0000000084400000, 0x0000000084400000| Untracked 
|  39|0x0000000084500000, 0x0000000084500000, 0x0000000084600000|  0%| F|  |TAMS 0x0000000084500000, 0x0000000084500000| Untracked 
|  40|0x0000000084600000, 0x0000000084600000, 0x0000000084700000|  0%| F|  |TAMS 0x0000000084600000, 0x0000000084600000| Untracked 
|  41|0x0000000084700000, 0x0000000084700000, 0x0000000084800000|  0%| F|  |TAMS 0x0000000084700000, 0x0000000084700000| Untracked 
|  42|0x0000000084800000, 0x0000000084800000, 0x0000000084900000|  0%| F|  |TAMS 0x0000000084800000, 0x0000000084800000| Untracked 
|  43|0x0000000084900000, 0x0000000084900000, 0x0000000084a00000|  0%| F|  |TAMS 0x0000000084900000, 0x0000000084900000| Untracked 
|  44|0x0000000084a00000, 0x0000000084a00000, 0x0000000084b00000|  0%| F|  |TAMS 0x0000000084a00000, 0x0000000084a00000| Untracked 
|  45|0x0000000084b00000, 0x0000000084b00000, 0x0000000084c00000|  0%| F|  |TAMS 0x0000000084b00000, 0x0000000084b00000| Untracked 
|  46|0x0000000084c00000, 0x0000000084c00000, 0x0000000084d00000|  0%| F|  |TAMS 0x0000000084c00000, 0x0000000084c00000| Untracked 
|  47|0x0000000084d00000, 0x0000000084d00000, 0x0000000084e00000|  0%| F|  |TAMS 0x0000000084d00000, 0x0000000084d00000| Untracked 
|  48|0x0000000084e00000, 0x0000000084e00000, 0x0000000084f00000|  0%| F|  |TAMS 0x0000000084e00000, 0x0000000084e00000| Untracked 
|  49|0x0000000084f00000, 0x0000000084f00000, 0x0000000085000000|  0%| F|  |TAMS 0x0000000084f00000, 0x0000000084f00000| Untracked 
|  50|0x0000000085000000, 0x0000000085000000, 0x0000000085100000|  0%| F|  |TAMS 0x0000000085000000, 0x0000000085000000| Untracked 
|  51|0x0000000085100000, 0x0000000085100000, 0x0000000085200000|  0%| F|  |TAMS 0x0000000085100000, 0x0000000085100000| Untracked 
|  52|0x0000000085200000, 0x0000000085200000, 0x0000000085300000|  0%| F|  |TAMS 0x0000000085200000, 0x0000000085200000| Untracked 
|  53|0x0000000085300000, 0x0000000085300000, 0x0000000085400000|  0%| F|  |TAMS 0x0000000085300000, 0x0000000085300000| Untracked 
|  54|0x0000000085400000, 0x0000000085400000, 0x0000000085500000|  0%| F|  |TAMS 0x0000000085400000, 0x0000000085400000| Untracked 
|  55|0x0000000085500000, 0x0000000085500000, 0x0000000085600000|  0%| F|  |TAMS 0x0000000085500000, 0x0000000085500000| Untracked 
|  56|0x0000000085600000, 0x0000000085600000, 0x0000000085700000|  0%| F|  |TAMS 0x0000000085600000, 0x0000000085600000| Untracked 
|  57|0x0000000085700000, 0x0000000085700000, 0x0000000085800000|  0%| F|  |TAMS 0x0000000085700000, 0x0000000085700000| Untracked 
|  58|0x0000000085800000, 0x0000000085800000, 0x0000000085900000|  0%| F|  |TAMS 0x0000000085800000, 0x0000000085800000| Untracked 
|  59|0x0000000085900000, 0x0000000085900000, 0x0000000085a00000|  0%| F|  |TAMS 0x0000000085900000, 0x0000000085900000| Untracked 
|  60|0x0000000085a00000, 0x0000000085a00000, 0x0000000085b00000|  0%| F|  |TAMS 0x0000000085a00000, 0x0000000085a00000| Untracked 
|  61|0x0000000085b00000, 0x0000000085b00000, 0x0000000085c00000|  0%| F|  |TAMS 0x0000000085b00000, 0x0000000085b00000| Untracked 
|  62|0x0000000085c00000, 0x0000000085c00000, 0x0000000085d00000|  0%| F|  |TAMS 0x0000000085c00000, 0x0000000085c00000| Untracked 
|  63|0x0000000085d00000, 0x0000000085d00000, 0x0000000085e00000|  0%| F|  |TAMS 0x0000000085d00000, 0x0000000085d00000| Untracked 
|  64|0x0000000085e00000, 0x0000000085e00000, 0x0000000085f00000|  0%| F|  |TAMS 0x0000000085e00000, 0x0000000085e00000| Untracked 
|  65|0x0000000085f00000, 0x0000000085f00000, 0x0000000086000000|  0%| F|  |TAMS 0x0000000085f00000, 0x0000000085f00000| Untracked 
|  66|0x0000000086000000, 0x0000000086000000, 0x0000000086100000|  0%| F|  |TAMS 0x0000000086000000, 0x0000000086000000| Untracked 
|  67|0x0000000086100000, 0x0000000086100000, 0x0000000086200000|  0%| F|  |TAMS 0x0000000086100000, 0x0000000086100000| Untracked 
|  68|0x0000000086200000, 0x0000000086200000, 0x0000000086300000|  0%| F|  |TAMS 0x0000000086200000, 0x0000000086200000| Untracked 
|  69|0x0000000086300000, 0x0000000086300000, 0x0000000086400000|  0%| F|  |TAMS 0x0000000086300000, 0x0000000086300000| Untracked 
|  70|0x0000000086400000, 0x0000000086400000, 0x0000000086500000|  0%| F|  |TAMS 0x0000000086400000, 0x0000000086400000| Untracked 
|  71|0x0000000086500000, 0x0000000086500000, 0x0000000086600000|  0%| F|  |TAMS 0x0000000086500000, 0x0000000086500000| Untracked 
|  72|0x0000000086600000, 0x0000000086600000, 0x0000000086700000|  0%| F|  |TAMS 0x0000000086600000, 0x0000000086600000| Untracked 
|  73|0x0000000086700000, 0x0000000086700000, 0x0000000086800000|  0%| F|  |TAMS 0x0000000086700000, 0x0000000086700000| Untracked 
|  74|0x0000000086800000, 0x0000000086800000, 0x0000000086900000|  0%| F|  |TAMS 0x0000000086800000, 0x0000000086800000| Untracked 
|  75|0x0000000086900000, 0x0000000086900000, 0x0000000086a00000|  0%| F|  |TAMS 0x0000000086900000, 0x0000000086900000| Untracked 
|  76|0x0000000086a00000, 0x0000000086a00000, 0x0000000086b00000|  0%| F|  |TAMS 0x0000000086a00000, 0x0000000086a00000| Untracked 
|  77|0x0000000086b00000, 0x0000000086b00000, 0x0000000086c00000|  0%| F|  |TAMS 0x0000000086b00000, 0x0000000086b00000| Untracked 
|  78|0x0000000086c00000, 0x0000000086c00000, 0x0000000086d00000|  0%| F|  |TAMS 0x0000000086c00000, 0x0000000086c00000| Untracked 
|  79|0x0000000086d00000, 0x0000000086d00000, 0x0000000086e00000|  0%| F|  |TAMS 0x0000000086d00000, 0x0000000086d00000| Untracked 
|  80|0x0000000086e00000, 0x0000000086e00000, 0x0000000086f00000|  0%| F|  |TAMS 0x0000000086e00000, 0x0000000086e00000| Untracked 
|  81|0x0000000086f00000, 0x0000000086f00000, 0x0000000087000000|  0%| F|  |TAMS 0x0000000086f00000, 0x0000000086f00000| Untracked 
|  82|0x0000000087000000, 0x0000000087000000, 0x0000000087100000|  0%| F|  |TAMS 0x0000000087000000, 0x0000000087000000| Untracked 
|  83|0x0000000087100000, 0x0000000087100000, 0x0000000087200000|  0%| F|  |TAMS 0x0000000087100000, 0x0000000087100000| Untracked 
|  84|0x0000000087200000, 0x0000000087200000, 0x0000000087300000|  0%| F|  |TAMS 0x0000000087200000, 0x0000000087200000| Untracked 
|  85|0x0000000087300000, 0x0000000087300000, 0x0000000087400000|  0%| F|  |TAMS 0x0000000087300000, 0x0000000087300000| Untracked 
|  86|0x0000000087400000, 0x0000000087400000, 0x0000000087500000|  0%| F|  |TAMS 0x0000000087400000, 0x0000000087400000| Untracked 
|  87|0x0000000087500000, 0x0000000087500000, 0x0000000087600000|  0%| F|  |TAMS 0x0000000087500000, 0x0000000087500000| Untracked 
|  88|0x0000000087600000, 0x0000000087600000, 0x0000000087700000|  0%| F|  |TAMS 0x0000000087600000, 0x0000000087600000| Untracked 
|  89|0x0000000087700000, 0x0000000087700000, 0x0000000087800000|  0%| F|  |TAMS 0x0000000087700000, 0x0000000087700000| Untracked 
|  90|0x0000000087800000, 0x0000000087800000, 0x0000000087900000|  0%| F|  |TAMS 0x0000000087800000, 0x0000000087800000| Untracked 
|  91|0x0000000087900000, 0x0000000087900000, 0x0000000087a00000|  0%| F|  |TAMS 0x0000000087900000, 0x0000000087900000| Untracked 
|  92|0x0000000087a00000, 0x0000000087a00000, 0x0000000087b00000|  0%| F|  |TAMS 0x0000000087a00000, 0x0000000087a00000| Untracked 
|  93|0x0000000087b00000, 0x0000000087b00000, 0x0000000087c00000|  0%| F|  |TAMS 0x0000000087b00000, 0x0000000087b00000| Untracked 
|  94|0x0000000087c00000, 0x0000000087c00000, 0x0000000087d00000|  0%| F|  |TAMS 0x0000000087c00000, 0x0000000087c00000| Untracked 
|  95|0x0000000087d00000, 0x0000000087d00000, 0x0000000087e00000|  0%| F|  |TAMS 0x0000000087d00000, 0x0000000087d00000| Untracked 
|  96|0x0000000087e00000, 0x0000000087e00000, 0x0000000087f00000|  0%| F|  |TAMS 0x0000000087e00000, 0x0000000087e00000| Untracked 
|  97|0x0000000087f00000, 0x0000000087f00000, 0x0000000088000000|  0%| F|  |TAMS 0x0000000087f00000, 0x0000000087f00000| Untracked 
|  98|0x0000000088000000, 0x0000000088000000, 0x0000000088100000|  0%| F|  |TAMS 0x0000000088000000, 0x0000000088000000| Untracked 
|  99|0x0000000088100000, 0x0000000088100000, 0x0000000088200000|  0%| F|  |TAMS 0x0000000088100000, 0x0000000088100000| Untracked 
| 100|0x0000000088200000, 0x0000000088200000, 0x0000000088300000|  0%| F|  |TAMS 0x0000000088200000, 0x0000000088200000| Untracked 
| 101|0x0000000088300000, 0x0000000088300000, 0x0000000088400000|  0%| F|  |TAMS 0x0000000088300000, 0x0000000088300000| Untracked 
| 102|0x0000000088400000, 0x0000000088400000, 0x0000000088500000|  0%| F|  |TAMS 0x0000000088400000, 0x0000000088400000| Untracked 
| 103|0x0000000088500000, 0x0000000088500000, 0x0000000088600000|  0%| F|  |TAMS 0x0000000088500000, 0x0000000088500000| Untracked 
| 104|0x0000000088600000, 0x0000000088600000, 0x0000000088700000|  0%| F|  |TAMS 0x0000000088600000, 0x0000000088600000| Untracked 
| 105|0x0000000088700000, 0x0000000088700000, 0x0000000088800000|  0%| F|  |TAMS 0x0000000088700000, 0x0000000088700000| Untracked 
| 106|0x0000000088800000, 0x0000000088800000, 0x0000000088900000|  0%| F|  |TAMS 0x0000000088800000, 0x0000000088800000| Untracked 
| 107|0x0000000088900000, 0x0000000088900000, 0x0000000088a00000|  0%| F|  |TAMS 0x0000000088900000, 0x0000000088900000| Untracked 
| 108|0x0000000088a00000, 0x0000000088a00000, 0x0000000088b00000|  0%| F|  |TAMS 0x0000000088a00000, 0x0000000088a00000| Untracked 
| 109|0x0000000088b00000, 0x0000000088b00000, 0x0000000088c00000|  0%| F|  |TAMS 0x0000000088b00000, 0x0000000088b00000| Untracked 
| 110|0x0000000088c00000, 0x0000000088c00000, 0x0000000088d00000|  0%| F|  |TAMS 0x0000000088c00000, 0x0000000088c00000| Untracked 
| 111|0x0000000088d00000, 0x0000000088d00000, 0x0000000088e00000|  0%| F|  |TAMS 0x0000000088d00000, 0x0000000088d00000| Untracked 
| 112|0x0000000088e00000, 0x0000000088e00000, 0x0000000088f00000|  0%| F|  |TAMS 0x0000000088e00000, 0x0000000088e00000| Untracked 
| 113|0x0000000088f00000, 0x0000000088fa3020, 0x0000000089000000| 63%| S|CS|TAMS 0x0000000088f00000, 0x0000000088f00000| Complete 
| 114|0x0000000089000000, 0x0000000089100000, 0x0000000089100000|100%| S|CS|TAMS 0x0000000089000000, 0x0000000089000000| Complete 
| 115|0x0000000089100000, 0x0000000089100000, 0x0000000089200000|  0%| F|  |TAMS 0x0000000089100000, 0x0000000089100000| Untracked 
| 116|0x0000000089200000, 0x0000000089200000, 0x0000000089300000|  0%| F|  |TAMS 0x0000000089200000, 0x0000000089200000| Untracked 
| 117|0x0000000089300000, 0x0000000089300000, 0x0000000089400000|  0%| F|  |TAMS 0x0000000089300000, 0x0000000089300000| Untracked 
| 118|0x0000000089400000, 0x0000000089400000, 0x0000000089500000|  0%| F|  |TAMS 0x0000000089400000, 0x0000000089400000| Untracked 
| 119|0x0000000089500000, 0x0000000089500000, 0x0000000089600000|  0%| F|  |TAMS 0x0000000089500000, 0x0000000089500000| Untracked 
| 120|0x0000000089600000, 0x0000000089600000, 0x0000000089700000|  0%| F|  |TAMS 0x0000000089600000, 0x0000000089600000| Untracked 
| 121|0x0000000089700000, 0x0000000089700000, 0x0000000089800000|  0%| F|  |TAMS 0x0000000089700000, 0x0000000089700000| Untracked 
| 122|0x0000000089800000, 0x00000000898a0a98, 0x0000000089900000| 62%| E|  |TAMS 0x0000000089800000, 0x0000000089800000| Complete 
| 123|0x0000000089900000, 0x0000000089a00000, 0x0000000089a00000|100%| E|CS|TAMS 0x0000000089900000, 0x0000000089900000| Complete 
| 124|0x0000000089a00000, 0x0000000089b00000, 0x0000000089b00000|100%| E|CS|TAMS 0x0000000089a00000, 0x0000000089a00000| Complete 
| 125|0x0000000089b00000, 0x0000000089c00000, 0x0000000089c00000|100%| E|  |TAMS 0x0000000089b00000, 0x0000000089b00000| Complete 
| 126|0x0000000089c00000, 0x0000000089d00000, 0x0000000089d00000|100%| E|CS|TAMS 0x0000000089c00000, 0x0000000089c00000| Complete 
| 127|0x0000000089d00000, 0x0000000089e00000, 0x0000000089e00000|100%| E|CS|TAMS 0x0000000089d00000, 0x0000000089d00000| Complete 

Card table byte_map: [0x000001a2cae30000,0x000001a2cb230000] _byte_map_base: 0x000001a2caa21000

Marking Bits (Prev, Next): (CMBitMap*) 0x000001a2b83d2c50, (CMBitMap*) 0x000001a2b83d2c90
 Prev Bits: [0x000001a2cb630000, 0x000001a2cd5b8000)
 Next Bits: [0x000001a2cd5c0000, 0x000001a2cf548000)

Polling page: 0x000001a2b6330000

Metaspace:

Usage:
  Non-class:     12.08 MB used.
      Class:      1.24 MB used.
       Both:     13.31 MB used.

Virtual space:
  Non-class space:       64.00 MB reserved,      12.13 MB ( 19%) committed,  1 nodes.
      Class space:        1.00 GB reserved,       1.31 MB ( <1%) committed,  1 nodes.
             Both:        1.06 GB reserved,      13.44 MB (  1%) committed. 

Chunk freelists:
   Non-Class:  3.64 MB
       Class:  14.56 MB
        Both:  18.20 MB

MaxMetaspaceSize: unlimited
CompressedClassSpaceSize: 1.00 GB
Initial GC threshold: 21.00 MB
Current GC threshold: 21.00 MB
CDS: off
MetaspaceReclaimPolicy: balanced
 - commit_granule_bytes: 65536.
 - commit_granule_words: 8192.
 - virtual_space_node_default_size: 8388608.
 - enlarge_chunks_in_place: 1.
 - new_chunks_are_fully_committed: 0.
 - uncommit_free_chunks: 1.
 - use_allocation_guard: 0.
 - handle_deallocations: 1.


Internal statistics:

num_allocs_failed_limit: 0.
num_arena_births: 90.
num_arena_deaths: 0.
num_vsnodes_births: 2.
num_vsnodes_deaths: 0.
num_space_committed: 215.
num_space_uncommitted: 0.
num_chunks_returned_to_freelist: 0.
num_chunks_taken_from_freelist: 214.
num_chunk_merges: 0.
num_chunk_splits: 135.
num_chunks_enlarged: 94.
num_inconsistent_stats: 0.

CodeHeap 'non-profiled nmethods': size=120000Kb used=371Kb max_used=371Kb free=119628Kb
 bounds [0x000001a2c3500000, 0x000001a2c3770000, 0x000001a2caa30000]
CodeHeap 'profiled nmethods': size=120000Kb used=1487Kb max_used=1487Kb free=118512Kb
 bounds [0x000001a2bba30000, 0x000001a2bbca0000, 0x000001a2c2f60000]
CodeHeap 'non-nmethods': size=5760Kb used=1209Kb max_used=1229Kb free=4550Kb
 bounds [0x000001a2c2f60000, 0x000001a2c31d0000, 0x000001a2c3500000]
 total_blobs=1443 nmethods=922 adapters=434
 compilation: enabled
              stopped_count=0, restarted_count=0
 full_count=0

Compilation events (20 events):
Event: 2.654 Thread 0x000001a2d1b1ff70  913       3       jdk.internal.org.objectweb.asm.MethodWriter::visitCode (1 bytes)
Event: 2.655 Thread 0x000001a2d1b1ff70 nmethod 913 0x000001a2bbb9d390 code [0x000001a2bbb9d520, 0x000001a2bbb9d638]
Event: 2.655 Thread 0x000001a2d1b1ff70  914       3       java.lang.invoke.MethodType::basicType (8 bytes)
Event: 2.655 Thread 0x000001a2d1b1ff70 nmethod 914 0x000001a2bbb9d710 code [0x000001a2bbb9d8a0, 0x000001a2bbb9d9d8]
Event: 2.657 Thread 0x000001a2d1b1ff70  915   !   3       java.nio.ByteBuffer::wrap (21 bytes)
Event: 2.657 Thread 0x000001a2d1b1ff70 nmethod 915 0x000001a2bbb9da90 code [0x000001a2bbb9dc40, 0x000001a2bbb9ded8]
Event: 2.660 Thread 0x000001a2d1a73880  916       4       java.util.ImmutableCollections$SetN::contains (26 bytes)
Event: 2.663 Thread 0x000001a2d1b1ff70  917       3       java.lang.invoke.MethodHandles$Lookup::in (283 bytes)
Event: 2.666 Thread 0x000001a2d1b1ff70 nmethod 917 0x000001a2bbb9e010 code [0x000001a2bbb9e440, 0x000001a2bbb9ff08]
Event: 2.666 Thread 0x000001a2d1b1ff70  918       3       java.lang.invoke.TypeConvertingMethodAdapter::cast (42 bytes)
Event: 2.666 Thread 0x000001a2d1b1ff70 nmethod 918 0x000001a2bbba0790 code [0x000001a2bbba0980, 0x000001a2bbba0de8]
Event: 2.667 Thread 0x000001a2d1b1ff70  919       3       java.lang.invoke.DirectMethodHandle::maybeCompile (24 bytes)
Event: 2.668 Thread 0x000001a2d1b1ff70 nmethod 919 0x000001a2bbba0f90 code [0x000001a2bbba1140, 0x000001a2bbba1358]
Event: 2.669 Thread 0x000001a2d1b1ff70  920       3       sun.invoke.util.VerifyAccess::isMemberAccessible (338 bytes)
Event: 2.671 Thread 0x000001a2d1b1ff70 nmethod 920 0x000001a2bbba1490 code [0x000001a2bbba1820, 0x000001a2bbba2bc8]
Event: 2.675 Thread 0x000001a2d1b1ff70  921       3       java.nio.ByteBuffer::hasArray (20 bytes)
Event: 2.675 Thread 0x000001a2d1b1ff70 nmethod 921 0x000001a2bbba3110 code [0x000001a2bbba32a0, 0x000001a2bbba3458]
Event: 2.680 Thread 0x000001a2d1a73880 nmethod 916 0x000001a2c355c110 code [0x000001a2c355c2c0, 0x000001a2c355cab8]
Event: 2.680 Thread 0x000001a2d1b1ff70  922       3       jdk.internal.org.objectweb.asm.ClassReader::readUtf (161 bytes)
Event: 2.681 Thread 0x000001a2d1b1ff70 nmethod 922 0x000001a2bbba3510 code [0x000001a2bbba36e0, 0x000001a2bbba3b48]

GC Heap History (2 events):
Event: 2.325 GC heap before
{Heap before GC invocations=0 (full 0):
 garbage-first heap   total 131072K, used 13312K [0x0000000081e00000, 0x0000000100000000)
  region size 1024K, 13 young (13312K), 0 survivors (0K)
 Metaspace       used 11030K, committed 11264K, reserved 1114112K
  class space    used 1024K, committed 1152K, reserved 1048576K
}
Event: 2.336 GC heap after
{Heap after GC invocations=1 (full 0):
 garbage-first heap   total 131072K, used 1676K [0x0000000081e00000, 0x0000000100000000)
  region size 1024K, 2 young (2048K), 2 survivors (2048K)
 Metaspace       used 11030K, committed 11264K, reserved 1114112K
  class space    used 1024K, committed 1152K, reserved 1048576K
}

Dll operation events (6 events):
Event: 0.019 Loaded shared library C:\Users\PC\.p2\pool\plugins\org.eclipse.justj.openjdk.hotspot.jre.full.win32.x86_64_17.0.8.v20230831-1047\jre\bin\java.dll
Event: 0.527 Loaded shared library C:\Users\PC\.p2\pool\plugins\org.eclipse.justj.openjdk.hotspot.jre.full.win32.x86_64_17.0.8.v20230831-1047\jre\bin\net.dll
Event: 0.531 Loaded shared library C:\Users\PC\.p2\pool\plugins\org.eclipse.justj.openjdk.hotspot.jre.full.win32.x86_64_17.0.8.v20230831-1047\jre\bin\nio.dll
Event: 1.414 Loaded shared library C:\Users\PC\.p2\pool\plugins\org.eclipse.justj.openjdk.hotspot.jre.full.win32.x86_64_17.0.8.v20230831-1047\jre\bin\zip.dll
Event: 1.666 Loaded shared library C:\Users\PC\.p2\pool\plugins\org.eclipse.justj.openjdk.hotspot.jre.full.win32.x86_64_17.0.8.v20230831-1047\jre\bin\jimage.dll
Event: 1.825 Loaded shared library C:\Users\PC\.p2\pool\plugins\org.eclipse.justj.openjdk.hotspot.jre.full.win32.x86_64_17.0.8.v20230831-1047\jre\bin\awt.dll

Deoptimization events (20 events):
Event: 1.650 Thread 0x000001a2b83781e0 Uncommon trap: trap_request=0xffffff45 fr.pc=0x000001a2c3508978 relative=0x0000000000000078
Event: 1.650 Thread 0x000001a2b83781e0 Uncommon trap: reason=unstable_if action=reinterpret pc=0x000001a2c3508978 method=java.lang.String.isLatin1()Z @ 10 c2
Event: 1.650 Thread 0x000001a2b83781e0 DEOPT PACKING pc=0x000001a2c3508978 sp=0x00000041362feb60
Event: 1.650 Thread 0x000001a2b83781e0 DEOPT UNPACKING pc=0x000001a2c2fb69a3 sp=0x00000041362feaa0 mode 2
Event: 1.670 Thread 0x000001a2b83781e0 Uncommon trap: trap_request=0xffffff45 fr.pc=0x000001a2c3529214 relative=0x00000000000000f4
Event: 1.670 Thread 0x000001a2b83781e0 Uncommon trap: reason=unstable_if action=reinterpret pc=0x000001a2c3529214 method=java.lang.ThreadLocal$ThreadLocalMap.getEntry(Ljava/lang/ThreadLocal;)Ljava/lang/ThreadLocal$ThreadLocalMap$Entry; @ 21 c2
Event: 1.670 Thread 0x000001a2b83781e0 DEOPT PACKING pc=0x000001a2c3529214 sp=0x00000041362fa870
Event: 1.670 Thread 0x000001a2b83781e0 DEOPT UNPACKING pc=0x000001a2c2fb69a3 sp=0x00000041362fa788 mode 2
Event: 1.937 Thread 0x000001a2b83781e0 DEOPT PACKING pc=0x000001a2bbacc156 sp=0x00000041362fc650
Event: 1.937 Thread 0x000001a2b83781e0 DEOPT UNPACKING pc=0x000001a2c2fb7143 sp=0x00000041362fbaf0 mode 0
Event: 2.114 Thread 0x000001a2b83781e0 Uncommon trap: trap_request=0xffffff45 fr.pc=0x000001a2c3528e04 relative=0x00000000000000e4
Event: 2.114 Thread 0x000001a2b83781e0 Uncommon trap: reason=unstable_if action=reinterpret pc=0x000001a2c3528e04 method=java.lang.ThreadLocal$ThreadLocalMap.getEntry(Ljava/lang/ThreadLocal;)Ljava/lang/ThreadLocal$ThreadLocalMap$Entry; @ 21 c2
Event: 2.114 Thread 0x000001a2b83781e0 DEOPT PACKING pc=0x000001a2c3528e04 sp=0x00000041362fee10
Event: 2.114 Thread 0x000001a2b83781e0 DEOPT UNPACKING pc=0x000001a2c2fb69a3 sp=0x00000041362fedb0 mode 2
Event: 2.180 Thread 0x000001a2d6289cf0 Uncommon trap: trap_request=0xffffff45 fr.pc=0x000001a2c351d478 relative=0x00000000000007d8
Event: 2.180 Thread 0x000001a2d6289cf0 Uncommon trap: reason=unstable_if action=reinterpret pc=0x000001a2c351d478 method=java.util.ArrayList.grow(I)[Ljava/lang/Object; @ 17 c2
Event: 2.180 Thread 0x000001a2d6289cf0 DEOPT PACKING pc=0x000001a2c351d478 sp=0x00000041379fe420
Event: 2.180 Thread 0x000001a2d6289cf0 DEOPT UNPACKING pc=0x000001a2c2fb69a3 sp=0x00000041379fe2b8 mode 2
Event: 2.653 Thread 0x000001a2d6289cf0 DEOPT PACKING pc=0x000001a2bbad13c7 sp=0x00000041379fc150
Event: 2.653 Thread 0x000001a2d6289cf0 DEOPT UNPACKING pc=0x000001a2c2fb7143 sp=0x00000041379fb5b0 mode 0

Classes unloaded (0 events):
No events

Classes redefined (0 events):
No events

Internal exceptions (18 events):
Event: 0.596 Thread 0x000001a2b83781e0 Exception <a 'java/lang/NoSuchMethodError'{0x0000000089c29340}: 'void java.lang.invoke.DirectMethodHandle$Holder.invokeVirtual(java.lang.Object, java.lang.Object)'> (0x0000000089c29340) 
thrown [s\src\hotspot\share\interpreter\linkResolver.cpp, line 759]
Event: 1.553 Thread 0x000001a2b83781e0 Exception <a 'java/lang/NoSuchMethodError'{0x00000000895fba60}: 'void java.lang.invoke.DirectMethodHandle$Holder.invokeSpecial(java.lang.Object, java.lang.Object, java.lang.Object)'> (0x00000000895fba60) 
thrown [s\src\hotspot\share\interpreter\linkResolver.cpp, line 759]
Event: 1.596 Thread 0x000001a2b83781e0 Exception <a 'java/lang/NoSuchMethodError'{0x0000000089410dd8}: 'void java.lang.invoke.DirectMethodHandle$Holder.invokeSpecial(java.lang.Object, java.lang.Object, java.lang.Object, java.lang.Object, java.lang.Object)'> (0x0000000089410dd8) 
thrown [s\src\hotspot\share\interpreter\linkResolver.cpp, line 759]
Event: 1.603 Thread 0x000001a2b83781e0 Exception <a 'java/lang/NoSuchMethodError'{0x0000000089420458}: 'java.lang.Object java.lang.invoke.DirectMethodHandle$Holder.invokeInterface(java.lang.Object, java.lang.Object)'> (0x0000000089420458) 
thrown [s\src\hotspot\share\interpreter\linkResolver.cpp, line 759]
Event: 1.604 Thread 0x000001a2b83781e0 Exception <a 'java/lang/IncompatibleClassChangeError'{0x00000000894239a8}: Found class java.lang.Object, but interface was expected> (0x00000000894239a8) 
thrown [s\src\hotspot\share\interpreter\linkResolver.cpp, line 826]
Event: 1.604 Thread 0x000001a2b83781e0 Exception <a 'java/lang/NoSuchMethodError'{0x0000000089426770}: 'void java.lang.invoke.DirectMethodHandle$Holder.invokeStatic(java.lang.Object, java.lang.Object, java.lang.Object, java.lang.Object)'> (0x0000000089426770) 
thrown [s\src\hotspot\share\interpreter\linkResolver.cpp, line 759]
Event: 1.670 Thread 0x000001a2b83781e0 Implicit null exception at 0x000001a2c3529180 to 0x000001a2c35291fc
Event: 1.754 Thread 0x000001a2b83781e0 Exception <a 'java/lang/ClassNotFoundException'{0x00000000894a7328}: sun/awt/resources/spi/awtProvider> (0x00000000894a7328) 
thrown [s\src\hotspot\share\classfile\systemDictionary.cpp, line 256]
Event: 1.850 Thread 0x000001a2b83781e0 Exception <a 'java/io/FileNotFoundException'{0x00000000894f9d58}> (0x00000000894f9d58) 
thrown [s\src\hotspot\share\prims\jni.cpp, line 516]
Event: 1.890 Thread 0x000001a2b83781e0 Exception <a 'java/io/FileNotFoundException'{0x0000000089327548}> (0x0000000089327548) 
thrown [s\src\hotspot\share\prims\jni.cpp, line 516]
Event: 1.910 Thread 0x000001a2b83781e0 Exception <a 'sun/nio/fs/WindowsException'{0x00000000893379e8}> (0x00000000893379e8) 
thrown [s\src\hotspot\share\prims\jni.cpp, line 516]
Event: 2.054 Thread 0x000001a2b83781e0 Exception <a 'java/lang/NoSuchMethodError'{0x00000000893a9208}: 'java.lang.Object java.lang.invoke.DirectMethodHandle$Holder.invokeStaticInit(java.lang.Object)'> (0x00000000893a9208) 
thrown [s\src\hotspot\share\interpreter\linkResolver.cpp, line 759]
Event: 2.114 Thread 0x000001a2b83781e0 Implicit null exception at 0x000001a2c3528d80 to 0x000001a2c3528dec
Event: 2.181 Thread 0x000001a2d6289cf0 Exception <a 'sun/nio/fs/WindowsException'{0x0000000089265388}> (0x0000000089265388) 
thrown [s\src\hotspot\share\prims\jni.cpp, line 516]
Event: 2.321 Thread 0x000001a2d6289cf0 Exception <a 'java/lang/NoSuchMethodError'{0x00000000891ee128}: 'void java.lang.invoke.DirectMethodHandle$Holder.invokeStatic(java.lang.Object, java.lang.Object, java.lang.Object)'> (0x00000000891ee128) 
thrown [s\src\hotspot\share\interpreter\linkResolver.cpp, line 759]
Event: 2.322 Thread 0x000001a2d6289cf0 Exception <a 'java/lang/NoSuchMethodError'{0x00000000891f7f50}: 'java.lang.Object java.lang.invoke.DirectMethodHandle$Holder.invokeVirtual(java.lang.Object, java.lang.Object, java.lang.Object)'> (0x00000000891f7f50) 
thrown [s\src\hotspot\share\interpreter\linkResolver.cpp, line 759]
Event: 2.561 Thread 0x000001a2d6289cf0 Exception <a 'java/lang/ClassNotFoundException'{0x0000000089ac9218}: jdk/net/ExtendedSocketOptions> (0x0000000089ac9218) 
thrown [s\src\hotspot\share\classfile\systemDictionary.cpp, line 256]
Event: 2.563 Thread 0x000001a2d6289cf0 Exception <a 'java/lang/NoSuchMethodError'{0x0000000089acaf00}: 'void java.lang.invoke.DirectMethodHandle$Holder.invokeStatic(java.lang.Object, java.lang.Object)'> (0x0000000089acaf00) 
thrown [s\src\hotspot\share\interpreter\linkResolver.cpp, line 759]

VM Operations (16 events):
Event: 1.149 Executing VM operation: Cleanup
Event: 1.153 Executing VM operation: Cleanup done
Event: 1.419 Executing VM operation: HandshakeAllThreads
Event: 1.419 Executing VM operation: HandshakeAllThreads done
Event: 1.600 Executing VM operation: HandshakeAllThreads
Event: 1.600 Executing VM operation: HandshakeAllThreads done
Event: 2.138 Executing VM operation: HandshakeAllThreads
Event: 2.138 Executing VM operation: HandshakeAllThreads done
Event: 2.195 Executing VM operation: HandshakeAllThreads
Event: 2.195 Executing VM operation: HandshakeAllThreads done
Event: 2.195 Executing VM operation: Cleanup
Event: 2.195 Executing VM operation: Cleanup done
Event: 2.325 Executing VM operation: G1CollectForAllocation
Event: 2.337 Executing VM operation: G1CollectForAllocation done
Event: 2.518 Executing VM operation: HandshakeAllThreads
Event: 2.519 Executing VM operation: HandshakeAllThreads done

Events (20 events):
Event: 2.638 loading class java/time/Instant done
Event: 2.640 loading class java/time/LocalDate
Event: 2.641 loading class java/time/chrono/ChronoLocalDate
Event: 2.641 loading class java/time/chrono/ChronoLocalDate done
Event: 2.642 loading class java/time/LocalDate done
Event: 2.644 loading class java/time/LocalDateTime
Event: 2.652 loading class java/time/chrono/ChronoLocalDateTime
Event: 2.653 loading class java/time/chrono/ChronoLocalDateTime done
Event: 2.653 loading class java/time/LocalDateTime done
Event: 2.655 loading class java/time/LocalTime
Event: 2.656 loading class java/time/LocalTime done
Event: 2.658 loading class java/time/OffsetDateTime
Event: 2.659 loading class java/time/OffsetDateTime done
Event: 2.661 loading class java/time/OffsetTime
Event: 2.662 loading class java/time/OffsetTime done
Event: 2.670 loading class java/time/ZonedDateTime
Event: 2.670 loading class java/time/chrono/ChronoZonedDateTime
Event: 2.671 loading class java/time/chrono/ChronoZonedDateTime done
Event: 2.671 loading class java/time/ZonedDateTime done
Event: 2.685 loading class java/util/TimeZone


Dynamic libraries:
0x00007ff6077f0000 - 0x00007ff6077fe000 	C:\Users\PC\.p2\pool\plugins\org.eclipse.justj.openjdk.hotspot.jre.full.win32.x86_64_17.0.8.v20230831-1047\jre\bin\javaw.exe
0x00007ffe348a0000 - 0x00007ffe34a80000 	C:\Windows\SYSTEM32\ntdll.dll
0x00007ffe2bb80000 - 0x00007ffe2bb99000 	C:\Program Files\Avast Software\Avast\aswhook.dll
0x00007ffe33320000 - 0x00007ffe333ce000 	C:\Windows\System32\KERNEL32.DLL
0x00007ffe318c0000 - 0x00007ffe31b26000 	C:\Windows\System32\KERNELBASE.dll
0x00007ffe31450000 - 0x00007ffe31546000 	C:\Windows\System32\ucrtbase.dll
0x00007ffe2a660000 - 0x00007ffe2a677000 	C:\Users\PC\.p2\pool\plugins\org.eclipse.justj.openjdk.hotspot.jre.full.win32.x86_64_17.0.8.v20230831-1047\jre\bin\jli.dll
0x00007ffe33a20000 - 0x00007ffe33baf000 	C:\Windows\System32\USER32.dll
0x00007ffe31680000 - 0x00007ffe316a0000 	C:\Windows\System32\win32u.dll
0x00007ffe34840000 - 0x00007ffe34868000 	C:\Windows\System32\GDI32.dll
0x00007ffe31bd0000 - 0x00007ffe31d63000 	C:\Windows\System32\gdi32full.dll
0x00007ffe31b30000 - 0x00007ffe31bcb000 	C:\Windows\System32\msvcp_win.dll
0x00007ffe2a0c0000 - 0x00007ffe2a0d9000 	C:\Users\PC\.p2\pool\plugins\org.eclipse.justj.openjdk.hotspot.jre.full.win32.x86_64_17.0.8.v20230831-1047\jre\bin\VCRUNTIME140.dll
0x00007ffe18430000 - 0x00007ffe18699000 	C:\Windows\WinSxS\amd64_microsoft.windows.common-controls_6595b64144ccf1df_6.0.16299.98_none_cc930a042215c348\COMCTL32.dll
0x00007ffe33790000 - 0x00007ffe3382d000 	C:\Windows\System32\msvcrt.dll
0x00007ffe33cd0000 - 0x00007ffe33fd8000 	C:\Windows\System32\combase.dll
0x00007ffe33bb0000 - 0x00007ffe33ccf000 	C:\Windows\System32\RPCRT4.dll
0x00007ffe31550000 - 0x00007ffe315c2000 	C:\Windows\System32\bcryptPrimitives.dll
0x00007ffe33fe0000 - 0x00007ffe3400d000 	C:\Windows\System32\IMM32.DLL
0x00007ffe2bb40000 - 0x00007ffe2bb4c000 	C:\Users\PC\.p2\pool\plugins\org.eclipse.justj.openjdk.hotspot.jre.full.win32.x86_64_17.0.8.v20230831-1047\jre\bin\vcruntime140_1.dll
0x00007ffe24360000 - 0x00007ffe243f1000 	C:\Users\PC\.p2\pool\plugins\org.eclipse.justj.openjdk.hotspot.jre.full.win32.x86_64_17.0.8.v20230831-1047\jre\bin\msvcp140.dll
0x00007ffdeb7a0000 - 0x00007ffdec3ec000 	C:\Users\PC\.p2\pool\plugins\org.eclipse.justj.openjdk.hotspot.jre.full.win32.x86_64_17.0.8.v20230831-1047\jre\bin\server\jvm.dll
0x00007ffe341f0000 - 0x00007ffe34291000 	C:\Windows\System32\ADVAPI32.dll
0x00007ffe336d0000 - 0x00007ffe3372b000 	C:\Windows\System32\sechost.dll
0x00007ffe30c30000 - 0x00007ffe30c7c000 	C:\Windows\System32\POWRPROF.dll
0x00007ffe215b0000 - 0x00007ffe215b9000 	C:\Windows\SYSTEM32\WSOCK32.dll
0x00007ffe342a0000 - 0x00007ffe3430c000 	C:\Windows\System32\WS2_32.dll
0x00007ffe2b7e0000 - 0x00007ffe2b803000 	C:\Windows\SYSTEM32\WINMM.dll
0x00007ffe21d80000 - 0x00007ffe21d8a000 	C:\Windows\SYSTEM32\VERSION.dll
0x00007ffe2b660000 - 0x00007ffe2b68a000 	C:\Windows\SYSTEM32\WINMMBASE.dll
0x00007ffe316a0000 - 0x00007ffe316ea000 	C:\Windows\System32\cfgmgr32.dll
0x00007ffe30bf0000 - 0x00007ffe30c01000 	C:\Windows\System32\kernel.appcore.dll
0x00007ffe2a0a0000 - 0x00007ffe2a0aa000 	C:\Users\PC\.p2\pool\plugins\org.eclipse.justj.openjdk.hotspot.jre.full.win32.x86_64_17.0.8.v20230831-1047\jre\bin\jimage.dll
0x00007ffe2be30000 - 0x00007ffe2bff8000 	C:\Windows\SYSTEM32\DBGHELP.DLL
0x00007ffe26b70000 - 0x00007ffe26b99000 	C:\Windows\SYSTEM32\dbgcore.DLL
0x00007ffe0df30000 - 0x00007ffe0df55000 	C:\Users\PC\.p2\pool\plugins\org.eclipse.justj.openjdk.hotspot.jre.full.win32.x86_64_17.0.8.v20230831-1047\jre\bin\java.dll
0x00007ffe1e6f0000 - 0x00007ffe1e708000 	C:\Users\PC\.p2\pool\plugins\org.eclipse.justj.openjdk.hotspot.jre.full.win32.x86_64_17.0.8.v20230831-1047\jre\bin\zip.dll
0x00007ffe31d70000 - 0x00007ffe331a6000 	C:\Windows\System32\SHELL32.dll
0x00007ffe34140000 - 0x00007ffe341e6000 	C:\Windows\System32\shcore.dll
0x00007ffe30d00000 - 0x00007ffe31447000 	C:\Windows\System32\windows.storage.dll
0x00007ffe33730000 - 0x00007ffe33781000 	C:\Windows\System32\shlwapi.dll
0x00007ffe30c10000 - 0x00007ffe30c2b000 	C:\Windows\System32\profapi.dll
0x00007ffe13390000 - 0x00007ffe133a9000 	C:\Users\PC\.p2\pool\plugins\org.eclipse.justj.openjdk.hotspot.jre.full.win32.x86_64_17.0.8.v20230831-1047\jre\bin\net.dll
0x00007ffe265c0000 - 0x00007ffe2669e000 	C:\Windows\SYSTEM32\WINHTTP.dll
0x00007ffe30420000 - 0x00007ffe30486000 	C:\Windows\system32\mswsock.dll
0x00007ffe0ba40000 - 0x00007ffe0ba55000 	C:\Users\PC\.p2\pool\plugins\org.eclipse.justj.openjdk.hotspot.jre.full.win32.x86_64_17.0.8.v20230831-1047\jre\bin\nio.dll
0x00007ffdf09b0000 - 0x00007ffdf0b3e000 	C:\Users\PC\.p2\pool\plugins\org.eclipse.justj.openjdk.hotspot.jre.full.win32.x86_64_17.0.8.v20230831-1047\jre\bin\awt.dll
0x00007ffe34010000 - 0x00007ffe340d5000 	C:\Windows\System32\OLEAUT32.dll
0x00007ffe2bce0000 - 0x00007ffe2bd68000 	C:\Windows\SYSTEM32\apphelp.dll
0x00007ffe2c190000 - 0x00007ffe2c225000 	C:\Windows\system32\uxtheme.dll
0x00007ffe33830000 - 0x00007ffe33997000 	C:\Windows\System32\MSCTF.dll
0x00007ffe2c400000 - 0x00007ffe2c42a000 	C:\Windows\system32\dwmapi.dll
0x00007ffe333e0000 - 0x00007ffe33529000 	C:\Windows\System32\ole32.dll
0x00007ffe301f0000 - 0x00007ffe302a6000 	C:\Windows\SYSTEM32\DNSAPI.dll
0x00007ffe333d0000 - 0x00007ffe333d8000 	C:\Windows\System32\NSI.dll
0x00007ffe301b0000 - 0x00007ffe301e9000 	C:\Windows\SYSTEM32\IPHLPAPI.DLL
0x00007ffe25210000 - 0x00007ffe2521a000 	C:\Windows\System32\rasadhlp.dll
0x00007ffe253b0000 - 0x00007ffe25420000 	C:\Windows\System32\fwpuclnt.dll
0x00007ffe306f0000 - 0x00007ffe30715000 	C:\Windows\SYSTEM32\bcrypt.dll

dbghelp: loaded successfully - version: 4.0.5 - missing functions: none
symbol engine: initialized successfully - sym options: 0x614 - pdb path: .;C:\Users\PC\.p2\pool\plugins\org.eclipse.justj.openjdk.hotspot.jre.full.win32.x86_64_17.0.8.v20230831-1047\jre\bin;C:\Windows\SYSTEM32;C:\Program Files\Avast Software\Avast;C:\Windows\WinSxS\amd64_microsoft.windows.common-controls_6595b64144ccf1df_6.0.16299.98_none_cc930a042215c348;C:\Users\PC\.p2\pool\plugins\org.eclipse.justj.openjdk.hotspot.jre.full.win32.x86_64_17.0.8.v20230831-1047\jre\bin\server

VM Arguments:
jvm_args: -Dfile.encoding=UTF-8 -Dstdout.encoding=UTF-8 -Dstderr.encoding=UTF-8 --module-path=C:\Users\PC\Desktop\UBA_App\UBA_Bank\bin;C:\Users\PC\Desktop\UBA_App\UBA_Bank\src\Libs\mysql-connector-j-8.2.0.jar -XX:+ShowCodeDetailsInExceptionMessages -Djdk.module.main=UBA_Bank 
java_command: UBA_Bank/Page.UBA_Services
java_class_path (initial): C:\Users\PC\Desktop\UBA_App\UBA_Bank\src\Libs\mysql-connector-j-8.4.0\mysql-connector-j-8.4.0.jar
Launcher Type: SUN_STANDARD

[Global flags]
     intx CICompilerCount                          = 3                                         {product} {ergonomic}
     uint ConcGCThreads                            = 1                                         {product} {ergonomic}
     uint G1ConcRefinementThreads                  = 4                                         {product} {ergonomic}
   size_t G1HeapRegionSize                         = 1048576                                   {product} {ergonomic}
    uintx GCDrainStackTargetSize                   = 64                                        {product} {ergonomic}
   size_t InitialHeapSize                          = 134217728                                 {product} {ergonomic}
   size_t MarkStackSize                            = 4194304                                   {product} {ergonomic}
   size_t MaxHeapSize                              = 2116026368                                {product} {ergonomic}
   size_t MaxNewSize                               = 1268776960                                {product} {ergonomic}
   size_t MinHeapDeltaBytes                        = 1048576                                   {product} {ergonomic}
   size_t MinHeapSize                              = 8388608                                   {product} {ergonomic}
    uintx NonNMethodCodeHeapSize                   = 5832780                                {pd product} {ergonomic}
    uintx NonProfiledCodeHeapSize                  = 122912730                              {pd product} {ergonomic}
    uintx ProfiledCodeHeapSize                     = 122912730                              {pd product} {ergonomic}
    uintx ReservedCodeCacheSize                    = 251658240                              {pd product} {ergonomic}
     bool SegmentedCodeCache                       = true                                      {product} {ergonomic}
     bool ShowCodeDetailsInExceptionMessages       = true                                   {manageable} {command line}
   size_t SoftMaxHeapSize                          = 2116026368                             {manageable} {ergonomic}
     bool UseCompressedClassPointers               = true                           {product lp64_product} {ergonomic}
     bool UseCompressedOops                        = true                           {product lp64_product} {ergonomic}
     bool UseG1GC                                  = true                                      {product} {ergonomic}
     bool UseLargePagesIndividualAllocation        = false                                  {pd product} {ergonomic}

Logging:
Log output configuration:
 #0: stdout all=warning uptime,level,tags
 #1: stderr all=off uptime,level,tags

Environment Variables:
PATH=C:/Users/PC/.p2/pool/plugins/org.eclipse.justj.openjdk.hotspot.jre.full.win32.x86_64_17.0.8.v20230831-1047/jre/bin/server;C:/Users/PC/.p2/pool/plugins/org.eclipse.justj.openjdk.hotspot.jre.full.win32.x86_64_17.0.8.v20230831-1047/jre/bin;C:\MinGW\bin;C:\Program Files\Java\jdk-14.0.1\bin;C:\Program Files\Dart;C:\Program Files\dotnet;C:\Program Files\Swift\runtime-development\usr\bin;C:\Program Files\Swift;C:\Program Files\Dart\dart-sdk\bin;C:\Users\PC\AppData\Roaming\Microsoft\Windows\Start Menu\Programs\Python 3.11;C:\MinGW;c:\mingw\lib\gcc\mingw32\4.8.1\include\c++;C:\MinGW\lib\gcc\mingw32\4.8.1\include;C:\MinGW\include;C:\Program Files\MinGW\bin;C:\Users\PC\Desktop\SQL2022\SQLEXPR_x64_ENU;C:\wamp64\bin\mysql\mysql8.0.31\bin;C:\Users\PC\Desktop\java\WindowBuilder-Updates-1.13.0\features;C:\Users\PC\Desktop\java\WindowBuilder-Updates-1.13.0\plugins;C:\Users\PC\Desktop\java\WindowBuilder-Updates-1.13.0;C:\Qt\qtcreator-3.4.2\bin;C:\Program Files\kotlinc\bin;C:\Ruby32-x64\bin;C:\Program Files\kotlinc\lib;C:\Program Files\kotlinc;C:\kotlincc;C:\Program Files\MongoDB\Server\7.0\bin;C:\wamp64\bin\mysql\mysql8.0.31\bin;C:\Program Files\nodejs\;C:\Program Files\nodejs\node_modules\npm\bin;C:\Program Files\Git\cmd;C:\Program Files\php;C:\VSCodeSetup-x64-1.71.0;C:\ProgramData\ComposerSetup\bin;C:\wamp64\bin\php\php8.2.0;C:\SQLITE;C:\AnalyseSI-0.80;C:\Ruby32-x64\bin;C:\Users\PC\AppData\Local\Programs\Python\Python311\Scripts\;C:\Users\PC\AppData\Local\Programs\Python\Python311\;C:\Program Files\Java;C:\Users\PC\.dotnet\tools;c:\mingw\lib\gcc\mingw32\;C:\Users\PC\AppData\Roaming\npm;C:\Users\PC\AppData\Roaming\Composer\vendor\bin;C:\Windows\System32;
USERNAME=PC
OS=Windows_NT
PROCESSOR_IDENTIFIER=Intel64 Family 6 Model 78 Stepping 3, GenuineIntel
TMP=C:\Users\PC\AppData\Local\Temp
TEMP=C:\Users\PC\AppData\Local\Temp



---------------  S Y S T E M  ---------------

OS:
 Windows 10 , 64 bit Build 16299 (10.0.16299.15)
OS uptime: 0 days 6:46 hours

CPU: total 4 (initial active 4) (2 cores per cpu, 2 threads per core) family 6 model 78 stepping 3 microcode 0xea, cx8, cmov, fxsr, ht, mmx, 3dnowpref, sse, sse2, sse3, ssse3, sse4.1, sse4.2, popcnt, lzcnt, tsc, tscinvbit, avx, avx2, aes, erms, clmul, bmi1, bmi2, adx, fma, vzeroupper, clflush, clflushopt
Processor Information for all 4 processors :
  Max Mhz: 2400, Current Mhz: 2300, Mhz Limit: 2280

Memory: 4k page, system-wide physical 8071M (2536M free)
TotalPageFile size 9976M (AvailPageFile size 206M)
current process WorkingSet (physical memory assigned to process): 74M, peak: 74M
current process commit charge ("private bytes"): 215M, peak: 215M

vm_info: OpenJDK 64-Bit Server VM (17.0.8.1+1) for windows-amd64 JRE (17.0.8.1+1), built on Aug 23 2023 15:29:17 by "admin" with MS VC++ 16.7 (VS2019)

END.
