#
# A fatal error has been detected by the Java Runtime Environment:
#
#  EXCEPTION_UNCAUGHT_CXX_EXCEPTION (0xe06d7363) at pc=0x00007ffc2da63fb8, pid=4612, tid=13260
#
# JRE version:  (17.0.8.1+1) (build )
# Java VM: OpenJDK 64-Bit Server VM (17.0.8.1+1, mixed mode, tiered, compressed oops, compressed class ptrs, g1 gc, windows-amd64)
# Problematic frame:
# C  [KERNELBASE.dll+0x13fb8]
#
# No core dump will be written. Minidumps are not enabled by default on client versions of Windows
#
#

---------------  S U M M A R Y ------------

Command Line: -Dfile.encoding=UTF-8 -Dstdout.encoding=UTF-8 -Dstderr.encoding=UTF-8 --module-path=C:\Users\PC\Desktop\UBA_App\UBA_Bank\bin;C:\Users\PC\Desktop\UBA_App\UBA_Bank\src\Libs\mysql-connector-j-8.2.0.jar -XX:+ShowCodeDetailsInExceptionMessages -Djdk.module.main=UBA_Bank UBA_Bank/Page.Login

Host: Intel(R) Core(TM) i5-6200U CPU @ 2.30GHz, 4 cores, 7G,  Windows 10 , 64 bit Build 16299 (10.0.16299.15)
Time: Thu May 23 22:56:27 2024 W. Central Africa Standard Time elapsed time: 0.051031 seconds (0d 0h 0m 0s)

---------------  T H R E A D  ---------------

Current thread (0x000001dede256580):  JavaThread "Unknown thread" [_thread_in_vm, id=13260, stack(0x000000a655200000,0x000000a655300000)]

Stack: [0x000000a655200000,0x000000a655300000],  sp=0x000000a6552fece0,  free space=1019k
Native frames: (J=compiled Java code, j=interpreted, Vv=VM code, C=native code)
C  [KERNELBASE.dll+0x13fb8]
C  [VCRUNTIME140.dll+0x6220]
C  [jimage.dll+0x32a7]
C  [jimage.dll+0x2a15]
C  [jimage.dll+0x145b]
C  [jimage.dll+0x1e97]
C  [jimage.dll+0x1f2e]
C  [jimage.dll+0x2666]
V  [jvm.dll+0x1f39cd]
V  [jvm.dll+0x1f25a2]
V  [jvm.dll+0x7b06ab]
V  [jvm.dll+0x7b1a52]
V  [jvm.dll+0x7b1d88]
V  [jvm.dll+0x83460f]
V  [jvm.dll+0x83439a]
V  [jvm.dll+0x8066c4]
V  [jvm.dll+0x807e5d]
V  [jvm.dll+0x36bb51]
V  [jvm.dll+0x7e733c]
V  [jvm.dll+0x3ee4af]
V  [jvm.dll+0x3f00c1]
C  [jli.dll+0x528b]
C  [ucrtbase.dll+0x1d885]
C  [KERNEL32.DLL+0x11fe4]
C  [ntdll.dll+0x6ef91]


siginfo: EXCEPTION_UNCAUGHT_CXX_EXCEPTION (0xe06d7363), ExceptionInformation=0x0000000019930520 0x000000a6552fee40 0x00007ffc27165138 0x00007ffc27160000 


Registers:
RAX=0x00007ffc2e8ce170, RBX=0x00007ffc27165138, RCX=0x0000000000000001, RDX=0x00007ffc2e8cec76
RSP=0x000000a6552fece0, RBP=0x000000a6552fef70, RSI=0x000000a6552fee40, RDI=0x0000000019930520
R8 =0x00007ffbec9cb3a1, R9 =0x0000000000000010, R10=0x000000000000000e, R11=0x00000000847d83e9
R12=0x000000000000fc07, R13=0x000001dede256a70, R14=0x000001def791e0d0, R15=0x000001def791e0d0
RIP=0x00007ffc2da63fb8, EFLAGS=0x0000000000000206

Top of Stack: (sp=0x000000a6552fece0)
0x000000a6552fece0:   0000000000000020 00007ffc27165138
0x000000a6552fecf0:   000000a6552fee40 0000000019930520
0x000000a6552fed00:   00000001e06d7363 0000000000000000
0x000000a6552fed10:   00007ffc2da63fb8 0000000000000004
0x000000a6552fed20:   0000000019930520 000000a6552fee40
0x000000a6552fed30:   00007ffc27165138 00007ffc27160000
0x000000a6552fed40:   000000000000fc07 0000000019930520
0x000000a6552fed50:   000000a6552fee40 000000a6552fede0
0x000000a6552fed60:   000000a6552fef70 00007ffc3156c63f
0x000000a6552fed70:   000001dede256a70 00007ffc00000000
0x000000a6552fed80:   000001dec0000017 00007ffc31531610
0x000000a6552fed90:   00007ffc27167000 00007ffc27160000
0x000000a6552feda0:   0000c13d6bf74c7c 000000a6552fedb8
0x000000a6552fedb0:   00007ffc27165138 00007ffc1ee36220
0x000000a6552fedc0:   0000a875ef1e2dbf 00000000cb0000cb
0x000000a6552fedd0:   000000000000000a 00007ffc2e8d8741 

Instructions: (pc=0x00007ffc2da63fb8)
0x00007ffc2da63eb8:   8b cc e8 41 00 00 00 85 c0 0f 84 4d 4e 07 00 8b
0x00007ffc2da63ec8:   df 4d 89 37 48 8b cb e8 80 7a 01 00 48 8b ce e8
0x00007ffc2da63ed8:   78 7a 01 00 8b c7 48 8b 5c 24 68 48 8b 74 24 78
0x00007ffc2da63ee8:   48 83 c4 30 41 5f 41 5e 41 5c 5f 5d c3 cc cc cc
0x00007ffc2da63ef8:   cc cc cc cc cc cc cc cc 48 83 ec 28 ff 15 96 4e
0x00007ffc2da63f08:   16 00 85 c0 0f 88 1e 4e 07 00 b8 01 00 00 00 48
0x00007ffc2da63f18:   83 c4 28 c3 cc cc cc cc cc cc cc cc cc cc cc cc
0x00007ffc2da63f28:   cc cc cc cc cc cc cc cc 65 48 8b 04 25 30 00 00
0x00007ffc2da63f38:   00 8b 40 68 c3 cc cc cc cc cc cc cc cc cc cc cc
0x00007ffc2da63f48:   cc cc cc cc cc cc cc cc 48 81 ec d8 00 00 00 48
0x00007ffc2da63f58:   8b 05 22 d3 21 00 48 33 c4 48 89 84 24 c0 00 00
0x00007ffc2da63f68:   00 48 83 64 24 28 00 48 8d 05 da ff ff ff 83 e2
0x00007ffc2da63f78:   01 89 4c 24 20 89 54 24 24 48 89 44 24 30 4d 85
0x00007ffc2da63f88:   c9 74 45 b8 0f 00 00 00 48 8d 4c 24 40 44 3b c0
0x00007ffc2da63f98:   49 8b d1 44 0f 47 c0 44 89 44 24 38 49 c1 e0 03
0x00007ffc2da63fa8:   e8 ba 16 07 00 48 8d 4c 24 20 ff 15 38 4b 16 00
0x00007ffc2da63fb8:   48 8b 8c 24 c0 00 00 00 48 33 cc e8 98 e6 06 00
0x00007ffc2da63fc8:   48 81 c4 d8 00 00 00 c3 83 64 24 38 00 eb d6 cc
0x00007ffc2da63fd8:   cc cc cc cc cc cc cc cc 4c 8b dc 49 89 5b 10 49
0x00007ffc2da63fe8:   89 73 18 57 48 83 ec 60 33 c0 49 89 43 b8 49 89
0x00007ffc2da63ff8:   43 c0 48 8d 35 53 9e 16 00 33 db 48 85 c9 48 0f
0x00007ffc2da64008:   45 f1 48 8b d6 49 8d 4b c8 ff 15 31 4b 16 00 8b
0x00007ffc2da64018:   f8 89 44 24 70 85 c0 78 19 41 b0 01 48 8d 54 24
0x00007ffc2da64028:   30 48 8d 4c 24 20 ff 15 84 44 16 00 8b f8 89 44
0x00007ffc2da64038:   24 70 85 ff 0f 88 fc 4c 07 00 48 83 c8 ff 48 8b
0x00007ffc2da64048:   c8 48 ff c1 66 39 1c 4e 75 f7 48 ff c1 48 89 4c
0x00007ffc2da64058:   24 40 48 89 74 24 48 48 8b 4c 24 28 48 ff c0 38
0x00007ffc2da64068:   1c 01 75 f8 48 ff c0 48 89 44 24 50 48 89 4c 24
0x00007ffc2da64078:   58 4c 8d 4c 24 40 33 d2 b9 0a 00 01 40 44 8d 42
0x00007ffc2da64088:   04 e8 c2 fe ff ff eb 0e 48 8b 4c 24 28 e8 76 f2
0x00007ffc2da64098:   ff ff 8b 7c 24 70 85 ff 78 0b 48 8d 4c 24 20 ff
0x00007ffc2da640a8:   15 b3 43 16 00 4c 8d 5c 24 60 49 8b 5b 18 49 8b 



---------------  P R O C E S S  ---------------

Threads class SMR info:
_java_thread_list=0x00007ffbece7a018, length=0, elements={
}

Java Threads: ( => current thread )

Other Threads:
  0x000001dede2b09d0 GCTaskThread "GC Thread#0" [stack: 0x000000a655300000,0x000000a655400000] [id=7052]
  0x000001dede2c1560 ConcurrentGCThread "G1 Main Marker" [stack: 0x000000a655400000,0x000000a655500000] [id=5312]
  0x000001dede2c2d40 ConcurrentGCThread "G1 Conc#0" [stack: 0x000000a655500000,0x000000a655600000] [id=13248]
  0x000001dede306670 ConcurrentGCThread "G1 Refine#0" [stack: 0x000000a655600000,0x000000a655700000] [id=1056]
  0x000001def7792ff0 ConcurrentGCThread "G1 Service" [stack: 0x000000a655700000,0x000000a655800000] [id=2376]

=>0x000001dede256580 (exited) JavaThread "Unknown thread" [_thread_in_vm, id=13260, stack(0x000000a655200000,0x000000a655300000)]

Threads with active compile tasks:

VM state: not at safepoint (not fully initialized)

VM Mutex/Monitor currently owned by a thread: None

Heap address: 0x0000000081e00000, size: 2018 MB, Compressed Oops mode: 32-bit

CDS archive(s) not mapped
Compressed class space mapped at: 0x0000000100000000-0x0000000140000000, reserved size: 1073741824
Narrow klass base: 0x0000000000000000, Narrow klass shift: 3, Narrow klass range: 0x140000000

GC Precious Log:
 CPUs: 4 total, 4 available
 Memory: 8071M
 Large Page Support: Disabled
 NUMA Support: Disabled
 Compressed Oops: Enabled (32-bit)
 Heap Region Size: 1M
 Heap Min Capacity: 8M
 Heap Initial Capacity: 128M
 Heap Max Capacity: 2018M
 Pre-touch: Disabled
 Parallel Workers: 4
 Concurrent Workers: 1
 Concurrent Refinement Workers: 4
 Periodic GC: Disabled

Heap:
 garbage-first heap   total 131072K, used 0K [0x0000000081e00000, 0x0000000100000000)
  region size 1024K, 1 young (1024K), 0 survivors (0K)
 Metaspace       used 1002K, committed 1088K, reserved 1114112K
  class space    used 71K, committed 128K, reserved 1048576K

Heap Regions: E=young(eden), S=young(survivor), O=old, HS=humongous(starts), HC=humongous(continues), CS=collection set, F=free, OA=open archive, CA=closed archive, TAMS=top-at-mark-start (previous, next)
|   0|0x0000000081e00000, 0x0000000081e00000, 0x0000000081f00000|  0%| F|  |TAMS 0x0000000081e00000, 0x0000000081e00000| Untracked 
|   1|0x0000000081f00000, 0x0000000081f00000, 0x0000000082000000|  0%| F|  |TAMS 0x0000000081f00000, 0x0000000081f00000| Untracked 
|   2|0x0000000082000000, 0x0000000082000000, 0x0000000082100000|  0%| F|  |TAMS 0x0000000082000000, 0x0000000082000000| Untracked 
|   3|0x0000000082100000, 0x0000000082100000, 0x0000000082200000|  0%| F|  |TAMS 0x0000000082100000, 0x0000000082100000| Untracked 
|   4|0x0000000082200000, 0x0000000082200000, 0x0000000082300000|  0%| F|  |TAMS 0x0000000082200000, 0x0000000082200000| Untracked 
|   5|0x0000000082300000, 0x0000000082300000, 0x0000000082400000|  0%| F|  |TAMS 0x0000000082300000, 0x0000000082300000| Untracked 
|   6|0x0000000082400000, 0x0000000082400000, 0x0000000082500000|  0%| F|  |TAMS 0x0000000082400000, 0x0000000082400000| Untracked 
|   7|0x0000000082500000, 0x0000000082500000, 0x0000000082600000|  0%| F|  |TAMS 0x0000000082500000, 0x0000000082500000| Untracked 
|   8|0x0000000082600000, 0x0000000082600000, 0x0000000082700000|  0%| F|  |TAMS 0x0000000082600000, 0x0000000082600000| Untracked 
|   9|0x0000000082700000, 0x0000000082700000, 0x0000000082800000|  0%| F|  |TAMS 0x0000000082700000, 0x0000000082700000| Untracked 
|  10|0x0000000082800000, 0x0000000082800000, 0x0000000082900000|  0%| F|  |TAMS 0x0000000082800000, 0x0000000082800000| Untracked 
|  11|0x0000000082900000, 0x0000000082900000, 0x0000000082a00000|  0%| F|  |TAMS 0x0000000082900000, 0x0000000082900000| Untracked 
|  12|0x0000000082a00000, 0x0000000082a00000, 0x0000000082b00000|  0%| F|  |TAMS 0x0000000082a00000, 0x0000000082a00000| Untracked 
|  13|0x0000000082b00000, 0x0000000082b00000, 0x0000000082c00000|  0%| F|  |TAMS 0x0000000082b00000, 0x0000000082b00000| Untracked 
|  14|0x0000000082c00000, 0x0000000082c00000, 0x0000000082d00000|  0%| F|  |TAMS 0x0000000082c00000, 0x0000000082c00000| Untracked 
|  15|0x0000000082d00000, 0x0000000082d00000, 0x0000000082e00000|  0%| F|  |TAMS 0x0000000082d00000, 0x0000000082d00000| Untracked 
|  16|0x0000000082e00000, 0x0000000082e00000, 0x0000000082f00000|  0%| F|  |TAMS 0x0000000082e00000, 0x0000000082e00000| Untracked 
|  17|0x0000000082f00000, 0x0000000082f00000, 0x0000000083000000|  0%| F|  |TAMS 0x0000000082f00000, 0x0000000082f00000| Untracked 
|  18|0x0000000083000000, 0x0000000083000000, 0x0000000083100000|  0%| F|  |TAMS 0x0000000083000000, 0x0000000083000000| Untracked 
|  19|0x0000000083100000, 0x0000000083100000, 0x0000000083200000|  0%| F|  |TAMS 0x0000000083100000, 0x0000000083100000| Untracked 
|  20|0x0000000083200000, 0x0000000083200000, 0x0000000083300000|  0%| F|  |TAMS 0x0000000083200000, 0x0000000083200000| Untracked 
|  21|0x0000000083300000, 0x0000000083300000, 0x0000000083400000|  0%| F|  |TAMS 0x0000000083300000, 0x0000000083300000| Untracked 
|  22|0x0000000083400000, 0x0000000083400000, 0x0000000083500000|  0%| F|  |TAMS 0x0000000083400000, 0x0000000083400000| Untracked 
|  23|0x0000000083500000, 0x0000000083500000, 0x0000000083600000|  0%| F|  |TAMS 0x0000000083500000, 0x0000000083500000| Untracked 
|  24|0x0000000083600000, 0x0000000083600000, 0x0000000083700000|  0%| F|  |TAMS 0x0000000083600000, 0x0000000083600000| Untracked 
|  25|0x0000000083700000, 0x0000000083700000, 0x0000000083800000|  0%| F|  |TAMS 0x0000000083700000, 0x0000000083700000| Untracked 
|  26|0x0000000083800000, 0x0000000083800000, 0x0000000083900000|  0%| F|  |TAMS 0x0000000083800000, 0x0000000083800000| Untracked 
|  27|0x0000000083900000, 0x0000000083900000, 0x0000000083a00000|  0%| F|  |TAMS 0x0000000083900000, 0x0000000083900000| Untracked 
|  28|0x0000000083a00000, 0x0000000083a00000, 0x0000000083b00000|  0%| F|  |TAMS 0x0000000083a00000, 0x0000000083a00000| Untracked 
|  29|0x0000000083b00000, 0x0000000083b00000, 0x0000000083c00000|  0%| F|  |TAMS 0x0000000083b00000, 0x0000000083b00000| Untracked 
|  30|0x0000000083c00000, 0x0000000083c00000, 0x0000000083d00000|  0%| F|  |TAMS 0x0000000083c00000, 0x0000000083c00000| Untracked 
|  31|0x0000000083d00000, 0x0000000083d00000, 0x0000000083e00000|  0%| F|  |TAMS 0x0000000083d00000, 0x0000000083d00000| Untracked 
|  32|0x0000000083e00000, 0x0000000083e00000, 0x0000000083f00000|  0%| F|  |TAMS 0x0000000083e00000, 0x0000000083e00000| Untracked 
|  33|0x0000000083f00000, 0x0000000083f00000, 0x0000000084000000|  0%| F|  |TAMS 0x0000000083f00000, 0x0000000083f00000| Untracked 
|  34|0x0000000084000000, 0x0000000084000000, 0x0000000084100000|  0%| F|  |TAMS 0x0000000084000000, 0x0000000084000000| Untracked 
|  35|0x0000000084100000, 0x0000000084100000, 0x0000000084200000|  0%| F|  |TAMS 0x0000000084100000, 0x0000000084100000| Untracked 
|  36|0x0000000084200000, 0x0000000084200000, 0x0000000084300000|  0%| F|  |TAMS 0x0000000084200000, 0x0000000084200000| Untracked 
|  37|0x0000000084300000, 0x0000000084300000, 0x0000000084400000|  0%| F|  |TAMS 0x0000000084300000, 0x0000000084300000| Untracked 
|  38|0x0000000084400000, 0x0000000084400000, 0x0000000084500000|  0%| F|  |TAMS 0x0000000084400000, 0x0000000084400000| Untracked 
|  39|0x0000000084500000, 0x0000000084500000, 0x0000000084600000|  0%| F|  |TAMS 0x0000000084500000, 0x0000000084500000| Untracked 
|  40|0x0000000084600000, 0x0000000084600000, 0x0000000084700000|  0%| F|  |TAMS 0x0000000084600000, 0x0000000084600000| Untracked 
|  41|0x0000000084700000, 0x0000000084700000, 0x0000000084800000|  0%| F|  |TAMS 0x0000000084700000, 0x0000000084700000| Untracked 
|  42|0x0000000084800000, 0x0000000084800000, 0x0000000084900000|  0%| F|  |TAMS 0x0000000084800000, 0x0000000084800000| Untracked 
|  43|0x0000000084900000, 0x0000000084900000, 0x0000000084a00000|  0%| F|  |TAMS 0x0000000084900000, 0x0000000084900000| Untracked 
|  44|0x0000000084a00000, 0x0000000084a00000, 0x0000000084b00000|  0%| F|  |TAMS 0x0000000084a00000, 0x0000000084a00000| Untracked 
|  45|0x0000000084b00000, 0x0000000084b00000, 0x0000000084c00000|  0%| F|  |TAMS 0x0000000084b00000, 0x0000000084b00000| Untracked 
|  46|0x0000000084c00000, 0x0000000084c00000, 0x0000000084d00000|  0%| F|  |TAMS 0x0000000084c00000, 0x0000000084c00000| Untracked 
|  47|0x0000000084d00000, 0x0000000084d00000, 0x0000000084e00000|  0%| F|  |TAMS 0x0000000084d00000, 0x0000000084d00000| Untracked 
|  48|0x0000000084e00000, 0x0000000084e00000, 0x0000000084f00000|  0%| F|  |TAMS 0x0000000084e00000, 0x0000000084e00000| Untracked 
|  49|0x0000000084f00000, 0x0000000084f00000, 0x0000000085000000|  0%| F|  |TAMS 0x0000000084f00000, 0x0000000084f00000| Untracked 
|  50|0x0000000085000000, 0x0000000085000000, 0x0000000085100000|  0%| F|  |TAMS 0x0000000085000000, 0x0000000085000000| Untracked 
|  51|0x0000000085100000, 0x0000000085100000, 0x0000000085200000|  0%| F|  |TAMS 0x0000000085100000, 0x0000000085100000| Untracked 
|  52|0x0000000085200000, 0x0000000085200000, 0x0000000085300000|  0%| F|  |TAMS 0x0000000085200000, 0x0000000085200000| Untracked 
|  53|0x0000000085300000, 0x0000000085300000, 0x0000000085400000|  0%| F|  |TAMS 0x0000000085300000, 0x0000000085300000| Untracked 
|  54|0x0000000085400000, 0x0000000085400000, 0x0000000085500000|  0%| F|  |TAMS 0x0000000085400000, 0x0000000085400000| Untracked 
|  55|0x0000000085500000, 0x0000000085500000, 0x0000000085600000|  0%| F|  |TAMS 0x0000000085500000, 0x0000000085500000| Untracked 
|  56|0x0000000085600000, 0x0000000085600000, 0x0000000085700000|  0%| F|  |TAMS 0x0000000085600000, 0x0000000085600000| Untracked 
|  57|0x0000000085700000, 0x0000000085700000, 0x0000000085800000|  0%| F|  |TAMS 0x0000000085700000, 0x0000000085700000| Untracked 
|  58|0x0000000085800000, 0x0000000085800000, 0x0000000085900000|  0%| F|  |TAMS 0x0000000085800000, 0x0000000085800000| Untracked 
|  59|0x0000000085900000, 0x0000000085900000, 0x0000000085a00000|  0%| F|  |TAMS 0x0000000085900000, 0x0000000085900000| Untracked 
|  60|0x0000000085a00000, 0x0000000085a00000, 0x0000000085b00000|  0%| F|  |TAMS 0x0000000085a00000, 0x0000000085a00000| Untracked 
|  61|0x0000000085b00000, 0x0000000085b00000, 0x0000000085c00000|  0%| F|  |TAMS 0x0000000085b00000, 0x0000000085b00000| Untracked 
|  62|0x0000000085c00000, 0x0000000085c00000, 0x0000000085d00000|  0%| F|  |TAMS 0x0000000085c00000, 0x0000000085c00000| Untracked 
|  63|0x0000000085d00000, 0x0000000085d00000, 0x0000000085e00000|  0%| F|  |TAMS 0x0000000085d00000, 0x0000000085d00000| Untracked 
|  64|0x0000000085e00000, 0x0000000085e00000, 0x0000000085f00000|  0%| F|  |TAMS 0x0000000085e00000, 0x0000000085e00000| Untracked 
|  65|0x0000000085f00000, 0x0000000085f00000, 0x0000000086000000|  0%| F|  |TAMS 0x0000000085f00000, 0x0000000085f00000| Untracked 
|  66|0x0000000086000000, 0x0000000086000000, 0x0000000086100000|  0%| F|  |TAMS 0x0000000086000000, 0x0000000086000000| Untracked 
|  67|0x0000000086100000, 0x0000000086100000, 0x0000000086200000|  0%| F|  |TAMS 0x0000000086100000, 0x0000000086100000| Untracked 
|  68|0x0000000086200000, 0x0000000086200000, 0x0000000086300000|  0%| F|  |TAMS 0x0000000086200000, 0x0000000086200000| Untracked 
|  69|0x0000000086300000, 0x0000000086300000, 0x0000000086400000|  0%| F|  |TAMS 0x0000000086300000, 0x0000000086300000| Untracked 
|  70|0x0000000086400000, 0x0000000086400000, 0x0000000086500000|  0%| F|  |TAMS 0x0000000086400000, 0x0000000086400000| Untracked 
|  71|0x0000000086500000, 0x0000000086500000, 0x0000000086600000|  0%| F|  |TAMS 0x0000000086500000, 0x0000000086500000| Untracked 
|  72|0x0000000086600000, 0x0000000086600000, 0x0000000086700000|  0%| F|  |TAMS 0x0000000086600000, 0x0000000086600000| Untracked 
|  73|0x0000000086700000, 0x0000000086700000, 0x0000000086800000|  0%| F|  |TAMS 0x0000000086700000, 0x0000000086700000| Untracked 
|  74|0x0000000086800000, 0x0000000086800000, 0x0000000086900000|  0%| F|  |TAMS 0x0000000086800000, 0x0000000086800000| Untracked 
|  75|0x0000000086900000, 0x0000000086900000, 0x0000000086a00000|  0%| F|  |TAMS 0x0000000086900000, 0x0000000086900000| Untracked 
|  76|0x0000000086a00000, 0x0000000086a00000, 0x0000000086b00000|  0%| F|  |TAMS 0x0000000086a00000, 0x0000000086a00000| Untracked 
|  77|0x0000000086b00000, 0x0000000086b00000, 0x0000000086c00000|  0%| F|  |TAMS 0x0000000086b00000, 0x0000000086b00000| Untracked 
|  78|0x0000000086c00000, 0x0000000086c00000, 0x0000000086d00000|  0%| F|  |TAMS 0x0000000086c00000, 0x0000000086c00000| Untracked 
|  79|0x0000000086d00000, 0x0000000086d00000, 0x0000000086e00000|  0%| F|  |TAMS 0x0000000086d00000, 0x0000000086d00000| Untracked 
|  80|0x0000000086e00000, 0x0000000086e00000, 0x0000000086f00000|  0%| F|  |TAMS 0x0000000086e00000, 0x0000000086e00000| Untracked 
|  81|0x0000000086f00000, 0x0000000086f00000, 0x0000000087000000|  0%| F|  |TAMS 0x0000000086f00000, 0x0000000086f00000| Untracked 
|  82|0x0000000087000000, 0x0000000087000000, 0x0000000087100000|  0%| F|  |TAMS 0x0000000087000000, 0x0000000087000000| Untracked 
|  83|0x0000000087100000, 0x0000000087100000, 0x0000000087200000|  0%| F|  |TAMS 0x0000000087100000, 0x0000000087100000| Untracked 
|  84|0x0000000087200000, 0x0000000087200000, 0x0000000087300000|  0%| F|  |TAMS 0x0000000087200000, 0x0000000087200000| Untracked 
|  85|0x0000000087300000, 0x0000000087300000, 0x0000000087400000|  0%| F|  |TAMS 0x0000000087300000, 0x0000000087300000| Untracked 
|  86|0x0000000087400000, 0x0000000087400000, 0x0000000087500000|  0%| F|  |TAMS 0x0000000087400000, 0x0000000087400000| Untracked 
|  87|0x0000000087500000, 0x0000000087500000, 0x0000000087600000|  0%| F|  |TAMS 0x0000000087500000, 0x0000000087500000| Untracked 
|  88|0x0000000087600000, 0x0000000087600000, 0x0000000087700000|  0%| F|  |TAMS 0x0000000087600000, 0x0000000087600000| Untracked 
|  89|0x0000000087700000, 0x0000000087700000, 0x0000000087800000|  0%| F|  |TAMS 0x0000000087700000, 0x0000000087700000| Untracked 
|  90|0x0000000087800000, 0x0000000087800000, 0x0000000087900000|  0%| F|  |TAMS 0x0000000087800000, 0x0000000087800000| Untracked 
|  91|0x0000000087900000, 0x0000000087900000, 0x0000000087a00000|  0%| F|  |TAMS 0x0000000087900000, 0x0000000087900000| Untracked 
|  92|0x0000000087a00000, 0x0000000087a00000, 0x0000000087b00000|  0%| F|  |TAMS 0x0000000087a00000, 0x0000000087a00000| Untracked 
|  93|0x0000000087b00000, 0x0000000087b00000, 0x0000000087c00000|  0%| F|  |TAMS 0x0000000087b00000, 0x0000000087b00000| Untracked 
|  94|0x0000000087c00000, 0x0000000087c00000, 0x0000000087d00000|  0%| F|  |TAMS 0x0000000087c00000, 0x0000000087c00000| Untracked 
|  95|0x0000000087d00000, 0x0000000087d00000, 0x0000000087e00000|  0%| F|  |TAMS 0x0000000087d00000, 0x0000000087d00000| Untracked 
|  96|0x0000000087e00000, 0x0000000087e00000, 0x0000000087f00000|  0%| F|  |TAMS 0x0000000087e00000, 0x0000000087e00000| Untracked 
|  97|0x0000000087f00000, 0x0000000087f00000, 0x0000000088000000|  0%| F|  |TAMS 0x0000000087f00000, 0x0000000087f00000| Untracked 
|  98|0x0000000088000000, 0x0000000088000000, 0x0000000088100000|  0%| F|  |TAMS 0x0000000088000000, 0x0000000088000000| Untracked 
|  99|0x0000000088100000, 0x0000000088100000, 0x0000000088200000|  0%| F|  |TAMS 0x0000000088100000, 0x0000000088100000| Untracked 
| 100|0x0000000088200000, 0x0000000088200000, 0x0000000088300000|  0%| F|  |TAMS 0x0000000088200000, 0x0000000088200000| Untracked 
| 101|0x0000000088300000, 0x0000000088300000, 0x0000000088400000|  0%| F|  |TAMS 0x0000000088300000, 0x0000000088300000| Untracked 
| 102|0x0000000088400000, 0x0000000088400000, 0x0000000088500000|  0%| F|  |TAMS 0x0000000088400000, 0x0000000088400000| Untracked 
| 103|0x0000000088500000, 0x0000000088500000, 0x0000000088600000|  0%| F|  |TAMS 0x0000000088500000, 0x0000000088500000| Untracked 
| 104|0x0000000088600000, 0x0000000088600000, 0x0000000088700000|  0%| F|  |TAMS 0x0000000088600000, 0x0000000088600000| Untracked 
| 105|0x0000000088700000, 0x0000000088700000, 0x0000000088800000|  0%| F|  |TAMS 0x0000000088700000, 0x0000000088700000| Untracked 
| 106|0x0000000088800000, 0x0000000088800000, 0x0000000088900000|  0%| F|  |TAMS 0x0000000088800000, 0x0000000088800000| Untracked 
| 107|0x0000000088900000, 0x0000000088900000, 0x0000000088a00000|  0%| F|  |TAMS 0x0000000088900000, 0x0000000088900000| Untracked 
| 108|0x0000000088a00000, 0x0000000088a00000, 0x0000000088b00000|  0%| F|  |TAMS 0x0000000088a00000, 0x0000000088a00000| Untracked 
| 109|0x0000000088b00000, 0x0000000088b00000, 0x0000000088c00000|  0%| F|  |TAMS 0x0000000088b00000, 0x0000000088b00000| Untracked 
| 110|0x0000000088c00000, 0x0000000088c00000, 0x0000000088d00000|  0%| F|  |TAMS 0x0000000088c00000, 0x0000000088c00000| Untracked 
| 111|0x0000000088d00000, 0x0000000088d00000, 0x0000000088e00000|  0%| F|  |TAMS 0x0000000088d00000, 0x0000000088d00000| Untracked 
| 112|0x0000000088e00000, 0x0000000088e00000, 0x0000000088f00000|  0%| F|  |TAMS 0x0000000088e00000, 0x0000000088e00000| Untracked 
| 113|0x0000000088f00000, 0x0000000088f00000, 0x0000000089000000|  0%| F|  |TAMS 0x0000000088f00000, 0x0000000088f00000| Untracked 
| 114|0x0000000089000000, 0x0000000089000000, 0x0000000089100000|  0%| F|  |TAMS 0x0000000089000000, 0x0000000089000000| Untracked 
| 115|0x0000000089100000, 0x0000000089100000, 0x0000000089200000|  0%| F|  |TAMS 0x0000000089100000, 0x0000000089100000| Untracked 
| 116|0x0000000089200000, 0x0000000089200000, 0x0000000089300000|  0%| F|  |TAMS 0x0000000089200000, 0x0000000089200000| Untracked 
| 117|0x0000000089300000, 0x0000000089300000, 0x0000000089400000|  0%| F|  |TAMS 0x0000000089300000, 0x0000000089300000| Untracked 
| 118|0x0000000089400000, 0x0000000089400000, 0x0000000089500000|  0%| F|  |TAMS 0x0000000089400000, 0x0000000089400000| Untracked 
| 119|0x0000000089500000, 0x0000000089500000, 0x0000000089600000|  0%| F|  |TAMS 0x0000000089500000, 0x0000000089500000| Untracked 
| 120|0x0000000089600000, 0x0000000089600000, 0x0000000089700000|  0%| F|  |TAMS 0x0000000089600000, 0x0000000089600000| Untracked 
| 121|0x0000000089700000, 0x0000000089700000, 0x0000000089800000|  0%| F|  |TAMS 0x0000000089700000, 0x0000000089700000| Untracked 
| 122|0x0000000089800000, 0x0000000089800000, 0x0000000089900000|  0%| F|  |TAMS 0x0000000089800000, 0x0000000089800000| Untracked 
| 123|0x0000000089900000, 0x0000000089900000, 0x0000000089a00000|  0%| F|  |TAMS 0x0000000089900000, 0x0000000089900000| Untracked 
| 124|0x0000000089a00000, 0x0000000089a00000, 0x0000000089b00000|  0%| F|  |TAMS 0x0000000089a00000, 0x0000000089a00000| Untracked 
| 125|0x0000000089b00000, 0x0000000089b00000, 0x0000000089c00000|  0%| F|  |TAMS 0x0000000089b00000, 0x0000000089b00000| Untracked 
| 126|0x0000000089c00000, 0x0000000089c00000, 0x0000000089d00000|  0%| F|  |TAMS 0x0000000089c00000, 0x0000000089c00000| Untracked 
| 127|0x0000000089d00000, 0x0000000089d42960, 0x0000000089e00000| 26%| E|  |TAMS 0x0000000089d00000, 0x0000000089d00000| Complete 

Card table byte_map: [0x000001def0d10000,0x000001def1110000] _byte_map_base: 0x000001def0901000

Marking Bits (Prev, Next): (CMBitMap*) 0x000001dede2b0ff0, (CMBitMap*) 0x000001dede2b1030
 Prev Bits: [0x000001def1510000, 0x000001def3498000)
 Next Bits: [0x000001def34a0000, 0x000001def5428000)

GC Heap History (0 events):
No events

Dll operation events (1 events):
Event: 0.008 Loaded shared library C:\Users\PC\.p2\pool\plugins\org.eclipse.justj.openjdk.hotspot.jre.full.win32.x86_64_17.0.8.v20230831-1047\jre\bin\java.dll

Deoptimization events (0 events):
No events

Classes unloaded (0 events):
No events

Classes redefined (0 events):
No events

Internal exceptions (0 events):
No events

VM Operations (0 events):
No events

Events (20 events):
Event: 0.043 loading class java/lang/AutoCloseable
Event: 0.043 loading class java/lang/AutoCloseable done
Event: 0.043 loading class java/io/Closeable done
Event: 0.043 loading class java/io/InputStream done
Event: 0.043 loading class java/io/ByteArrayInputStream done
Event: 0.043 loading class java/net/URL
Event: 0.043 loading class java/net/URL done
Event: 0.043 loading class java/util/jar/Manifest
Event: 0.043 loading class java/util/jar/Manifest done
Event: 0.043 loading class jdk/internal/loader/BuiltinClassLoader
Event: 0.044 loading class jdk/internal/loader/BuiltinClassLoader done
Event: 0.044 loading class jdk/internal/loader/ClassLoaders
Event: 0.044 loading class jdk/internal/loader/ClassLoaders done
Event: 0.044 loading class jdk/internal/loader/ClassLoaders$AppClassLoader
Event: 0.044 loading class jdk/internal/loader/ClassLoaders$AppClassLoader done
Event: 0.044 loading class jdk/internal/loader/ClassLoaders$PlatformClassLoader
Event: 0.044 loading class jdk/internal/loader/ClassLoaders$PlatformClassLoader done
Event: 0.044 loading class java/security/CodeSource
Event: 0.044 loading class java/security/CodeSource done
Event: 0.044 loading class java/util/concurrent/ConcurrentHashMap


Dynamic libraries:
0x00007ff679d90000 - 0x00007ff679d9e000 	C:\Users\PC\.p2\pool\plugins\org.eclipse.justj.openjdk.hotspot.jre.full.win32.x86_64_17.0.8.v20230831-1047\jre\bin\javaw.exe
0x00007ffc314f0000 - 0x00007ffc316d0000 	C:\Windows\SYSTEM32\ntdll.dll
0x00007ffc001f0000 - 0x00007ffc00209000 	C:\Program Files\Avast Software\Avast\aswhook.dll
0x00007ffc31410000 - 0x00007ffc314be000 	C:\Windows\System32\KERNEL32.DLL
0x00007ffc2da50000 - 0x00007ffc2dcb6000 	C:\Windows\System32\KERNELBASE.dll
0x00007ffc2e8c0000 - 0x00007ffc2e9b6000 	C:\Windows\System32\ucrtbase.dll
0x00007ffc1f1c0000 - 0x00007ffc1f1d7000 	C:\Users\PC\.p2\pool\plugins\org.eclipse.justj.openjdk.hotspot.jre.full.win32.x86_64_17.0.8.v20230831-1047\jre\bin\jli.dll
0x00007ffc31280000 - 0x00007ffc3140f000 	C:\Windows\System32\USER32.dll
0x00007ffc2e410000 - 0x00007ffc2e430000 	C:\Windows\System32\win32u.dll
0x00007ffc2f450000 - 0x00007ffc2f478000 	C:\Windows\System32\GDI32.dll
0x00007ffc2e430000 - 0x00007ffc2e5c3000 	C:\Windows\System32\gdi32full.dll
0x00007ffc2e820000 - 0x00007ffc2e8bb000 	C:\Windows\System32\msvcp_win.dll
0x00007ffc1ee30000 - 0x00007ffc1ee49000 	C:\Users\PC\.p2\pool\plugins\org.eclipse.justj.openjdk.hotspot.jre.full.win32.x86_64_17.0.8.v20230831-1047\jre\bin\VCRUNTIME140.dll
0x00007ffc153e0000 - 0x00007ffc15649000 	C:\Windows\WinSxS\amd64_microsoft.windows.common-controls_6595b64144ccf1df_6.0.16299.98_none_cc930a042215c348\COMCTL32.dll
0x00007ffc310f0000 - 0x00007ffc3118d000 	C:\Windows\System32\msvcrt.dll
0x00007ffc30a40000 - 0x00007ffc30d48000 	C:\Windows\System32\combase.dll
0x00007ffc2f330000 - 0x00007ffc2f44f000 	C:\Windows\System32\RPCRT4.dll
0x00007ffc2e7a0000 - 0x00007ffc2e812000 	C:\Windows\System32\bcryptPrimitives.dll
0x00007ffc31250000 - 0x00007ffc3127d000 	C:\Windows\System32\IMM32.DLL
0x00007ffc27110000 - 0x00007ffc2711c000 	C:\Users\PC\.p2\pool\plugins\org.eclipse.justj.openjdk.hotspot.jre.full.win32.x86_64_17.0.8.v20230831-1047\jre\bin\vcruntime140_1.dll
0x00007ffc0b900000 - 0x00007ffc0b991000 	C:\Users\PC\.p2\pool\plugins\org.eclipse.justj.openjdk.hotspot.jre.full.win32.x86_64_17.0.8.v20230831-1047\jre\bin\msvcp140.dll
0x00007ffbec360000 - 0x00007ffbecfac000 	C:\Users\PC\.p2\pool\plugins\org.eclipse.justj.openjdk.hotspot.jre.full.win32.x86_64_17.0.8.v20230831-1047\jre\bin\server\jvm.dll
0x00007ffc2e9c0000 - 0x00007ffc2ea61000 	C:\Windows\System32\ADVAPI32.dll
0x00007ffc2f5a0000 - 0x00007ffc2f5fb000 	C:\Windows\System32\sechost.dll
0x00007ffc2d860000 - 0x00007ffc2d8ac000 	C:\Windows\System32\POWRPROF.dll
0x00007ffc1dd70000 - 0x00007ffc1dd79000 	C:\Windows\SYSTEM32\WSOCK32.dll
0x00007ffc2f490000 - 0x00007ffc2f4fc000 	C:\Windows\System32\WS2_32.dll
0x00007ffc27c40000 - 0x00007ffc27c63000 	C:\Windows\SYSTEM32\WINMM.dll
0x00007ffc21950000 - 0x00007ffc2195a000 	C:\Windows\SYSTEM32\VERSION.dll
0x00007ffc27c10000 - 0x00007ffc27c3a000 	C:\Windows\SYSTEM32\WINMMBASE.dll
0x00007ffc2d9a0000 - 0x00007ffc2d9ea000 	C:\Windows\System32\cfgmgr32.dll
0x00007ffc2d8d0000 - 0x00007ffc2d8e1000 	C:\Windows\System32\kernel.appcore.dll
0x00007ffc27160000 - 0x00007ffc2716a000 	C:\Users\PC\.p2\pool\plugins\org.eclipse.justj.openjdk.hotspot.jre.full.win32.x86_64_17.0.8.v20230831-1047\jre\bin\jimage.dll
0x00007ffc292f0000 - 0x00007ffc294b8000 	C:\Windows\SYSTEM32\DBGHELP.DLL
0x00007ffc237d0000 - 0x00007ffc237f9000 	C:\Windows\SYSTEM32\dbgcore.DLL
0x00007ffc25190000 - 0x00007ffc251b5000 	C:\Users\PC\.p2\pool\plugins\org.eclipse.justj.openjdk.hotspot.jre.full.win32.x86_64_17.0.8.v20230831-1047\jre\bin\java.dll
0x00007ffc1eed0000 - 0x00007ffc1eee8000 	C:\Users\PC\.p2\pool\plugins\org.eclipse.justj.openjdk.hotspot.jre.full.win32.x86_64_17.0.8.v20230831-1047\jre\bin\zip.dll

dbghelp: loaded successfully - version: 4.0.5 - missing functions: none
symbol engine: initialized successfully - sym options: 0x614 - pdb path: .;C:\Users\PC\.p2\pool\plugins\org.eclipse.justj.openjdk.hotspot.jre.full.win32.x86_64_17.0.8.v20230831-1047\jre\bin;C:\Windows\SYSTEM32;C:\Program Files\Avast Software\Avast;C:\Windows\WinSxS\amd64_microsoft.windows.common-controls_6595b64144ccf1df_6.0.16299.98_none_cc930a042215c348;C:\Users\PC\.p2\pool\plugins\org.eclipse.justj.openjdk.hotspot.jre.full.win32.x86_64_17.0.8.v20230831-1047\jre\bin\server

VM Arguments:
jvm_args: -Dfile.encoding=UTF-8 -Dstdout.encoding=UTF-8 -Dstderr.encoding=UTF-8 --module-path=C:\Users\PC\Desktop\UBA_App\UBA_Bank\bin;C:\Users\PC\Desktop\UBA_App\UBA_Bank\src\Libs\mysql-connector-j-8.2.0.jar -XX:+ShowCodeDetailsInExceptionMessages -Djdk.module.main=UBA_Bank 
java_command: UBA_Bank/Page.Login
java_class_path (initial): C:\Users\PC\Desktop\UBA_App\UBA_Bank\src\Libs\mysql-connector-j-8.4.0\mysql-connector-j-8.4.0.jar
Launcher Type: SUN_STANDARD

[Global flags]
     intx CICompilerCount                          = 3                                         {product} {ergonomic}
     uint ConcGCThreads                            = 1                                         {product} {ergonomic}
     uint G1ConcRefinementThreads                  = 4                                         {product} {ergonomic}
   size_t G1HeapRegionSize                         = 1048576                                   {product} {ergonomic}
    uintx GCDrainStackTargetSize                   = 64                                        {product} {ergonomic}
   size_t InitialHeapSize                          = 134217728                                 {product} {ergonomic}
   size_t MarkStackSize                            = 4194304                                   {product} {ergonomic}
   size_t MaxHeapSize                              = 2116026368                                {product} {ergonomic}
   size_t MaxNewSize                               = 1268776960                                {product} {ergonomic}
   size_t MinHeapDeltaBytes                        = 1048576                                   {product} {ergonomic}
   size_t MinHeapSize                              = 8388608                                   {product} {ergonomic}
    uintx NonNMethodCodeHeapSize                   = 5832780                                {pd product} {ergonomic}
    uintx NonProfiledCodeHeapSize                  = 122912730                              {pd product} {ergonomic}
    uintx ProfiledCodeHeapSize                     = 122912730                              {pd product} {ergonomic}
    uintx ReservedCodeCacheSize                    = 251658240                              {pd product} {ergonomic}
     bool SegmentedCodeCache                       = true                                      {product} {ergonomic}
     bool ShowCodeDetailsInExceptionMessages       = true                                   {manageable} {command line}
   size_t SoftMaxHeapSize                          = 2116026368                             {manageable} {ergonomic}
     bool UseCompressedClassPointers               = true                           {product lp64_product} {ergonomic}
     bool UseCompressedOops                        = true                           {product lp64_product} {ergonomic}
     bool UseG1GC                                  = true                                      {product} {ergonomic}
     bool UseLargePagesIndividualAllocation        = false                                  {pd product} {ergonomic}

Logging:
Log output configuration:
 #0: stdout all=warning uptime,level,tags
 #1: stderr all=off uptime,level,tags

Environment Variables:
PATH=C:/Users/PC/.p2/pool/plugins/org.eclipse.justj.openjdk.hotspot.jre.full.win32.x86_64_17.0.8.v20230831-1047/jre/bin/server;C:/Users/PC/.p2/pool/plugins/org.eclipse.justj.openjdk.hotspot.jre.full.win32.x86_64_17.0.8.v20230831-1047/jre/bin;C:\MinGW\bin;C:\Program Files\Java\jdk-14.0.1\bin;C:\Program Files\Dart;C:\Program Files\dotnet;C:\Program Files\Swift\runtime-development\usr\bin;C:\Program Files\Swift;C:\Program Files\Dart\dart-sdk\bin;C:\Users\PC\AppData\Roaming\Microsoft\Windows\Start Menu\Programs\Python 3.11;C:\MinGW;c:\mingw\lib\gcc\mingw32\4.8.1\include\c++;C:\MinGW\lib\gcc\mingw32\4.8.1\include;C:\MinGW\include;C:\Program Files\MinGW\bin;C:\Users\PC\Desktop\SQL2022\SQLEXPR_x64_ENU;C:\wamp64\bin\mysql\mysql8.0.31\bin;C:\Users\PC\Desktop\java\WindowBuilder-Updates-1.13.0\features;C:\Users\PC\Desktop\java\WindowBuilder-Updates-1.13.0\plugins;C:\Users\PC\Desktop\java\WindowBuilder-Updates-1.13.0;C:\Qt\qtcreator-3.4.2\bin;C:\Program Files\kotlinc\bin;C:\Ruby32-x64\bin;C:\Program Files\kotlinc\lib;C:\Program Files\kotlinc;C:\kotlincc;C:\Program Files\MongoDB\Server\7.0\bin;C:\wamp64\bin\mysql\mysql8.0.31\bin;C:\Program Files\nodejs\;C:\Program Files\nodejs\node_modules\npm\bin;C:\Program Files\Git\cmd;C:\Program Files\php;C:\VSCodeSetup-x64-1.71.0;C:\ProgramData\ComposerSetup\bin;C:\wamp64\bin\php\php8.2.0;C:\SQLITE;C:\Ruby32-x64\bin;C:\Users\PC\AppData\Local\Programs\Python\Python311\Scripts\;C:\Users\PC\AppData\Local\Programs\Python\Python311\;C:\Program Files\Java;C:\Users\PC\.dotnet\tools;c:\mingw\lib\gcc\mingw32\;C:\Users\PC\AppData\Roaming\npm;C:\Users\PC\AppData\Roaming\Composer\vendor\bin;C:\Windows\System32;
USERNAME=PC
OS=Windows_NT
PROCESSOR_IDENTIFIER=Intel64 Family 6 Model 78 Stepping 3, GenuineIntel
TMP=C:\Users\PC\AppData\Local\Temp
TEMP=C:\Users\PC\AppData\Local\Temp



---------------  S Y S T E M  ---------------

OS:
 Windows 10 , 64 bit Build 16299 (10.0.16299.15)
OS uptime: 0 days 6:58 hours

CPU: total 4 (initial active 4) (2 cores per cpu, 2 threads per core) family 6 model 78 stepping 3 microcode 0xea, cx8, cmov, fxsr, ht, mmx, 3dnowpref, sse, sse2, sse3, ssse3, sse4.1, sse4.2, popcnt, lzcnt, tsc, tscinvbit, avx, avx2, aes, erms, clmul, bmi1, bmi2, adx, fma, vzeroupper, clflush, clflushopt
Processor Information for all 4 processors :
  Max Mhz: 2400, Current Mhz: 2300, Mhz Limit: 2280

Memory: 4k page, system-wide physical 8071M (2497M free)
TotalPageFile size 9976M (AvailPageFile size 3M)
current process WorkingSet (physical memory assigned to process): 17M, peak: 17M
current process commit charge ("private bytes"): 188M, peak: 188M

vm_info: OpenJDK 64-Bit Server VM (17.0.8.1+1) for windows-amd64 JRE (17.0.8.1+1), built on Aug 23 2023 15:29:17 by "admin" with MS VC++ 16.7 (VS2019)

END.
