#
# There is insufficient memory for the Java Runtime Environment to continue.
# Native memory allocation (mmap) failed to map 134217728 bytes for G1 virtual space
# Possible reasons:
#   The system is out of physical RAM or swap space
#   The process is running with CompressedOops enabled, and the Java Heap may be blocking the growth of the native heap
# Possible solutions:
#   Reduce memory load on the system
#   Increase physical memory or swap space
#   Check if swap backing store is full
#   Decrease Java heap size (-Xmx/-Xms)
#   Decrease number of Java threads
#   Decrease Java thread stack sizes (-Xss)
#   Set larger code cache with -XX:ReservedCodeCacheSize=
#   JVM is running with Unscaled Compressed Oops mode in which the Java heap is
#     placed in the first 4GB address space. The Java Heap base address is the
#     maximum limit for the native heap growth. Please use -XX:HeapBaseMinAddress
#     to set the Java Heap base and to place the Java Heap above 4GB virtual address.
# This output file may be truncated or incomplete.
#
#  Out of Memory Error (os_windows.cpp:3617), pid=8856, tid=12476
#
# JRE version:  (17.0.8.1+1) (build )
# Java VM: OpenJDK 64-Bit Server VM (17.0.8.1+1, mixed mode, sharing, tiered, compressed oops, compressed class ptrs, g1 gc, windows-amd64)
# No core dump will be written. Minidumps are not enabled by default on client versions of Windows
#

---------------  S U M M A R Y ------------

Command Line: -Dfile.encoding=UTF-8 -Dstdout.encoding=UTF-8 -Dstderr.encoding=UTF-8 --module-path=C:\Users\PC\Desktop\UBA_App\UBA_Bank\bin;C:\Users\PC\Desktop\UBA_App\UBA_Bank\src\Libs\mysql-connector-j-8.2.0.jar -XX:+ShowCodeDetailsInExceptionMessages -Djdk.module.main=UBA_Bank UBA_Bank/Administration.Administration_Clients

Host: Intel(R) Core(TM) i5-6200U CPU @ 2.30GHz, 4 cores, 7G,  Windows 10 , 64 bit Build 16299 (10.0.16299.15)
Time: Sat May 25 16:16:25 2024 W. Central Africa Standard Time elapsed time: 0.013028 seconds (0d 0h 0m 0s)

---------------  T H R E A D  ---------------

Current thread (0x000001925280cfd0):  JavaThread "Unknown thread" [_thread_in_vm, id=12476, stack(0x0000000f2ea00000,0x0000000f2eb00000)]

Stack: [0x0000000f2ea00000,0x0000000f2eb00000]
Native frames: (J=compiled Java code, j=interpreted, Vv=VM code, C=native code)
V  [jvm.dll+0x678b0a]
V  [jvm.dll+0x835e84]
V  [jvm.dll+0x83762e]
V  [jvm.dll+0x837c93]
V  [jvm.dll+0x24746f]
V  [jvm.dll+0x675859]
V  [jvm.dll+0x66a0ea]
V  [jvm.dll+0x306c7b]
V  [jvm.dll+0x30e166]
V  [jvm.dll+0x35dd3e]
V  [jvm.dll+0x35df6f]
V  [jvm.dll+0x2ddb48]
V  [jvm.dll+0x2deab4]
V  [jvm.dll+0x807f31]
V  [jvm.dll+0x36bb21]
V  [jvm.dll+0x7e733c]
V  [jvm.dll+0x3ee4af]
V  [jvm.dll+0x3f00c1]
C  [jli.dll+0x528b]
C  [ucrtbase.dll+0x1d885]
C  [KERNEL32.DLL+0x11fe4]
C  [ntdll.dll+0x6ef91]


---------------  P R O C E S S  ---------------

Threads class SMR info:
_java_thread_list=0x00007ffbf05ca018, length=0, elements={
}

Java Threads: ( => current thread )

Other Threads:
  0x00000192548d2150 GCTaskThread "GC Thread#0" [stack: 0x0000000f2eb00000,0x0000000f2ec00000] [id=3576]
  0x00000192548e3970 ConcurrentGCThread "G1 Main Marker" [stack: 0x0000000f2ec00000,0x0000000f2ed00000] [id=12688]
  0x00000192548e4380 ConcurrentGCThread "G1 Conc#0" [stack: 0x0000000f2ed00000,0x0000000f2ee00000] [id=11252]

[error occurred during error reporting (printing all threads), id 0xc0000005, EXCEPTION_ACCESS_VIOLATION (0xc0000005) at pc=0x00007ffbefd9e587]

VM state: not at safepoint (not fully initialized)

VM Mutex/Monitor currently owned by a thread:  ([mutex/lock_event])
[0x00000192548763a0] Heap_lock - owner thread: 0x000001925280cfd0

Heap address: 0x0000000081e00000, size: 2018 MB, Compressed Oops mode: 32-bit

CDS archive(s) mapped at: [0x0000000000000000-0x0000000000000000-0x0000000000000000), size 0, SharedBaseAddress: 0x0000000800000000, ArchiveRelocationMode: 1.
Narrow klass base: 0x0000000000000000, Narrow klass shift: 0, Narrow klass range: 0x0

GC Precious Log:
<Empty>

Heap:
 garbage-first heap   total 0K, used 0K [0x0000000081e00000, 0x0000000100000000)
  region size 1024K, 0 young (0K), 0 survivors (0K)

[error occurred during error reporting (printing heap information), id 0xc0000005, EXCEPTION_ACCESS_VIOLATION (0xc0000005) at pc=0x00007ffbf0182699]

GC Heap History (0 events):
No events

Dll operation events (1 events):
Event: 0.007 Loaded shared library C:\Users\PC\.p2\pool\plugins\org.eclipse.justj.openjdk.hotspot.jre.full.win32.x86_64_17.0.8.v20230831-1047\jre\bin\java.dll

Deoptimization events (0 events):
No events

Classes unloaded (0 events):
No events

Classes redefined (0 events):
No events

Internal exceptions (0 events):
No events

VM Operations (0 events):
No events

Events (0 events):
No events


Dynamic libraries:
0x00007ff788600000 - 0x00007ff78860e000 	C:\Users\PC\.p2\pool\plugins\org.eclipse.justj.openjdk.hotspot.jre.full.win32.x86_64_17.0.8.v20230831-1047\jre\bin\javaw.exe
0x00007ffc314f0000 - 0x00007ffc316d0000 	C:\Windows\SYSTEM32\ntdll.dll
0x00007ffc001f0000 - 0x00007ffc00209000 	C:\Program Files\Avast Software\Avast\aswhook.dll
0x00007ffc31410000 - 0x00007ffc314be000 	C:\Windows\System32\KERNEL32.DLL
0x00007ffc2da50000 - 0x00007ffc2dcb6000 	C:\Windows\System32\KERNELBASE.dll
0x00007ffc2e8c0000 - 0x00007ffc2e9b6000 	C:\Windows\System32\ucrtbase.dll
0x00007ffc28660000 - 0x00007ffc28677000 	C:\Users\PC\.p2\pool\plugins\org.eclipse.justj.openjdk.hotspot.jre.full.win32.x86_64_17.0.8.v20230831-1047\jre\bin\jli.dll
0x00007ffc28640000 - 0x00007ffc28659000 	C:\Users\PC\.p2\pool\plugins\org.eclipse.justj.openjdk.hotspot.jre.full.win32.x86_64_17.0.8.v20230831-1047\jre\bin\VCRUNTIME140.dll
0x00007ffc31280000 - 0x00007ffc3140f000 	C:\Windows\System32\USER32.dll
0x00007ffc2e410000 - 0x00007ffc2e430000 	C:\Windows\System32\win32u.dll
0x00007ffc2f450000 - 0x00007ffc2f478000 	C:\Windows\System32\GDI32.dll
0x00007ffc2e430000 - 0x00007ffc2e5c3000 	C:\Windows\System32\gdi32full.dll
0x00007ffc153e0000 - 0x00007ffc15649000 	C:\Windows\WinSxS\amd64_microsoft.windows.common-controls_6595b64144ccf1df_6.0.16299.98_none_cc930a042215c348\COMCTL32.dll
0x00007ffc2e820000 - 0x00007ffc2e8bb000 	C:\Windows\System32\msvcp_win.dll
0x00007ffc310f0000 - 0x00007ffc3118d000 	C:\Windows\System32\msvcrt.dll
0x00007ffc30a40000 - 0x00007ffc30d48000 	C:\Windows\System32\combase.dll
0x00007ffc2f330000 - 0x00007ffc2f44f000 	C:\Windows\System32\RPCRT4.dll
0x00007ffc2e7a0000 - 0x00007ffc2e812000 	C:\Windows\System32\bcryptPrimitives.dll
0x00007ffc31250000 - 0x00007ffc3127d000 	C:\Windows\System32\IMM32.DLL
0x00007ffc28b60000 - 0x00007ffc28b6c000 	C:\Users\PC\.p2\pool\plugins\org.eclipse.justj.openjdk.hotspot.jre.full.win32.x86_64_17.0.8.v20230831-1047\jre\bin\vcruntime140_1.dll
0x00007ffc20b20000 - 0x00007ffc20bb1000 	C:\Users\PC\.p2\pool\plugins\org.eclipse.justj.openjdk.hotspot.jre.full.win32.x86_64_17.0.8.v20230831-1047\jre\bin\msvcp140.dll
0x00007ffbefab0000 - 0x00007ffbf06fc000 	C:\Users\PC\.p2\pool\plugins\org.eclipse.justj.openjdk.hotspot.jre.full.win32.x86_64_17.0.8.v20230831-1047\jre\bin\server\jvm.dll
0x00007ffc2e9c0000 - 0x00007ffc2ea61000 	C:\Windows\System32\ADVAPI32.dll
0x00007ffc2f5a0000 - 0x00007ffc2f5fb000 	C:\Windows\System32\sechost.dll
0x00007ffc2d860000 - 0x00007ffc2d8ac000 	C:\Windows\System32\POWRPROF.dll
0x00007ffc21950000 - 0x00007ffc2195a000 	C:\Windows\SYSTEM32\VERSION.dll
0x00007ffc27c40000 - 0x00007ffc27c63000 	C:\Windows\SYSTEM32\WINMM.dll
0x00007ffc1dd70000 - 0x00007ffc1dd79000 	C:\Windows\SYSTEM32\WSOCK32.dll
0x00007ffc2f490000 - 0x00007ffc2f4fc000 	C:\Windows\System32\WS2_32.dll
0x00007ffc27c10000 - 0x00007ffc27c3a000 	C:\Windows\SYSTEM32\WINMMBASE.dll
0x00007ffc2d9a0000 - 0x00007ffc2d9ea000 	C:\Windows\System32\cfgmgr32.dll
0x00007ffc2d8d0000 - 0x00007ffc2d8e1000 	C:\Windows\System32\kernel.appcore.dll
0x00007ffc286e0000 - 0x00007ffc286ea000 	C:\Users\PC\.p2\pool\plugins\org.eclipse.justj.openjdk.hotspot.jre.full.win32.x86_64_17.0.8.v20230831-1047\jre\bin\jimage.dll
0x00007ffc292f0000 - 0x00007ffc294b8000 	C:\Windows\SYSTEM32\DBGHELP.DLL
0x00007ffc237d0000 - 0x00007ffc237f9000 	C:\Windows\SYSTEM32\dbgcore.DLL
0x00007ffc285b0000 - 0x00007ffc285d5000 	C:\Users\PC\.p2\pool\plugins\org.eclipse.justj.openjdk.hotspot.jre.full.win32.x86_64_17.0.8.v20230831-1047\jre\bin\java.dll

dbghelp: loaded successfully - version: 4.0.5 - missing functions: none
symbol engine: initialized successfully - sym options: 0x614 - pdb path: .;C:\Users\PC\.p2\pool\plugins\org.eclipse.justj.openjdk.hotspot.jre.full.win32.x86_64_17.0.8.v20230831-1047\jre\bin;C:\Windows\SYSTEM32;C:\Program Files\Avast Software\Avast;C:\Windows\WinSxS\amd64_microsoft.windows.common-controls_6595b64144ccf1df_6.0.16299.98_none_cc930a042215c348;C:\Users\PC\.p2\pool\plugins\org.eclipse.justj.openjdk.hotspot.jre.full.win32.x86_64_17.0.8.v20230831-1047\jre\bin\server

VM Arguments:
jvm_args: -Dfile.encoding=UTF-8 -Dstdout.encoding=UTF-8 -Dstderr.encoding=UTF-8 --module-path=C:\Users\PC\Desktop\UBA_App\UBA_Bank\bin;C:\Users\PC\Desktop\UBA_App\UBA_Bank\src\Libs\mysql-connector-j-8.2.0.jar -XX:+ShowCodeDetailsInExceptionMessages -Djdk.module.main=UBA_Bank 
java_command: UBA_Bank/Administration.Administration_Clients
java_class_path (initial): C:\Users\PC\Desktop\UBA_App\UBA_Bank\src\Libs\mysql-connector-j-8.4.0\mysql-connector-j-8.4.0.jar
Launcher Type: SUN_STANDARD

[Global flags]
     intx CICompilerCount                          = 3                                         {product} {ergonomic}
     uint ConcGCThreads                            = 1                                         {product} {ergonomic}
     uint G1ConcRefinementThreads                  = 4                                         {product} {ergonomic}
   size_t G1HeapRegionSize                         = 1048576                                   {product} {ergonomic}
    uintx GCDrainStackTargetSize                   = 64                                        {product} {ergonomic}
   size_t InitialHeapSize                          = 134217728                                 {product} {ergonomic}
   size_t MarkStackSize                            = 4194304                                   {product} {ergonomic}
   size_t MaxHeapSize                              = 2116026368                                {product} {ergonomic}
   size_t MinHeapDeltaBytes                        = 1048576                                   {product} {ergonomic}
   size_t MinHeapSize                              = 8388608                                   {product} {ergonomic}
    uintx NonNMethodCodeHeapSize                   = 5832780                                {pd product} {ergonomic}
    uintx NonProfiledCodeHeapSize                  = 122912730                              {pd product} {ergonomic}
    uintx ProfiledCodeHeapSize                     = 122912730                              {pd product} {ergonomic}
    uintx ReservedCodeCacheSize                    = 251658240                              {pd product} {ergonomic}
     bool SegmentedCodeCache                       = true                                      {product} {ergonomic}
     bool ShowCodeDetailsInExceptionMessages       = true                                   {manageable} {command line}
   size_t SoftMaxHeapSize                          = 2116026368                             {manageable} {ergonomic}
     bool UseCompressedClassPointers               = true                           {product lp64_product} {ergonomic}
     bool UseCompressedOops                        = true                           {product lp64_product} {ergonomic}
     bool UseG1GC                                  = true                                      {product} {ergonomic}
     bool UseLargePagesIndividualAllocation        = false                                  {pd product} {ergonomic}

Logging:
Log output configuration:
 #0: stdout all=warning uptime,level,tags
 #1: stderr all=off uptime,level,tags

Environment Variables:
PATH=C:/Users/PC/.p2/pool/plugins/org.eclipse.justj.openjdk.hotspot.jre.full.win32.x86_64_17.0.8.v20230831-1047/jre/bin/server;C:/Users/PC/.p2/pool/plugins/org.eclipse.justj.openjdk.hotspot.jre.full.win32.x86_64_17.0.8.v20230831-1047/jre/bin;C:\MinGW\bin;C:\Program Files\Java\jdk-14.0.1\bin;C:\Program Files\Dart;C:\Program Files\dotnet;C:\Program Files\Swift\runtime-development\usr\bin;C:\Program Files\Swift;C:\Program Files\Dart\dart-sdk\bin;C:\Users\PC\AppData\Roaming\Microsoft\Windows\Start Menu\Programs\Python 3.11;C:\MinGW;c:\mingw\lib\gcc\mingw32\4.8.1\include\c++;C:\MinGW\lib\gcc\mingw32\4.8.1\include;C:\MinGW\include;C:\Program Files\MinGW\bin;C:\Users\PC\Desktop\SQL2022\SQLEXPR_x64_ENU;C:\wamp64\bin\mysql\mysql8.0.31\bin;C:\Users\PC\Desktop\java\WindowBuilder-Updates-1.13.0\features;C:\Users\PC\Desktop\java\WindowBuilder-Updates-1.13.0\plugins;C:\Users\PC\Desktop\java\WindowBuilder-Updates-1.13.0;C:\Qt\qtcreator-3.4.2\bin;C:\Program Files\kotlinc\bin;C:\Ruby32-x64\bin;C:\Program Files\kotlinc\lib;C:\Program Files\kotlinc;C:\kotlincc;C:\Program Files\MongoDB\Server\7.0\bin;C:\wamp64\bin\mysql\mysql8.0.31\bin;C:\Program Files\nodejs\;C:\Program Files\nodejs\node_modules\npm\bin;C:\Program Files\Git\cmd;C:\Program Files\php;C:\VSCodeSetup-x64-1.71.0;C:\ProgramData\ComposerSetup\bin;C:\wamp64\bin\php\php8.2.0;C:\SQLITE;C:\AnalyseSI-0.80;C:\Ruby32-x64\bin;C:\Users\PC\AppData\Local\Programs\Python\Python311\Scripts\;C:\Users\PC\AppData\Local\Programs\Python\Python311\;C:\Program Files\Java;C:\Users\PC\.dotnet\tools;c:\mingw\lib\gcc\mingw32\;C:\Users\PC\AppData\Roaming\npm;C:\Users\PC\AppData\Roaming\Composer\vendor\bin;C:\Windows\System32;
USERNAME=PC
OS=Windows_NT
PROCESSOR_IDENTIFIER=Intel64 Family 6 Model 78 Stepping 3, GenuineIntel
TMP=C:\Users\PC\AppData\Local\Temp
TEMP=C:\Users\PC\AppData\Local\Temp



---------------  S Y S T E M  ---------------

OS:
 Windows 10 , 64 bit Build 16299 (10.0.16299.15)
OS uptime: 2 days 0:18 hours

CPU: total 4 (initial active 4) (2 cores per cpu, 2 threads per core) family 6 model 78 stepping 3 microcode 0xea, cx8, cmov, fxsr, ht, mmx, 3dnowpref, sse, sse2, sse3, ssse3, sse4.1, sse4.2, popcnt, lzcnt, tsc, tscinvbit, avx, avx2, aes, erms, clmul, bmi1, bmi2, adx, fma, vzeroupper, clflush, clflushopt
Processor Information for all 4 processors :
  Max Mhz: 2400, Current Mhz: 2300, Mhz Limit: 2280

Memory: 4k page, system-wide physical 8071M (2592M free)
TotalPageFile size 9976M (AvailPageFile size 102M)
current process WorkingSet (physical memory assigned to process): 10M, peak: 10M
current process commit charge ("private bytes"): 52M, peak: 180M

vm_info: OpenJDK 64-Bit Server VM (17.0.8.1+1) for windows-amd64 JRE (17.0.8.1+1), built on Aug 23 2023 15:29:17 by "admin" with MS VC++ 16.7 (VS2019)

END.
