#
# There is insufficient memory for the Java Runtime Environment to continue.
# Native memory allocation (mmap) failed to map 38797312 bytes for G1 virtual space
# Possible reasons:
#   The system is out of physical RAM or swap space
#   The process is running with CompressedOops enabled, and the Java Heap may be blocking the growth of the native heap
# Possible solutions:
#   Reduce memory load on the system
#   Increase physical memory or swap space
#   Check if swap backing store is full
#   Decrease Java heap size (-Xmx/-Xms)
#   Decrease number of Java threads
#   Decrease Java thread stack sizes (-Xss)
#   Set larger code cache with -XX:ReservedCodeCacheSize=
#   JVM is running with Unscaled Compressed Oops mode in which the Java heap is
#     placed in the first 4GB address space. The Java Heap base address is the
#     maximum limit for the native heap growth. Please use -XX:HeapBaseMinAddress
#     to set the Java Heap base and to place the Java Heap above 4GB virtual address.
# This output file may be truncated or incomplete.
#
#  Out of Memory Error (os_windows.cpp:3617), pid=14544, tid=14712
#
# JRE version: OpenJDK Runtime Environment Temurin-17.0.8.1+1 (17.0.8.1+1) (build 17.0.8.1+1)
# Java VM: OpenJDK 64-Bit Server VM Temurin-17.0.8.1+1 (17.0.8.1+1, mixed mode, tiered, compressed oops, compressed class ptrs, g1 gc, windows-amd64)
# No core dump will be written. Minidumps are not enabled by default on client versions of Windows
#

---------------  S U M M A R Y ------------

Command Line: -Dfile.encoding=UTF-8 -Dstdout.encoding=UTF-8 -Dstderr.encoding=UTF-8 --module-path=C:\Users\PC\Desktop\UBA_App\UBA_Bank\bin;C:\Users\PC\Desktop\UBA_App\UBA_Bank\src\Libs\mysql-connector-j-8.2.0.jar -XX:+ShowCodeDetailsInExceptionMessages -Djdk.module.main=UBA_Bank UBA_Bank/Administration.Administration_Clients

Host: Intel(R) Core(TM) i5-6200U CPU @ 2.30GHz, 4 cores, 7G,  Windows 10 , 64 bit Build 16299 (10.0.16299.15)
Time: Sat May 25 16:14:09 2024 W. Central Africa Standard Time elapsed time: 10.280304 seconds (0d 0h 0m 10s)

---------------  T H R E A D  ---------------

Current thread (0x0000012832949140):  VMThread "VM Thread" [stack: 0x0000001ea6800000,0x0000001ea6900000] [id=14712]

Stack: [0x0000001ea6800000,0x0000001ea6900000]
Native frames: (J=compiled Java code, j=interpreted, Vv=VM code, C=native code)
V  [jvm.dll+0x678b0a]
V  [jvm.dll+0x835e84]
V  [jvm.dll+0x83762e]
V  [jvm.dll+0x837c93]
V  [jvm.dll+0x24746f]
V  [jvm.dll+0x675859]
V  [jvm.dll+0x66a0ea]
V  [jvm.dll+0x306c7b]
V  [jvm.dll+0x30e166]
V  [jvm.dll+0x35dd3e]
V  [jvm.dll+0x35df6f]
V  [jvm.dll+0x2ddb48]
V  [jvm.dll+0x2dbd0c]
V  [jvm.dll+0x2db2dc]
V  [jvm.dll+0x31f18b]
V  [jvm.dll+0x83c15b]
V  [jvm.dll+0x83ce94]
V  [jvm.dll+0x83d3ac]
V  [jvm.dll+0x83d784]
V  [jvm.dll+0x83d850]
V  [jvm.dll+0x7e64ca]
V  [jvm.dll+0x677955]
C  [ucrtbase.dll+0x1d885]
C  [KERNEL32.DLL+0x11fe4]
C  [ntdll.dll+0x6ef91]

VM_Operation (0x0000001ea88fdb00): G1CollectForAllocation, mode: safepoint, requested by thread 0x0000012832c12e60


---------------  P R O C E S S  ---------------

Threads class SMR info:
_java_thread_list=0x00000128380dc880, length=20, elements={
0x00000128329853f0, 0x00000128329862f0, 0x000001283295f9e0, 0x00000128329a3010,
0x00000128329a35e0, 0x00000128329a4740, 0x00000128329a9180, 0x00000128329aab70,
0x00000128329add20, 0x0000012832aaa380, 0x0000012837268760, 0x000001283710ecd0,
0x000001283710f1b0, 0x0000012832c15de0, 0x0000012837056b10, 0x0000012817308530,
0x0000012832d221e0, 0x0000012832c12440, 0x0000012832c11000, 0x0000012832c12e60
}

Java Threads: ( => current thread )
  0x00000128329853f0 JavaThread "Reference Handler" daemon [_thread_blocked, id=5820, stack(0x0000001ea6900000,0x0000001ea6a00000)]
  0x00000128329862f0 JavaThread "Finalizer" daemon [_thread_blocked, id=7796, stack(0x0000001ea6a00000,0x0000001ea6b00000)]
  0x000001283295f9e0 JavaThread "Signal Dispatcher" daemon [_thread_blocked, id=872, stack(0x0000001ea6b00000,0x0000001ea6c00000)]
  0x00000128329a3010 JavaThread "Attach Listener" daemon [_thread_blocked, id=10136, stack(0x0000001ea6c00000,0x0000001ea6d00000)]
  0x00000128329a35e0 JavaThread "Service Thread" daemon [_thread_blocked, id=12224, stack(0x0000001ea6d00000,0x0000001ea6e00000)]
  0x00000128329a4740 JavaThread "Monitor Deflation Thread" daemon [_thread_blocked, id=14436, stack(0x0000001ea6e00000,0x0000001ea6f00000)]
  0x00000128329a9180 JavaThread "C2 CompilerThread0" daemon [_thread_blocked, id=15136, stack(0x0000001ea6f00000,0x0000001ea7000000)]
  0x00000128329aab70 JavaThread "C1 CompilerThread0" daemon [_thread_blocked, id=1996, stack(0x0000001ea7000000,0x0000001ea7100000)]
  0x00000128329add20 JavaThread "Sweeper thread" daemon [_thread_blocked, id=8560, stack(0x0000001ea7100000,0x0000001ea7200000)]
  0x0000012832aaa380 JavaThread "Common-Cleaner" daemon [_thread_blocked, id=2160, stack(0x0000001ea7200000,0x0000001ea7300000)]
  0x0000012837268760 JavaThread "Notification Thread" daemon [_thread_blocked, id=5128, stack(0x0000001ea7400000,0x0000001ea7500000)]
  0x000001283710ecd0 JavaThread "Java2D Disposer" daemon [_thread_blocked, id=16368, stack(0x0000001ea7600000,0x0000001ea7700000)]
  0x000001283710f1b0 JavaThread "AWT-Shutdown" [_thread_blocked, id=3340, stack(0x0000001ea7700000,0x0000001ea7800000)]
  0x0000012832c15de0 JavaThread "AWT-Windows" daemon [_thread_blocked, id=13284, stack(0x0000001ea7800000,0x0000001ea7900000)]
  0x0000012837056b10 JavaThread "AWT-EventQueue-0" [_thread_blocked, id=12676, stack(0x0000001ea7900000,0x0000001ea7a00000)]
  0x0000012817308530 JavaThread "DestroyJavaVM" [_thread_blocked, id=10992, stack(0x0000001ea6200000,0x0000001ea6300000)]
  0x0000012832d221e0 JavaThread "mysql-cj-abandoned-connection-cleanup" daemon [_thread_blocked, id=12076, stack(0x0000001ea7a00000,0x0000001ea7b00000)]
  0x0000012832c12440 JavaThread "D3D Screen Updater" daemon [_thread_blocked, id=7712, stack(0x0000001ea8200000,0x0000001ea8300000)]
  0x0000012832c11000 JavaThread "TimerQueue" daemon [_thread_blocked, id=15692, stack(0x0000001ea8600000,0x0000001ea8700000)]
  0x0000012832c12e60 JavaThread "Image Fetcher 0" daemon [_thread_blocked, id=12184, stack(0x0000001ea8800000,0x0000001ea8900000)]

Other Threads:
=>0x0000012832949140 VMThread "VM Thread" [stack: 0x0000001ea6800000,0x0000001ea6900000] [id=14712]
  0x0000012832d08f60 WatcherThread [stack: 0x0000001ea7500000,0x0000001ea7600000] [id=17064]
  0x00000128173625c0 GCTaskThread "GC Thread#0" [stack: 0x0000001ea6300000,0x0000001ea6400000] [id=8544]
  0x00000128374d2a40 GCTaskThread "GC Thread#1" [stack: 0x0000001ea7b00000,0x0000001ea7c00000] [id=10016]
  0x00000128374d2d00 GCTaskThread "GC Thread#2" [stack: 0x0000001ea7c00000,0x0000001ea7d00000] [id=13640]
  0x00000128374d2fc0 GCTaskThread "GC Thread#3" [stack: 0x0000001ea7d00000,0x0000001ea7e00000] [id=14356]
  0x0000012817373de0 ConcurrentGCThread "G1 Main Marker" [stack: 0x0000001ea6400000,0x0000001ea6500000] [id=7864]
  0x00000128173747f0 ConcurrentGCThread "G1 Conc#0" [stack: 0x0000001ea6500000,0x0000001ea6600000] [id=15356]
  0x00000128173bd690 ConcurrentGCThread "G1 Refine#0" [stack: 0x0000001ea6600000,0x0000001ea6700000] [id=14768]
  0x0000012837884010 ConcurrentGCThread "G1 Refine#1" [stack: 0x0000001ea7e00000,0x0000001ea7f00000] [id=13164]
  0x00000128173be0c0 ConcurrentGCThread "G1 Service" [stack: 0x0000001ea6700000,0x0000001ea6800000] [id=8824]

Threads with active compile tasks:

VM state: at safepoint (normal execution)

VM Mutex/Monitor currently owned by a thread:  ([mutex/lock_event])
[0x000001281710f2e0] Threads_lock - owner thread: 0x0000012832949140
[0x000001281710f640] Heap_lock - owner thread: 0x0000012832c12e60

Heap address: 0x0000000081e00000, size: 2018 MB, Compressed Oops mode: 32-bit

CDS archive(s) not mapped
Compressed class space mapped at: 0x0000000100000000-0x0000000140000000, reserved size: 1073741824
Narrow klass base: 0x0000000000000000, Narrow klass shift: 3, Narrow klass range: 0x140000000

GC Precious Log:
 CPUs: 4 total, 4 available
 Memory: 8071M
 Large Page Support: Disabled
 NUMA Support: Disabled
 Compressed Oops: Enabled (32-bit)
 Heap Region Size: 1M
 Heap Min Capacity: 8M
 Heap Initial Capacity: 128M
 Heap Max Capacity: 2018M
 Pre-touch: Disabled
 Parallel Workers: 4
 Concurrent Workers: 1
 Concurrent Refinement Workers: 4
 Periodic GC: Disabled

Heap:
 garbage-first heap   total 75776K, used 38664K [0x0000000081e00000, 0x0000000100000000)
  region size 1024K, 1 young (1024K), 1 survivors (1024K)
 Metaspace       used 27518K, committed 27712K, reserved 1114112K
  class space    used 2947K, committed 3072K, reserved 1048576K

Heap Regions: E=young(eden), S=young(survivor), O=old, HS=humongous(starts), HC=humongous(continues), CS=collection set, F=free, OA=open archive, CA=closed archive, TAMS=top-at-mark-start (previous, next)
|   0|0x0000000081e00000, 0x0000000081f00000, 0x0000000081f00000|100%| O|  |TAMS 0x0000000081f00000, 0x0000000081e00000| Untracked 
|   1|0x0000000081f00000, 0x0000000081f00000, 0x0000000082000000|  0%| F|  |TAMS 0x0000000081f00000, 0x0000000081f00000| Untracked 
|   2|0x0000000082000000, 0x0000000082100000, 0x0000000082100000|100%| O|  |TAMS 0x0000000082100000, 0x0000000082000000| Untracked 
|   3|0x0000000082100000, 0x0000000082200000, 0x0000000082200000|100%| O|  |TAMS 0x0000000082200000, 0x0000000082100000| Untracked 
|   4|0x0000000082200000, 0x0000000082300000, 0x0000000082300000|100%| O|  |TAMS 0x0000000082300000, 0x0000000082200000| Untracked 
|   5|0x0000000082300000, 0x0000000082400000, 0x0000000082400000|100%| O|  |TAMS 0x0000000082400000, 0x0000000082300000| Untracked 
|   6|0x0000000082400000, 0x0000000082400000, 0x0000000082500000|  0%| F|  |TAMS 0x0000000082400000, 0x0000000082400000| Untracked 
|   7|0x0000000082500000, 0x0000000082500000, 0x0000000082600000|  0%| F|  |TAMS 0x0000000082500000, 0x0000000082500000| Untracked 
|   8|0x0000000082600000, 0x00000000826c0a00, 0x0000000082700000| 75%| O|  |TAMS 0x00000000826c0a00, 0x0000000082600000| Untracked 
|   9|0x0000000082700000, 0x0000000082700000, 0x0000000082800000|  0%| F|  |TAMS 0x0000000082700000, 0x0000000082700000| Untracked 
|  10|0x0000000082800000, 0x0000000082800000, 0x0000000082900000|  0%| F|  |TAMS 0x0000000082800000, 0x0000000082800000| Untracked 
|  11|0x0000000082900000, 0x0000000082900000, 0x0000000082a00000|  0%| F|  |TAMS 0x0000000082900000, 0x0000000082900000| Untracked 
|  12|0x0000000082a00000, 0x0000000082a00000, 0x0000000082b00000|  0%| F|  |TAMS 0x0000000082a00000, 0x0000000082a00000| Untracked 
|  13|0x0000000082b00000, 0x0000000082b00000, 0x0000000082c00000|  0%| F|  |TAMS 0x0000000082b00000, 0x0000000082b00000| Untracked 
|  14|0x0000000082c00000, 0x0000000082c00000, 0x0000000082d00000|  0%| F|  |TAMS 0x0000000082c00000, 0x0000000082c00000| Untracked 
|  15|0x0000000082d00000, 0x0000000082d00000, 0x0000000082e00000|  0%| F|  |TAMS 0x0000000082d00000, 0x0000000082d00000| Untracked 
|  16|0x0000000082e00000, 0x0000000082f00000, 0x0000000082f00000|100%|HS|  |TAMS 0x0000000082f00000, 0x0000000082e00000| Complete 
|  17|0x0000000082f00000, 0x0000000083000000, 0x0000000083000000|100%|HC|  |TAMS 0x0000000083000000, 0x0000000082f00000| Complete 
|  18|0x0000000083000000, 0x0000000083100000, 0x0000000083100000|100%|HC|  |TAMS 0x0000000083100000, 0x0000000083000000| Complete 
|  19|0x0000000083100000, 0x0000000083200000, 0x0000000083200000|100%|HC|  |TAMS 0x0000000083200000, 0x0000000083100000| Complete 
|  20|0x0000000083200000, 0x0000000083300000, 0x0000000083300000|100%|HC|  |TAMS 0x0000000083300000, 0x0000000083200000| Complete 
|  21|0x0000000083300000, 0x0000000083400000, 0x0000000083400000|100%|HC|  |TAMS 0x0000000083400000, 0x0000000083300000| Complete 
|  22|0x0000000083400000, 0x0000000083500000, 0x0000000083500000|100%|HC|  |TAMS 0x0000000083500000, 0x0000000083400000| Complete 
|  23|0x0000000083500000, 0x0000000083600000, 0x0000000083600000|100%|HC|  |TAMS 0x0000000083600000, 0x0000000083500000| Complete 
|  24|0x0000000083600000, 0x0000000083700000, 0x0000000083700000|100%|HC|  |TAMS 0x0000000083700000, 0x0000000083600000| Complete 
|  25|0x0000000083700000, 0x0000000083800000, 0x0000000083800000|100%|HC|  |TAMS 0x0000000083800000, 0x0000000083700000| Complete 
|  26|0x0000000083800000, 0x0000000083900000, 0x0000000083900000|100%|HC|  |TAMS 0x0000000083900000, 0x0000000083800000| Complete 
|  27|0x0000000083900000, 0x0000000083a00000, 0x0000000083a00000|100%|HC|  |TAMS 0x0000000083a00000, 0x0000000083900000| Complete 
|  28|0x0000000083a00000, 0x0000000083b00000, 0x0000000083b00000|100%|HC|  |TAMS 0x0000000083b00000, 0x0000000083a00000| Complete 
|  29|0x0000000083b00000, 0x0000000083c00000, 0x0000000083c00000|100%|HC|  |TAMS 0x0000000083c00000, 0x0000000083b00000| Complete 
|  30|0x0000000083c00000, 0x0000000083d00000, 0x0000000083d00000|100%|HC|  |TAMS 0x0000000083d00000, 0x0000000083c00000| Complete 
|  31|0x0000000083d00000, 0x0000000083e00000, 0x0000000083e00000|100%|HC|  |TAMS 0x0000000083e00000, 0x0000000083d00000| Complete 
|  32|0x0000000083e00000, 0x0000000083f00000, 0x0000000083f00000|100%|HC|  |TAMS 0x0000000083f00000, 0x0000000083e00000| Complete 
|  33|0x0000000083f00000, 0x0000000084000000, 0x0000000084000000|100%|HC|  |TAMS 0x0000000084000000, 0x0000000083f00000| Complete 
|  34|0x0000000084000000, 0x0000000084100000, 0x0000000084100000|100%|HC|  |TAMS 0x0000000084100000, 0x0000000084000000| Complete 
|  35|0x0000000084100000, 0x0000000084200000, 0x0000000084200000|100%|HC|  |TAMS 0x0000000084200000, 0x0000000084100000| Complete 
|  36|0x0000000084200000, 0x0000000084300000, 0x0000000084300000|100%|HC|  |TAMS 0x0000000084300000, 0x0000000084200000| Complete 
|  37|0x0000000084300000, 0x0000000084400000, 0x0000000084400000|100%|HC|  |TAMS 0x0000000084400000, 0x0000000084300000| Complete 
|  38|0x0000000084400000, 0x0000000084500000, 0x0000000084500000|100%|HC|  |TAMS 0x0000000084500000, 0x0000000084400000| Complete 
|  39|0x0000000084500000, 0x0000000084600000, 0x0000000084600000|100%|HC|  |TAMS 0x0000000084600000, 0x0000000084500000| Complete 
|  40|0x0000000084600000, 0x0000000084700000, 0x0000000084700000|100%|HC|  |TAMS 0x0000000084700000, 0x0000000084600000| Complete 
|  41|0x0000000084700000, 0x0000000084800000, 0x0000000084800000|100%|HC|  |TAMS 0x0000000084800000, 0x0000000084700000| Complete 
|  42|0x0000000084800000, 0x0000000084900000, 0x0000000084900000|100%|HC|  |TAMS 0x0000000084900000, 0x0000000084800000| Complete 
|  43|0x0000000084900000, 0x0000000084a00000, 0x0000000084a00000|100%|HC|  |TAMS 0x0000000084a00000, 0x0000000084900000| Complete 
|  44|0x0000000084a00000, 0x0000000084b00000, 0x0000000084b00000|100%|HC|  |TAMS 0x0000000084b00000, 0x0000000084a00000| Complete 
|  45|0x0000000084b00000, 0x0000000084c00000, 0x0000000084c00000|100%|HC|  |TAMS 0x0000000084c00000, 0x0000000084b00000| Complete 
|  46|0x0000000084c00000, 0x0000000084d00000, 0x0000000084d00000|100%|HC|  |TAMS 0x0000000084d00000, 0x0000000084c00000| Complete 
|  47|0x0000000084d00000, 0x0000000084e00000, 0x0000000084e00000|100%|HC|  |TAMS 0x0000000084e00000, 0x0000000084d00000| Complete 
|  48|0x0000000084e00000, 0x0000000084e00000, 0x0000000084f00000|  0%| F|  |TAMS 0x0000000084e00000, 0x0000000084e00000| Untracked 
|  49|0x0000000084f00000, 0x0000000084f00000, 0x0000000085000000|  0%| F|  |TAMS 0x0000000084f00000, 0x0000000084f00000| Untracked 
|  50|0x0000000085000000, 0x0000000085000000, 0x0000000085100000|  0%| F|  |TAMS 0x0000000085000000, 0x0000000085000000| Untracked 
|  51|0x0000000085100000, 0x0000000085100000, 0x0000000085200000|  0%| F|  |TAMS 0x0000000085100000, 0x0000000085100000| Untracked 
|  52|0x0000000085200000, 0x0000000085200000, 0x0000000085300000|  0%| F|  |TAMS 0x0000000085200000, 0x0000000085200000| Untracked 
|  53|0x0000000085300000, 0x0000000085300000, 0x0000000085400000|  0%| F|  |TAMS 0x0000000085300000, 0x0000000085300000| Untracked 
|  54|0x0000000085400000, 0x0000000085401830, 0x0000000085500000|  0%| S|CS|TAMS 0x0000000085400000, 0x0000000085400000| Complete 
|  55|0x0000000085500000, 0x0000000085500000, 0x0000000085600000|  0%| F|  |TAMS 0x0000000085500000, 0x0000000085500000| Untracked 
|  56|0x0000000085600000, 0x0000000085600000, 0x0000000085700000|  0%| F|  |TAMS 0x0000000085600000, 0x0000000085600000| Untracked 
|  57|0x0000000085700000, 0x0000000085700000, 0x0000000085800000|  0%| F|  |TAMS 0x0000000085700000, 0x0000000085700000| Untracked 
|  58|0x0000000085800000, 0x0000000085800000, 0x0000000085900000|  0%| F|  |TAMS 0x0000000085800000, 0x0000000085800000| Untracked 
|  59|0x0000000085900000, 0x0000000085900000, 0x0000000085a00000|  0%| F|  |TAMS 0x0000000085900000, 0x0000000085900000| Untracked 
|  60|0x0000000085a00000, 0x0000000085a00000, 0x0000000085b00000|  0%| F|  |TAMS 0x0000000085a00000, 0x0000000085a00000| Untracked 
|  61|0x0000000085b00000, 0x0000000085b00000, 0x0000000085c00000|  0%| F|  |TAMS 0x0000000085b00000, 0x0000000085b00000| Untracked 
|  62|0x0000000085c00000, 0x0000000085c00000, 0x0000000085d00000|  0%| F|  |TAMS 0x0000000085c00000, 0x0000000085c00000| Untracked 
|  63|0x0000000085d00000, 0x0000000085d00000, 0x0000000085e00000|  0%| F|  |TAMS 0x0000000085d00000, 0x0000000085d00000| Untracked 
|  64|0x0000000085e00000, 0x0000000085e00000, 0x0000000085f00000|  0%| F|  |TAMS 0x0000000085e00000, 0x0000000085e00000| Untracked 
|  65|0x0000000085f00000, 0x0000000085f00000, 0x0000000086000000|  0%| F|  |TAMS 0x0000000085f00000, 0x0000000085f00000| Untracked 
|  66|0x0000000086000000, 0x0000000086000000, 0x0000000086100000|  0%| F|  |TAMS 0x0000000086000000, 0x0000000086000000| Untracked 
|  67|0x0000000086100000, 0x0000000086100000, 0x0000000086200000|  0%| F|  |TAMS 0x0000000086100000, 0x0000000086100000| Untracked 
|  68|0x0000000086200000, 0x0000000086200000, 0x0000000086300000|  0%| F|  |TAMS 0x0000000086200000, 0x0000000086200000| Untracked 
|  69|0x0000000086300000, 0x0000000086300000, 0x0000000086400000|  0%| F|  |TAMS 0x0000000086300000, 0x0000000086300000| Untracked 
| 107|0x0000000088900000, 0x0000000088900000, 0x0000000088a00000|  0%| F|  |TAMS 0x0000000088900000, 0x0000000088900000| Untracked 
| 108|0x0000000088a00000, 0x0000000088a00000, 0x0000000088b00000|  0%| F|  |TAMS 0x0000000088a00000, 0x0000000088a00000| Untracked 
| 109|0x0000000088b00000, 0x0000000088b00000, 0x0000000088c00000|  0%| F|  |TAMS 0x0000000088b00000, 0x0000000088b00000| Untracked 
| 127|0x0000000089d00000, 0x0000000089d00000, 0x0000000089e00000|  0%| F|  |TAMS 0x0000000089d00000, 0x0000000089d00000| Untracked 

Card table byte_map: [0x000001282bbb0000,0x000001282bfb0000] _byte_map_base: 0x000001282b7a1000

Marking Bits (Prev, Next): (CMBitMap*) 0x0000012817362be0, (CMBitMap*) 0x0000012817362c20
 Prev Bits: [0x000001282c3b0000, 0x000001282e338000)
 Next Bits: [0x000001282e340000, 0x00000128302c8000)

Polling page: 0x00000128170c0000

Metaspace:

Usage:
  Non-class:     24.00 MB used.
      Class:      2.88 MB used.
       Both:     26.87 MB used.

Virtual space:
  Non-class space:       64.00 MB reserved,      24.06 MB ( 38%) committed,  1 nodes.
      Class space:        1.00 GB reserved,       3.00 MB ( <1%) committed,  1 nodes.
             Both:        1.06 GB reserved,      27.06 MB (  2%) committed. 

Chunk freelists:
   Non-Class:  7.00 MB
       Class:  13.02 MB
        Both:  20.02 MB

MaxMetaspaceSize: unlimited
CompressedClassSpaceSize: 1.00 GB
Initial GC threshold: 21.00 MB
Current GC threshold: 45.13 MB
CDS: off
MetaspaceReclaimPolicy: balanced
 - commit_granule_bytes: 65536.
 - commit_granule_words: 8192.
 - virtual_space_node_default_size: 8388608.
 - enlarge_chunks_in_place: 1.
 - new_chunks_are_fully_committed: 0.
 - uncommit_free_chunks: 1.
 - use_allocation_guard: 0.
 - handle_deallocations: 1.


Internal statistics:

num_allocs_failed_limit: 3.
num_arena_births: 166.
num_arena_deaths: 0.
num_vsnodes_births: 2.
num_vsnodes_deaths: 0.
num_space_committed: 433.
num_space_uncommitted: 0.
num_chunks_returned_to_freelist: 3.
num_chunks_taken_from_freelist: 405.
num_chunk_merges: 0.
num_chunk_splits: 236.
num_chunks_enlarged: 149.
num_inconsistent_stats: 0.

CodeHeap 'non-profiled nmethods': size=120000Kb used=786Kb max_used=786Kb free=119213Kb
 bounds [0x0000012823c50000, 0x0000012823ec0000, 0x000001282b180000]
CodeHeap 'profiled nmethods': size=120000Kb used=4470Kb max_used=4470Kb free=115529Kb
 bounds [0x000001281c180000, 0x000001281c5e0000, 0x00000128236b0000]
CodeHeap 'non-nmethods': size=5760Kb used=1380Kb max_used=1395Kb free=4379Kb
 bounds [0x00000128236b0000, 0x0000012823920000, 0x0000012823c50000]
 total_blobs=3160 nmethods=2435 adapters=637
 compilation: enabled
              stopped_count=0, restarted_count=0
 full_count=0

Compilation events (20 events):
Event: 10.192 Thread 0x00000128329aab70 2426       3       sun.awt.image.ImageWatched$WeakLink$$Lambda$285/0x00000001002d0920::<init> (44 bytes)
Event: 10.192 Thread 0x00000128329aab70 nmethod 2426 0x000001281c5d6610 code [0x000001281c5d67c0, 0x000001281c5d69f8]
Event: 10.192 Thread 0x00000128329aab70 2427       3       sun.awt.image.ImageWatched$WeakLink$$Lambda$285/0x00000001002d0920::run (32 bytes)
Event: 10.192 Thread 0x00000128329aab70 nmethod 2427 0x000001281c5d6b10 code [0x000001281c5d6ca0, 0x000001281c5d6e08]
Event: 10.192 Thread 0x00000128329aab70 2428       3       sun.awt.image.ImageWatched$WeakLink::lambda$update$0 (19 bytes)
Event: 10.192 Thread 0x00000128329aab70 nmethod 2428 0x000001281c5d6e90 code [0x000001281c5d7040, 0x000001281c5d72c8]
Event: 10.192 Thread 0x00000128329aab70 2429       3       sun.awt.image.InputStreamImageSource::latchConsumers (6 bytes)
Event: 10.192 Thread 0x00000128329aab70 nmethod 2429 0x000001281c5d7410 code [0x000001281c5d75c0, 0x000001281c5d7948]
Event: 10.196 Thread 0x00000128329aab70 2431       3       java.awt.ImageMediaEntry::imageUpdate (51 bytes)
Event: 10.197 Thread 0x00000128329aab70 nmethod 2431 0x000001281c5d7a90 code [0x000001281c5d7c80, 0x000001281c5d8348]
Event: 10.197 Thread 0x00000128329aab70 2432       3       sun.awt.image.IntegerInterleavedRaster::setDataElements (134 bytes)
Event: 10.197 Thread 0x00000128329aab70 nmethod 2432 0x000001281c5d8590 code [0x000001281c5d8780, 0x000001281c5d8e38]
Event: 10.197 Thread 0x00000128329aab70 2433       3       sun.awt.image.SunWritableRaster::markDirty (8 bytes)
Event: 10.197 Thread 0x00000128329aab70 nmethod 2433 0x000001281c5d9090 code [0x000001281c5d9220, 0x000001281c5d93b8]
Event: 10.197 Thread 0x00000128329aab70 2434       3       sun.awt.image.ImageWatched$WeakLink::update (39 bytes)
Event: 10.198 Thread 0x00000128329aab70 nmethod 2434 0x000001281c5d9490 code [0x000001281c5d9720, 0x000001281c5da3a8]
Event: 10.198 Thread 0x00000128329aab70 2435   !   3       sun.awt.image.ImageRepresentation::setPixels (527 bytes)
Event: 10.200 Thread 0x00000128329aab70 nmethod 2435 0x000001281c5da810 code [0x000001281c5daba0, 0x000001281c5dcb48]
Event: 10.247 Thread 0x00000128329a9180 2436   !   4       sun.awt.image.ImageDecoder::nextConsumer (69 bytes)
Event: 10.249 Thread 0x00000128329a9180 nmethod 2436 0x0000012823d14510 code [0x0000012823d14680, 0x0000012823d149b8]

GC Heap History (13 events):
Event: 0.583 GC heap before
{Heap before GC invocations=0 (full 0):
 garbage-first heap   total 131072K, used 13312K [0x0000000081e00000, 0x0000000100000000)
  region size 1024K, 13 young (13312K), 0 survivors (0K)
 Metaspace       used 10819K, committed 11072K, reserved 1114112K
  class space    used 1018K, committed 1152K, reserved 1048576K
}
Event: 0.587 GC heap after
{Heap after GC invocations=1 (full 0):
 garbage-first heap   total 131072K, used 1472K [0x0000000081e00000, 0x0000000100000000)
  region size 1024K, 2 young (2048K), 2 survivors (2048K)
 Metaspace       used 10819K, committed 11072K, reserved 1114112K
  class space    used 1018K, committed 1152K, reserved 1048576K
}
Event: 1.196 GC heap before
{Heap before GC invocations=1 (full 0):
 garbage-first heap   total 131072K, used 16832K [0x0000000081e00000, 0x0000000100000000)
  region size 1024K, 18 young (18432K), 2 survivors (2048K)
 Metaspace       used 21292K, committed 21504K, reserved 1114112K
  class space    used 2183K, committed 2304K, reserved 1048576K
}
Event: 1.201 GC heap after
{Heap after GC invocations=2 (full 0):
 garbage-first heap   total 131072K, used 4139K [0x0000000081e00000, 0x0000000100000000)
  region size 1024K, 3 young (3072K), 3 survivors (3072K)
 Metaspace       used 21292K, committed 21504K, reserved 1114112K
  class space    used 2183K, committed 2304K, reserved 1048576K
}
Event: 10.184 GC heap before
{Heap before GC invocations=3 (full 0):
 garbage-first heap   total 53248K, used 45099K [0x0000000081e00000, 0x0000000100000000)
  region size 1024K, 12 young (12288K), 3 survivors (3072K)
 Metaspace       used 27506K, committed 27712K, reserved 1114112K
  class space    used 2947K, committed 3072K, reserved 1048576K
}
Event: 10.190 GC heap after
{Heap after GC invocations=4 (full 0):
 garbage-first heap   total 53248K, used 38620K [0x0000000081e00000, 0x0000000100000000)
  region size 1024K, 2 young (2048K), 2 survivors (2048K)
 Metaspace       used 27506K, committed 27712K, reserved 1114112K
  class space    used 2947K, committed 3072K, reserved 1048576K
}
Event: 10.193 GC heap before
{Heap before GC invocations=4 (full 0):
 garbage-first heap   total 53248K, used 38620K [0x0000000081e00000, 0x0000000100000000)
  region size 1024K, 3 young (3072K), 2 survivors (2048K)
 Metaspace       used 27513K, committed 27712K, reserved 1114112K
  class space    used 2947K, committed 3072K, reserved 1048576K
}
Event: 10.196 GC heap after
{Heap after GC invocations=5 (full 0):
 garbage-first heap   total 53248K, used 38658K [0x0000000081e00000, 0x0000000100000000)
  region size 1024K, 0 young (0K), 0 survivors (0K)
 Metaspace       used 27513K, committed 27712K, reserved 1114112K
  class space    used 2947K, committed 3072K, reserved 1048576K
}
Event: 10.208 GC heap before
{Heap before GC invocations=5 (full 0):
 garbage-first heap   total 53248K, used 42754K [0x0000000081e00000, 0x0000000100000000)
  region size 1024K, 5 young (5120K), 0 survivors (0K)
 Metaspace       used 27518K, committed 27712K, reserved 1114112K
  class space    used 2947K, committed 3072K, reserved 1048576K
}
Event: 10.209 GC heap after
{Heap after GC invocations=6 (full 0):
 garbage-first heap   total 53248K, used 38678K [0x0000000081e00000, 0x0000000100000000)
  region size 1024K, 1 young (1024K), 1 survivors (1024K)
 Metaspace       used 27518K, committed 27712K, reserved 1114112K
  class space    used 2947K, committed 3072K, reserved 1048576K
}
Event: 10.223 GC heap before
{Heap before GC invocations=6 (full 0):
 garbage-first heap   total 75776K, used 42774K [0x0000000081e00000, 0x0000000100000000)
  region size 1024K, 6 young (6144K), 1 survivors (1024K)
 Metaspace       used 27518K, committed 27712K, reserved 1114112K
  class space    used 2947K, committed 3072K, reserved 1048576K
}
Event: 10.224 GC heap after
{Heap after GC invocations=7 (full 0):
 garbage-first heap   total 75776K, used 38668K [0x0000000081e00000, 0x0000000100000000)
  region size 1024K, 1 young (1024K), 1 survivors (1024K)
 Metaspace       used 27518K, committed 27712K, reserved 1114112K
  class space    used 2947K, committed 3072K, reserved 1048576K
}
Event: 10.273 GC heap before
{Heap before GC invocations=8 (full 0):
 garbage-first heap   total 75776K, used 57100K [0x0000000081e00000, 0x0000000100000000)
  region size 1024K, 19 young (19456K), 1 survivors (1024K)
 Metaspace       used 27518K, committed 27712K, reserved 1114112K
  class space    used 2947K, committed 3072K, reserved 1048576K
}

Dll operation events (10 events):
Event: 0.006 Loaded shared library C:\Users\PC\.p2\pool\plugins\org.eclipse.justj.openjdk.hotspot.jre.full.win32.x86_64_17.0.8.v20230831-1047\jre\bin\java.dll
Event: 0.140 Loaded shared library C:\Users\PC\.p2\pool\plugins\org.eclipse.justj.openjdk.hotspot.jre.full.win32.x86_64_17.0.8.v20230831-1047\jre\bin\net.dll
Event: 0.141 Loaded shared library C:\Users\PC\.p2\pool\plugins\org.eclipse.justj.openjdk.hotspot.jre.full.win32.x86_64_17.0.8.v20230831-1047\jre\bin\nio.dll
Event: 0.358 Loaded shared library C:\Users\PC\.p2\pool\plugins\org.eclipse.justj.openjdk.hotspot.jre.full.win32.x86_64_17.0.8.v20230831-1047\jre\bin\zip.dll
Event: 0.446 Loaded shared library C:\Users\PC\.p2\pool\plugins\org.eclipse.justj.openjdk.hotspot.jre.full.win32.x86_64_17.0.8.v20230831-1047\jre\bin\jimage.dll
Event: 0.468 Loaded shared library C:\Users\PC\.p2\pool\plugins\org.eclipse.justj.openjdk.hotspot.jre.full.win32.x86_64_17.0.8.v20230831-1047\jre\bin\awt.dll
Event: 0.953 Loaded shared library C:\Users\PC\.p2\pool\plugins\org.eclipse.justj.openjdk.hotspot.jre.full.win32.x86_64_17.0.8.v20230831-1047\jre\bin\sunmscapi.dll
Event: 1.377 Loaded shared library C:\Users\PC\.p2\pool\plugins\org.eclipse.justj.openjdk.hotspot.jre.full.win32.x86_64_17.0.8.v20230831-1047\jre\bin\freetype.dll
Event: 1.378 Loaded shared library C:\Users\PC\.p2\pool\plugins\org.eclipse.justj.openjdk.hotspot.jre.full.win32.x86_64_17.0.8.v20230831-1047\jre\bin\fontmanager.dll
Event: 10.155 Loaded shared library C:\Users\PC\.p2\pool\plugins\org.eclipse.justj.openjdk.hotspot.jre.full.win32.x86_64_17.0.8.v20230831-1047\jre\bin\javajpeg.dll

Deoptimization events (20 events):
Event: 1.314 Thread 0x0000012837056b10 DEOPT PACKING pc=0x000001281c3c6471 sp=0x0000001ea79fd680
Event: 1.314 Thread 0x0000012837056b10 DEOPT UNPACKING pc=0x0000012823707143 sp=0x0000001ea79fcab0 mode 0
Event: 1.315 Thread 0x0000012837056b10 DEOPT PACKING pc=0x000001281c3c6471 sp=0x0000001ea79fd680
Event: 1.315 Thread 0x0000012837056b10 DEOPT UNPACKING pc=0x0000012823707143 sp=0x0000001ea79fcab0 mode 0
Event: 1.315 Thread 0x0000012837056b10 DEOPT PACKING pc=0x000001281c3c6471 sp=0x0000001ea79fd680
Event: 1.315 Thread 0x0000012837056b10 DEOPT UNPACKING pc=0x0000012823707143 sp=0x0000001ea79fcab0 mode 0
Event: 1.315 Thread 0x0000012837056b10 DEOPT PACKING pc=0x000001281c3c6471 sp=0x0000001ea79fd680
Event: 1.315 Thread 0x0000012837056b10 DEOPT UNPACKING pc=0x0000012823707143 sp=0x0000001ea79fcab0 mode 0
Event: 1.315 Thread 0x0000012837056b10 DEOPT PACKING pc=0x000001281c3c6471 sp=0x0000001ea79fd680
Event: 1.315 Thread 0x0000012837056b10 DEOPT UNPACKING pc=0x0000012823707143 sp=0x0000001ea79fcab0 mode 0
Event: 1.316 Thread 0x0000012837056b10 DEOPT PACKING pc=0x000001281c3c6471 sp=0x0000001ea79fd680
Event: 1.316 Thread 0x0000012837056b10 DEOPT UNPACKING pc=0x0000012823707143 sp=0x0000001ea79fcab0 mode 0
Event: 1.387 Thread 0x0000012837056b10 Uncommon trap: trap_request=0xffffff45 fr.pc=0x0000012823c967e8 relative=0x0000000000000368
Event: 1.387 Thread 0x0000012837056b10 Uncommon trap: reason=unstable_if action=reinterpret pc=0x0000012823c967e8 method=java.lang.StringUTF16.compress([CI[BII)I @ 20 c2
Event: 1.387 Thread 0x0000012837056b10 DEOPT PACKING pc=0x0000012823c967e8 sp=0x0000001ea79fcbc0
Event: 1.387 Thread 0x0000012837056b10 DEOPT UNPACKING pc=0x00000128237069a3 sp=0x0000001ea79fcb40 mode 2
Event: 1.951 Thread 0x0000012832c15de0 DEOPT PACKING pc=0x000001281c3c4462 sp=0x0000001ea78fdec0
Event: 1.951 Thread 0x0000012832c15de0 DEOPT UNPACKING pc=0x0000012823707143 sp=0x0000001ea78fd350 mode 3
Event: 1.952 Thread 0x0000012837056b10 DEOPT PACKING pc=0x000001281c458829 sp=0x0000001ea79ff0a0
Event: 1.952 Thread 0x0000012837056b10 DEOPT UNPACKING pc=0x0000012823707143 sp=0x0000001ea79fe4f8 mode 3

Classes unloaded (0 events):
No events

Classes redefined (0 events):
No events

Internal exceptions (20 events):
Event: 0.863 Thread 0x0000012837056b10 Exception <a 'java/lang/NoSuchMethodError'{0x0000000089455dc8}: 'int java.lang.invoke.DirectMethodHandle$Holder.invokeStatic(java.lang.Object, java.lang.Object, java.lang.Object, java.lang.Object)'> (0x0000000089455dc8) 
thrown [s\src\hotspot\share\interpreter\linkResolver.cpp, line 759]
Event: 0.863 Thread 0x0000012837056b10 Exception <a 'java/lang/NoSuchMethodError'{0x0000000089459878}: 'int java.lang.invoke.DirectMethodHandle$Holder.invokeStaticInit(java.lang.Object, java.lang.Object, java.lang.Object, java.lang.Object)'> (0x0000000089459878) 
thrown [s\src\hotspot\share\interpreter\linkResolver.cpp, line 759]
Event: 0.864 Thread 0x0000012837056b10 Exception <a 'java/lang/IncompatibleClassChangeError'{0x00000000894629a0}: Found class java.lang.Object, but interface was expected> (0x00000000894629a0) 
thrown [s\src\hotspot\share\interpreter\linkResolver.cpp, line 826]
Event: 0.865 Thread 0x0000012837056b10 Exception <a 'java/lang/NoSuchMethodError'{0x0000000089467e28}: 'int java.lang.invoke.DirectMethodHandle$Holder.invokeStaticInit(java.lang.Object, java.lang.Object)'> (0x0000000089467e28) 
thrown [s\src\hotspot\share\interpreter\linkResolver.cpp, line 759]
Event: 0.903 Thread 0x0000012837056b10 Exception <a 'java/lang/NoSuchMethodError'{0x000000008934a0b8}: 'java.lang.Object java.lang.invoke.DirectMethodHandle$Holder.invokeStaticInit(java.lang.Object, int, int, int, int)'> (0x000000008934a0b8) 
thrown [s\src\hotspot\share\interpreter\linkResolver.cpp, line 759]
Event: 0.935 Thread 0x0000012837056b10 Exception <a 'java/lang/NoSuchMethodError'{0x0000000089209398}: 'java.lang.Object java.lang.invoke.DirectMethodHandle$Holder.invokeStaticInit(java.lang.Object, java.lang.Object, int, int, int, int)'> (0x0000000089209398) 
thrown [s\src\hotspot\share\interpreter\linkResolver.cpp, line 759]
Event: 0.982 Thread 0x0000012837056b10 Exception <a 'java/lang/NoSuchMethodError'{0x00000000892e5420}: 'int java.lang.invoke.DirectMethodHandle$Holder.invokeSpecial(java.lang.Object, java.lang.Object, java.lang.Object)'> (0x00000000892e5420) 
thrown [s\src\hotspot\share\interpreter\linkResolver.cpp, line 759]
Event: 1.116 Thread 0x0000012837056b10 Implicit null exception at 0x0000012823cc5375 to 0x0000012823cc59b8
Event: 1.116 Thread 0x0000012837056b10 Implicit null exception at 0x0000012823cc43f2 to 0x0000012823cc4a1c
Event: 1.163 Thread 0x0000012837056b10 Exception <a 'java/lang/NoSuchMethodError'{0x0000000088db8260}: 'java.lang.Object java.lang.invoke.DirectMethodHandle$Holder.newInvokeSpecial(java.lang.Object, java.lang.Object, java.lang.Object, java.lang.Object, java.lang.Object)'> (0x0000000088db8260) 
thrown [s\src\hotspot\share\interpreter\linkResolver.cpp, line 759]
Event: 1.166 Thread 0x0000012837056b10 Exception <a 'java/lang/NoSuchMethodError'{0x0000000088dc3c40}: 'java.lang.Object java.lang.invoke.DirectMethodHandle$Holder.invokeStatic(java.lang.Object, int, java.lang.Object, java.lang.Object, java.lang.Object, java.lang.Object)'> (0x0000000088dc3c40) 
thrown [s\src\hotspot\share\interpreter\linkResolver.cpp, line 759]
Event: 1.171 Thread 0x0000012837056b10 Exception <a 'java/lang/NoSuchMethodError'{0x0000000088dedd98}: 'java.lang.Object java.lang.invoke.DirectMethodHandle$Holder.invokeStatic(java.lang.Object, int, java.lang.Object)'> (0x0000000088dedd98) 
thrown [s\src\hotspot\share\interpreter\linkResolver.cpp, line 759]
Event: 1.206 Thread 0x0000012837056b10 Exception <a 'java/lang/ClassNotFoundException'{0x0000000089d317d0}: com/sun/swing/internal/plaf/metal/resources/spi/metalProvider> (0x0000000089d317d0) 
thrown [s\src\hotspot\share\classfile\systemDictionary.cpp, line 256]
Event: 1.208 Thread 0x0000012837056b10 Exception <a 'java/lang/ClassNotFoundException'{0x0000000089d355f8}: com/sun/swing/internal/plaf/basic/resources/spi/basicProvider> (0x0000000089d355f8) 
thrown [s\src\hotspot\share\classfile\systemDictionary.cpp, line 256]
Event: 1.214 Thread 0x0000012837056b10 Implicit null exception at 0x0000012823ca2960 to 0x0000012823ca29fa
Event: 1.217 Thread 0x0000012837056b10 Implicit null exception at 0x0000012823cc030f to 0x0000012823cc0704
Event: 1.217 Thread 0x0000012837056b10 Implicit null exception at 0x0000012823c99e8f to 0x0000012823c99f09
Event: 1.373 Thread 0x0000012837056b10 Exception <a 'java/lang/NoSuchMethodError'{0x0000000082cb3f00}: 'void java.lang.invoke.DirectMethodHandle$Holder.invokeStaticInit(java.lang.Object)'> (0x0000000082cb3f00) 
thrown [s\src\hotspot\share\interpreter\linkResolver.cpp, line 759]
Event: 1.405 Thread 0x0000012837056b10 Exception <a 'sun/nio/fs/WindowsException'{0x0000000082b41478}> (0x0000000082b41478) 
thrown [s\src\hotspot\share\prims\jni.cpp, line 516]
Event: 10.156 Thread 0x0000012832c12e60 Exception <a 'java/lang/NoSuchMethodError'{0x00000000829e6740}: 'java.lang.Object java.lang.invoke.DirectMethodHandle$Holder.newInvokeSpecial(java.lang.Object, java.lang.Object, java.lang.Object, int, int, int, int, int)'> (0x00000000829e6740) 
thrown [s\src\hotspot\share\interpreter\linkResolver.cpp, line 759]

VM Operations (20 events):
Event: 7.714 Executing VM operation: Cleanup done
Event: 8.715 Executing VM operation: Cleanup
Event: 8.715 Executing VM operation: Cleanup done
Event: 9.715 Executing VM operation: Cleanup
Event: 9.715 Executing VM operation: Cleanup done
Event: 10.150 Executing VM operation: HandshakeAllThreads
Event: 10.150 Executing VM operation: HandshakeAllThreads done
Event: 10.184 Executing VM operation: G1CollectForAllocation
Event: 10.190 Executing VM operation: G1CollectForAllocation done
Event: 10.193 Executing VM operation: G1CollectForAllocation
Event: 10.196 Executing VM operation: G1CollectForAllocation done
Event: 10.208 Executing VM operation: G1CollectForAllocation
Event: 10.209 Executing VM operation: G1CollectForAllocation done
Event: 10.219 Executing VM operation: G1PauseRemark
Event: 10.220 Executing VM operation: G1PauseRemark done
Event: 10.223 Executing VM operation: G1CollectForAllocation
Event: 10.224 Executing VM operation: G1CollectForAllocation done
Event: 10.227 Executing VM operation: G1PauseCleanup
Event: 10.227 Executing VM operation: G1PauseCleanup done
Event: 10.273 Executing VM operation: G1CollectForAllocation

Events (20 events):
Event: 10.158 loading class java/awt/image/DataBuffer done
Event: 10.158 loading class java/awt/image/DataBufferInt done
Event: 10.158 loading class java/awt/image/DataBuffer$1
Event: 10.158 loading class sun/awt/image/SunWritableRaster$DataStealer
Event: 10.158 loading class sun/awt/image/SunWritableRaster$DataStealer done
Event: 10.158 loading class java/awt/image/DataBuffer$1 done
Event: 10.158 loading class sun/awt/image/SunWritableRaster
Event: 10.158 loading class java/awt/image/WritableRaster
Event: 10.159 loading class java/awt/image/WritableRaster done
Event: 10.159 loading class sun/awt/image/SunWritableRaster done
Event: 10.170 loading class java/awt/image/SinglePixelPackedSampleModel
Event: 10.171 loading class java/awt/image/SampleModel
Event: 10.171 loading class java/awt/image/SampleModel done
Event: 10.171 loading class java/awt/image/SinglePixelPackedSampleModel done
Event: 10.171 loading class sun/awt/image/IntegerInterleavedRaster
Event: 10.171 loading class sun/awt/image/IntegerComponentRaster
Event: 10.172 loading class sun/awt/image/IntegerComponentRaster done
Event: 10.172 loading class sun/awt/image/IntegerInterleavedRaster done
Event: 10.172 loading class java/awt/image/BufferedImage$1
Event: 10.173 loading class java/awt/image/BufferedImage$1 done


Dynamic libraries:
0x00007ff788600000 - 0x00007ff78860e000 	C:\Users\PC\.p2\pool\plugins\org.eclipse.justj.openjdk.hotspot.jre.full.win32.x86_64_17.0.8.v20230831-1047\jre\bin\javaw.exe
0x00007ffc314f0000 - 0x00007ffc316d0000 	C:\Windows\SYSTEM32\ntdll.dll
0x00007ffc001f0000 - 0x00007ffc00209000 	C:\Program Files\Avast Software\Avast\aswhook.dll
0x00007ffc31410000 - 0x00007ffc314be000 	C:\Windows\System32\KERNEL32.DLL
0x00007ffc2da50000 - 0x00007ffc2dcb6000 	C:\Windows\System32\KERNELBASE.dll
0x00007ffc2e8c0000 - 0x00007ffc2e9b6000 	C:\Windows\System32\ucrtbase.dll
0x00007ffc28640000 - 0x00007ffc28657000 	C:\Users\PC\.p2\pool\plugins\org.eclipse.justj.openjdk.hotspot.jre.full.win32.x86_64_17.0.8.v20230831-1047\jre\bin\jli.dll
0x00007ffc28660000 - 0x00007ffc28679000 	C:\Users\PC\.p2\pool\plugins\org.eclipse.justj.openjdk.hotspot.jre.full.win32.x86_64_17.0.8.v20230831-1047\jre\bin\VCRUNTIME140.dll
0x00007ffc31280000 - 0x00007ffc3140f000 	C:\Windows\System32\USER32.dll
0x00007ffc2e410000 - 0x00007ffc2e430000 	C:\Windows\System32\win32u.dll
0x00007ffc2f450000 - 0x00007ffc2f478000 	C:\Windows\System32\GDI32.dll
0x00007ffc2e430000 - 0x00007ffc2e5c3000 	C:\Windows\System32\gdi32full.dll
0x00007ffc2e820000 - 0x00007ffc2e8bb000 	C:\Windows\System32\msvcp_win.dll
0x00007ffc153e0000 - 0x00007ffc15649000 	C:\Windows\WinSxS\amd64_microsoft.windows.common-controls_6595b64144ccf1df_6.0.16299.98_none_cc930a042215c348\COMCTL32.dll
0x00007ffc310f0000 - 0x00007ffc3118d000 	C:\Windows\System32\msvcrt.dll
0x00007ffc30a40000 - 0x00007ffc30d48000 	C:\Windows\System32\combase.dll
0x00007ffc2f330000 - 0x00007ffc2f44f000 	C:\Windows\System32\RPCRT4.dll
0x00007ffc2e7a0000 - 0x00007ffc2e812000 	C:\Windows\System32\bcryptPrimitives.dll
0x00007ffc31250000 - 0x00007ffc3127d000 	C:\Windows\System32\IMM32.DLL
0x00007ffc28b60000 - 0x00007ffc28b6c000 	C:\Users\PC\.p2\pool\plugins\org.eclipse.justj.openjdk.hotspot.jre.full.win32.x86_64_17.0.8.v20230831-1047\jre\bin\vcruntime140_1.dll
0x00007ffc20b20000 - 0x00007ffc20bb1000 	C:\Users\PC\.p2\pool\plugins\org.eclipse.justj.openjdk.hotspot.jre.full.win32.x86_64_17.0.8.v20230831-1047\jre\bin\msvcp140.dll
0x00007ffbefab0000 - 0x00007ffbf06fc000 	C:\Users\PC\.p2\pool\plugins\org.eclipse.justj.openjdk.hotspot.jre.full.win32.x86_64_17.0.8.v20230831-1047\jre\bin\server\jvm.dll
0x00007ffc2e9c0000 - 0x00007ffc2ea61000 	C:\Windows\System32\ADVAPI32.dll
0x00007ffc2f5a0000 - 0x00007ffc2f5fb000 	C:\Windows\System32\sechost.dll
0x00007ffc2d860000 - 0x00007ffc2d8ac000 	C:\Windows\System32\POWRPROF.dll
0x00007ffc27c40000 - 0x00007ffc27c63000 	C:\Windows\SYSTEM32\WINMM.dll
0x00007ffc1dd70000 - 0x00007ffc1dd79000 	C:\Windows\SYSTEM32\WSOCK32.dll
0x00007ffc21950000 - 0x00007ffc2195a000 	C:\Windows\SYSTEM32\VERSION.dll
0x00007ffc2f490000 - 0x00007ffc2f4fc000 	C:\Windows\System32\WS2_32.dll
0x00007ffc27c10000 - 0x00007ffc27c3a000 	C:\Windows\SYSTEM32\WINMMBASE.dll
0x00007ffc2d9a0000 - 0x00007ffc2d9ea000 	C:\Windows\System32\cfgmgr32.dll
0x00007ffc2d8d0000 - 0x00007ffc2d8e1000 	C:\Windows\System32\kernel.appcore.dll
0x00007ffc286e0000 - 0x00007ffc286ea000 	C:\Users\PC\.p2\pool\plugins\org.eclipse.justj.openjdk.hotspot.jre.full.win32.x86_64_17.0.8.v20230831-1047\jre\bin\jimage.dll
0x00007ffc292f0000 - 0x00007ffc294b8000 	C:\Windows\SYSTEM32\DBGHELP.DLL
0x00007ffc237d0000 - 0x00007ffc237f9000 	C:\Windows\SYSTEM32\dbgcore.DLL
0x00007ffc285b0000 - 0x00007ffc285d5000 	C:\Users\PC\.p2\pool\plugins\org.eclipse.justj.openjdk.hotspot.jre.full.win32.x86_64_17.0.8.v20230831-1047\jre\bin\java.dll
0x00007ffc27180000 - 0x00007ffc27198000 	C:\Users\PC\.p2\pool\plugins\org.eclipse.justj.openjdk.hotspot.jre.full.win32.x86_64_17.0.8.v20230831-1047\jre\bin\zip.dll
0x00007ffc2f600000 - 0x00007ffc30a36000 	C:\Windows\System32\SHELL32.dll
0x00007ffc31190000 - 0x00007ffc31236000 	C:\Windows\System32\shcore.dll
0x00007ffc2dcc0000 - 0x00007ffc2e407000 	C:\Windows\System32\windows.storage.dll
0x00007ffc2ea70000 - 0x00007ffc2eac1000 	C:\Windows\System32\shlwapi.dll
0x00007ffc2d840000 - 0x00007ffc2d85b000 	C:\Windows\System32\profapi.dll
0x00007ffc27130000 - 0x00007ffc27149000 	C:\Users\PC\.p2\pool\plugins\org.eclipse.justj.openjdk.hotspot.jre.full.win32.x86_64_17.0.8.v20230831-1047\jre\bin\net.dll
0x00007ffc21960000 - 0x00007ffc21a3e000 	C:\Windows\SYSTEM32\WINHTTP.dll
0x00007ffc2d070000 - 0x00007ffc2d0d6000 	C:\Windows\system32\mswsock.dll
0x00007ffc27110000 - 0x00007ffc27125000 	C:\Users\PC\.p2\pool\plugins\org.eclipse.justj.openjdk.hotspot.jre.full.win32.x86_64_17.0.8.v20230831-1047\jre\bin\nio.dll
0x00007ffbe90b0000 - 0x00007ffbe923e000 	C:\Users\PC\.p2\pool\plugins\org.eclipse.justj.openjdk.hotspot.jre.full.win32.x86_64_17.0.8.v20230831-1047\jre\bin\awt.dll
0x00007ffc2f070000 - 0x00007ffc2f135000 	C:\Windows\System32\OLEAUT32.dll
0x00007ffc28930000 - 0x00007ffc289b8000 	C:\Windows\SYSTEM32\apphelp.dll
0x00007ffc28720000 - 0x00007ffc287b5000 	C:\Windows\system32\uxtheme.dll
0x00007ffc30d50000 - 0x00007ffc30eb7000 	C:\Windows\System32\MSCTF.dll
0x00007ffc28d20000 - 0x00007ffc28d4a000 	C:\Windows\system32\dwmapi.dll
0x00007ffc2ef20000 - 0x00007ffc2f069000 	C:\Windows\System32\ole32.dll
0x00007ffc2ce40000 - 0x00007ffc2cef6000 	C:\Windows\SYSTEM32\DNSAPI.dll
0x00007ffc2f480000 - 0x00007ffc2f488000 	C:\Windows\System32\NSI.dll
0x00007ffc2ce00000 - 0x00007ffc2ce39000 	C:\Windows\SYSTEM32\IPHLPAPI.DLL
0x00007ffc212d0000 - 0x00007ffc212da000 	C:\Windows\System32\rasadhlp.dll
0x00007ffc21370000 - 0x00007ffc213e0000 	C:\Windows\System32\fwpuclnt.dll
0x00007ffc2d340000 - 0x00007ffc2d365000 	C:\Windows\SYSTEM32\bcrypt.dll
0x00007ffc2d230000 - 0x00007ffc2d247000 	C:\Windows\SYSTEM32\CRYPTSP.dll
0x00007ffc2cc80000 - 0x00007ffc2ccb3000 	C:\Windows\system32\rsaenh.dll
0x00007ffc2d770000 - 0x00007ffc2d799000 	C:\Windows\SYSTEM32\USERENV.dll
0x00007ffc2d250000 - 0x00007ffc2d25b000 	C:\Windows\SYSTEM32\CRYPTBASE.dll
0x00007ffc236f0000 - 0x00007ffc23706000 	C:\Windows\SYSTEM32\dhcpcsvc6.DLL
0x00007ffc236d0000 - 0x00007ffc236ea000 	C:\Windows\SYSTEM32\dhcpcsvc.DLL
0x00007ffc28840000 - 0x00007ffc2884e000 	C:\Users\PC\.p2\pool\plugins\org.eclipse.justj.openjdk.hotspot.jre.full.win32.x86_64_17.0.8.v20230831-1047\jre\bin\sunmscapi.dll
0x00007ffc2e5d0000 - 0x00007ffc2e79e000 	C:\Windows\System32\CRYPT32.dll
0x00007ffc2d8b0000 - 0x00007ffc2d8c2000 	C:\Windows\System32\MSASN1.dll
0x00007ffc2d310000 - 0x00007ffc2d336000 	C:\Windows\SYSTEM32\ncrypt.dll
0x00007ffc2d2d0000 - 0x00007ffc2d306000 	C:\Windows\SYSTEM32\NTASN1.dll
0x00007ffbe8ca0000 - 0x00007ffbe8dbe000 	C:\Windows\system32\opengl32.dll
0x00007ffc08f70000 - 0x00007ffc08f9c000 	C:\Windows\SYSTEM32\GLU32.dll
0x0000012838d00000 - 0x0000012838e95000 	C:\Windows\system32\d3d9.dll
0x00007ffc1f950000 - 0x00007ffc200bc000 	C:\Windows\SYSTEM32\d3d10warp.dll
0x00007ffbecf70000 - 0x00007ffbecff6000 	C:\Users\PC\.p2\pool\plugins\org.eclipse.justj.openjdk.hotspot.jre.full.win32.x86_64_17.0.8.v20230831-1047\jre\bin\freetype.dll
0x00007ffbe8bc0000 - 0x00007ffbe8c93000 	C:\Users\PC\.p2\pool\plugins\org.eclipse.justj.openjdk.hotspot.jre.full.win32.x86_64_17.0.8.v20230831-1047\jre\bin\fontmanager.dll
0x00007ffc2f500000 - 0x00007ffc2f59e000 	C:\Windows\System32\clbcatq.dll
0x00007ffc26cc0000 - 0x00007ffc26e6b000 	C:\Windows\SYSTEM32\WindowsCodecs.dll
0x00007ffc23eb0000 - 0x00007ffc23eff000 	C:\Windows\system32\dataexchange.dll
0x00007ffc22520000 - 0x00007ffc22801000 	C:\Windows\system32\d3d11.dll
0x00007ffc27dd0000 - 0x00007ffc27f12000 	C:\Windows\system32\dcomp.dll
0x00007ffc2c6b0000 - 0x00007ffc2c75f000 	C:\Windows\system32\dxgi.dll
0x00007ffc28ea0000 - 0x00007ffc2901b000 	C:\Windows\system32\twinapi.appcore.dll
0x00007ffc28e10000 - 0x00007ffc28e30000 	C:\Windows\system32\RMCLIENT.dll
0x00007ffc204f0000 - 0x00007ffc20588000 	C:\Windows\System32\TextInputFramework.dll
0x00007ffc267c0000 - 0x00007ffc26aae000 	C:\Windows\System32\CoreUIComponents.dll
0x00007ffc28470000 - 0x00007ffc2854d000 	C:\Windows\System32\CoreMessaging.dll
0x00007ffc26680000 - 0x00007ffc267b6000 	C:\Windows\SYSTEM32\wintypes.dll
0x00007ffc2c980000 - 0x00007ffc2c9b1000 	C:\Windows\SYSTEM32\ntmarta.dll
0x00007ffc24d70000 - 0x00007ffc24d9d000 	C:\Users\PC\.p2\pool\plugins\org.eclipse.justj.openjdk.hotspot.jre.full.win32.x86_64_17.0.8.v20230831-1047\jre\bin\javajpeg.dll

dbghelp: loaded successfully - version: 4.0.5 - missing functions: none
symbol engine: initialized successfully - sym options: 0x614 - pdb path: .;C:\Users\PC\.p2\pool\plugins\org.eclipse.justj.openjdk.hotspot.jre.full.win32.x86_64_17.0.8.v20230831-1047\jre\bin;C:\Windows\SYSTEM32;C:\Program Files\Avast Software\Avast;C:\Windows\WinSxS\amd64_microsoft.windows.common-controls_6595b64144ccf1df_6.0.16299.98_none_cc930a042215c348;C:\Users\PC\.p2\pool\plugins\org.eclipse.justj.openjdk.hotspot.jre.full.win32.x86_64_17.0.8.v20230831-1047\jre\bin\server

VM Arguments:
jvm_args: -Dfile.encoding=UTF-8 -Dstdout.encoding=UTF-8 -Dstderr.encoding=UTF-8 --module-path=C:\Users\PC\Desktop\UBA_App\UBA_Bank\bin;C:\Users\PC\Desktop\UBA_App\UBA_Bank\src\Libs\mysql-connector-j-8.2.0.jar -XX:+ShowCodeDetailsInExceptionMessages -Djdk.module.main=UBA_Bank 
java_command: UBA_Bank/Administration.Administration_Clients
java_class_path (initial): C:\Users\PC\Desktop\UBA_App\UBA_Bank\src\Libs\mysql-connector-j-8.4.0\mysql-connector-j-8.4.0.jar
Launcher Type: SUN_STANDARD

[Global flags]
     intx CICompilerCount                          = 3                                         {product} {ergonomic}
     uint ConcGCThreads                            = 1                                         {product} {ergonomic}
     uint G1ConcRefinementThreads                  = 4                                         {product} {ergonomic}
   size_t G1HeapRegionSize                         = 1048576                                   {product} {ergonomic}
    uintx GCDrainStackTargetSize                   = 64                                        {product} {ergonomic}
   size_t InitialHeapSize                          = 134217728                                 {product} {ergonomic}
   size_t MarkStackSize                            = 4194304                                   {product} {ergonomic}
   size_t MaxHeapSize                              = 2116026368                                {product} {ergonomic}
   size_t MaxNewSize                               = 1268776960                                {product} {ergonomic}
   size_t MinHeapDeltaBytes                        = 1048576                                   {product} {ergonomic}
   size_t MinHeapSize                              = 8388608                                   {product} {ergonomic}
    uintx NonNMethodCodeHeapSize                   = 5832780                                {pd product} {ergonomic}
    uintx NonProfiledCodeHeapSize                  = 122912730                              {pd product} {ergonomic}
    uintx ProfiledCodeHeapSize                     = 122912730                              {pd product} {ergonomic}
    uintx ReservedCodeCacheSize                    = 251658240                              {pd product} {ergonomic}
     bool SegmentedCodeCache                       = true                                      {product} {ergonomic}
     bool ShowCodeDetailsInExceptionMessages       = true                                   {manageable} {command line}
   size_t SoftMaxHeapSize                          = 2116026368                             {manageable} {ergonomic}
     bool UseCompressedClassPointers               = true                           {product lp64_product} {ergonomic}
     bool UseCompressedOops                        = true                           {product lp64_product} {ergonomic}
     bool UseG1GC                                  = true                                      {product} {ergonomic}
     bool UseLargePagesIndividualAllocation        = false                                  {pd product} {ergonomic}

Logging:
Log output configuration:
 #0: stdout all=warning uptime,level,tags
 #1: stderr all=off uptime,level,tags

Environment Variables:
PATH=C:/Users/PC/.p2/pool/plugins/org.eclipse.justj.openjdk.hotspot.jre.full.win32.x86_64_17.0.8.v20230831-1047/jre/bin/server;C:/Users/PC/.p2/pool/plugins/org.eclipse.justj.openjdk.hotspot.jre.full.win32.x86_64_17.0.8.v20230831-1047/jre/bin;C:\MinGW\bin;C:\Program Files\Java\jdk-14.0.1\bin;C:\Program Files\Dart;C:\Program Files\dotnet;C:\Program Files\Swift\runtime-development\usr\bin;C:\Program Files\Swift;C:\Program Files\Dart\dart-sdk\bin;C:\Users\PC\AppData\Roaming\Microsoft\Windows\Start Menu\Programs\Python 3.11;C:\MinGW;c:\mingw\lib\gcc\mingw32\4.8.1\include\c++;C:\MinGW\lib\gcc\mingw32\4.8.1\include;C:\MinGW\include;C:\Program Files\MinGW\bin;C:\Users\PC\Desktop\SQL2022\SQLEXPR_x64_ENU;C:\wamp64\bin\mysql\mysql8.0.31\bin;C:\Users\PC\Desktop\java\WindowBuilder-Updates-1.13.0\features;C:\Users\PC\Desktop\java\WindowBuilder-Updates-1.13.0\plugins;C:\Users\PC\Desktop\java\WindowBuilder-Updates-1.13.0;C:\Qt\qtcreator-3.4.2\bin;C:\Program Files\kotlinc\bin;C:\Ruby32-x64\bin;C:\Program Files\kotlinc\lib;C:\Program Files\kotlinc;C:\kotlincc;C:\Program Files\MongoDB\Server\7.0\bin;C:\wamp64\bin\mysql\mysql8.0.31\bin;C:\Program Files\nodejs\;C:\Program Files\nodejs\node_modules\npm\bin;C:\Program Files\Git\cmd;C:\Program Files\php;C:\VSCodeSetup-x64-1.71.0;C:\ProgramData\ComposerSetup\bin;C:\wamp64\bin\php\php8.2.0;C:\SQLITE;C:\AnalyseSI-0.80;C:\Ruby32-x64\bin;C:\Users\PC\AppData\Local\Programs\Python\Python311\Scripts\;C:\Users\PC\AppData\Local\Programs\Python\Python311\;C:\Program Files\Java;C:\Users\PC\.dotnet\tools;c:\mingw\lib\gcc\mingw32\;C:\Users\PC\AppData\Roaming\npm;C:\Users\PC\AppData\Roaming\Composer\vendor\bin;C:\Windows\System32;
USERNAME=PC
OS=Windows_NT
PROCESSOR_IDENTIFIER=Intel64 Family 6 Model 78 Stepping 3, GenuineIntel
TMP=C:\Users\PC\AppData\Local\Temp
TEMP=C:\Users\PC\AppData\Local\Temp



---------------  S Y S T E M  ---------------

OS:
 Windows 10 , 64 bit Build 16299 (10.0.16299.15)
OS uptime: 2 days 0:16 hours

CPU: total 4 (initial active 4) (2 cores per cpu, 2 threads per core) family 6 model 78 stepping 3 microcode 0xea, cx8, cmov, fxsr, ht, mmx, 3dnowpref, sse, sse2, sse3, ssse3, sse4.1, sse4.2, popcnt, lzcnt, tsc, tscinvbit, avx, avx2, aes, erms, clmul, bmi1, bmi2, adx, fma, vzeroupper, clflush, clflushopt
Processor Information for all 4 processors :
  Max Mhz: 2400, Current Mhz: 2300, Mhz Limit: 2280

Memory: 4k page, system-wide physical 8071M (2546M free)
TotalPageFile size 9976M (AvailPageFile size 38M)
current process WorkingSet (physical memory assigned to process): 189M, peak: 189M
current process commit charge ("private bytes"): 204M, peak: 241M

vm_info: OpenJDK 64-Bit Server VM (17.0.8.1+1) for windows-amd64 JRE (17.0.8.1+1), built on Aug 23 2023 15:29:17 by "admin" with MS VC++ 16.7 (VS2019)

END.
