#
# There is insufficient memory for the Java Runtime Environment to continue.
# Native memory allocation (malloc) failed to allocate 32784 bytes for Chunk::new
# Possible reasons:
#   The system is out of physical RAM or swap space
#   The process is running with CompressedOops enabled, and the Java Heap may be blocking the growth of the native heap
# Possible solutions:
#   Reduce memory load on the system
#   Increase physical memory or swap space
#   Check if swap backing store is full
#   Decrease Java heap size (-Xmx/-Xms)
#   Decrease number of Java threads
#   Decrease Java thread stack sizes (-Xss)
#   Set larger code cache with -XX:ReservedCodeCacheSize=
#   JVM is running with Unscaled Compressed Oops mode in which the Java heap is
#     placed in the first 4GB address space. The Java Heap base address is the
#     maximum limit for the native heap growth. Please use -XX:HeapBaseMinAddress
#     to set the Java Heap base and to place the Java Heap above 4GB virtual address.
# This output file may be truncated or incomplete.
#
#  Out of Memory Error (arena.cpp:189), pid=10520, tid=5876
#
# JRE version: OpenJDK Runtime Environment Temurin-17.0.8.1+1 (17.0.8.1+1) (build 17.0.8.1+1)
# Java VM: OpenJDK 64-Bit Server VM Temurin-17.0.8.1+1 (17.0.8.1+1, mixed mode, tiered, compressed oops, compressed class ptrs, g1 gc, windows-amd64)
# No core dump will be written. Minidumps are not enabled by default on client versions of Windows
#

---------------  S U M M A R Y ------------

Command Line: -Dfile.encoding=UTF-8 -Dstdout.encoding=UTF-8 -Dstderr.encoding=UTF-8 --module-path=C:\Users\PC\Desktop\UBA_App\UBA_Bank\bin;C:\Users\PC\Desktop\UBA_App\UBA_Bank\src\Libs\mysql-connector-j-8.2.0.jar -XX:+ShowCodeDetailsInExceptionMessages -Djdk.module.main=UBA_Bank UBA_Bank/Page.UBA_Services

Host: Intel(R) Core(TM) i5-6200U CPU @ 2.30GHz, 4 cores, 7G,  Windows 10 , 64 bit Build 16299 (10.0.16299.15)
Time: Sun May 26 15:41:13 2024 W. Central Africa Standard Time elapsed time: 2.280933 seconds (0d 0h 0m 2s)

---------------  T H R E A D  ---------------

Current thread (0x0000018d77300bd0):  JavaThread "C2 CompilerThread0" daemon [_thread_in_native, id=5876, stack(0x000000312b700000,0x000000312b800000)]


Current CompileTask:
C2:   2281  762 %     4       java.util.Properties$LineReader::readLine @ 53 (584 bytes)

Stack: [0x000000312b700000,0x000000312b800000]
Native frames: (J=compiled Java code, j=interpreted, Vv=VM code, C=native code)
V  [jvm.dll+0x678b0a]
V  [jvm.dll+0x835e84]
V  [jvm.dll+0x83762e]
V  [jvm.dll+0x837c93]
V  [jvm.dll+0x24746f]
V  [jvm.dll+0xac20c]
V  [jvm.dll+0xac7dc]
V  [jvm.dll+0xac31b]
V  [jvm.dll+0x6560bc]
V  [jvm.dll+0x604cc7]
V  [jvm.dll+0x60a4bb]
V  [jvm.dll+0x60b282]
V  [jvm.dll+0x6097e4]
V  [jvm.dll+0x219a68]
V  [jvm.dll+0x219011]
V  [jvm.dll+0x1a534d]
V  [jvm.dll+0x228d8a]
V  [jvm.dll+0x226dcc]
V  [jvm.dll+0x7ec09b]
V  [jvm.dll+0x7e64ca]
V  [jvm.dll+0x677955]
C  [ucrtbase.dll+0x1d885]
C  [KERNEL32.DLL+0x11fe4]
C  [ntdll.dll+0x6ef91]


---------------  P R O C E S S  ---------------

Threads class SMR info:
_java_thread_list=0x0000018d778546c0, length=17, elements={
0x0000018d772da620, 0x0000018d772db520, 0x0000018d772fd280, 0x0000018d772feb60,
0x0000018d772ff520, 0x0000018d772ffee0, 0x0000018d77300bd0, 0x0000018d77370c80,
0x0000018d77375d80, 0x0000018d77244300, 0x0000018d776dd330, 0x0000018d7761b320,
0x0000018d7761b800, 0x0000018d7761bce0, 0x0000018d7785a070, 0x0000018d5dbd7e60,
0x0000018d7785b560
}

Java Threads: ( => current thread )
  0x0000018d772da620 JavaThread "Reference Handler" daemon [_thread_blocked, id=2276, stack(0x000000312b100000,0x000000312b200000)]
  0x0000018d772db520 JavaThread "Finalizer" daemon [_thread_blocked, id=7844, stack(0x000000312b200000,0x000000312b300000)]
  0x0000018d772fd280 JavaThread "Signal Dispatcher" daemon [_thread_blocked, id=6352, stack(0x000000312b300000,0x000000312b400000)]
  0x0000018d772feb60 JavaThread "Attach Listener" daemon [_thread_blocked, id=9592, stack(0x000000312b400000,0x000000312b500000)]
  0x0000018d772ff520 JavaThread "Service Thread" daemon [_thread_blocked, id=11076, stack(0x000000312b500000,0x000000312b600000)]
  0x0000018d772ffee0 JavaThread "Monitor Deflation Thread" daemon [_thread_blocked, id=5612, stack(0x000000312b600000,0x000000312b700000)]
=>0x0000018d77300bd0 JavaThread "C2 CompilerThread0" daemon [_thread_in_native, id=5876, stack(0x000000312b700000,0x000000312b800000)]
  0x0000018d77370c80 JavaThread "C1 CompilerThread0" daemon [_thread_blocked, id=11688, stack(0x000000312b800000,0x000000312b900000)]
  0x0000018d77375d80 JavaThread "Sweeper thread" daemon [_thread_blocked, id=4104, stack(0x000000312b900000,0x000000312ba00000)]
  0x0000018d77244300 JavaThread "Common-Cleaner" daemon [_thread_blocked, id=11880, stack(0x000000312ba00000,0x000000312bb00000)]
  0x0000018d776dd330 JavaThread "Notification Thread" daemon [_thread_blocked, id=10352, stack(0x000000312bd00000,0x000000312be00000)]
  0x0000018d7761b320 JavaThread "Java2D Disposer" daemon [_thread_blocked, id=8424, stack(0x000000312bf00000,0x000000312c000000)]
  0x0000018d7761b800 JavaThread "AWT-Shutdown" [_thread_blocked, id=6604, stack(0x000000312c000000,0x000000312c100000)]
  0x0000018d7761bce0 JavaThread "AWT-Windows" daemon [_thread_in_native, id=8120, stack(0x000000312c100000,0x000000312c200000)]
  0x0000018d7785a070 JavaThread "AWT-EventQueue-0" [_thread_in_vm, id=3916, stack(0x000000312c200000,0x000000312c300000)]
  0x0000018d5dbd7e60 JavaThread "DestroyJavaVM" [_thread_blocked, id=9736, stack(0x000000312a900000,0x000000312aa00000)]
  0x0000018d7785b560 JavaThread "mysql-cj-abandoned-connection-cleanup" daemon [_thread_blocked, id=5576, stack(0x000000312c300000,0x000000312c400000)]

Other Threads:
  0x0000018d7725dee0 VMThread "VM Thread" [stack: 0x000000312b000000,0x000000312b100000] [id=11808]
  0x0000018d7761ea90 WatcherThread [stack: 0x000000312be00000,0x000000312bf00000] [id=11824]
  0x0000018d5dc322b0 GCTaskThread "GC Thread#0" [stack: 0x000000312ab00000,0x000000312ac00000] [id=8504]
  0x0000018d778df2e0 GCTaskThread "GC Thread#1" [stack: 0x000000312c400000,0x000000312c500000] [id=8332]
  0x0000018d7792f360 GCTaskThread "GC Thread#2" [stack: 0x000000312c500000,0x000000312c600000] [id=8408]
  0x0000018d7792f620 GCTaskThread "GC Thread#3" [stack: 0x000000312c600000,0x000000312c700000] [id=3960]
  0x0000018d5dc42e40 ConcurrentGCThread "G1 Main Marker" [stack: 0x000000312ac00000,0x000000312ad00000] [id=2248]
  0x0000018d5dc43850 ConcurrentGCThread "G1 Conc#0" [stack: 0x000000312ad00000,0x000000312ae00000] [id=7836]
  0x0000018d771120c0 ConcurrentGCThread "G1 Refine#0" [stack: 0x000000312ae00000,0x000000312af00000] [id=5204]
  0x0000018d77112d00 ConcurrentGCThread "G1 Service" [stack: 0x000000312af00000,0x000000312b000000] [id=7976]

Threads with active compile tasks:
C2 CompilerThread0     2318  762 %     4       java.util.Properties$LineReader::readLine @ 53 (584 bytes)

VM state: not at safepoint (normal execution)

VM Mutex/Monitor currently owned by a thread: None

Heap address: 0x0000000081e00000, size: 2018 MB, Compressed Oops mode: 32-bit

CDS archive(s) not mapped
Compressed class space mapped at: 0x0000000100000000-0x0000000140000000, reserved size: 1073741824
Narrow klass base: 0x0000000000000000, Narrow klass shift: 3, Narrow klass range: 0x140000000

GC Precious Log:
 CPUs: 4 total, 4 available
 Memory: 8071M
 Large Page Support: Disabled
 NUMA Support: Disabled
 Compressed Oops: Enabled (32-bit)
 Heap Region Size: 1M
 Heap Min Capacity: 8M
 Heap Initial Capacity: 128M
 Heap Max Capacity: 2018M
 Pre-touch: Disabled
 Parallel Workers: 4
 Concurrent Workers: 1
 Concurrent Refinement Workers: 4
 Periodic GC: Disabled

Heap:
 garbage-first heap   total 131072K, used 1600K [0x0000000081e00000, 0x0000000100000000)
  region size 1024K, 3 young (3072K), 2 survivors (2048K)
 Metaspace       used 11238K, committed 11456K, reserved 1114112K
  class space    used 1038K, committed 1152K, reserved 1048576K

Heap Regions: E=young(eden), S=young(survivor), O=old, HS=humongous(starts), HC=humongous(continues), CS=collection set, F=free, OA=open archive, CA=closed archive, TAMS=top-at-mark-start (previous, next)
|   0|0x0000000081e00000, 0x0000000081e00000, 0x0000000081f00000|  0%| F|  |TAMS 0x0000000081e00000, 0x0000000081e00000| Untracked 
|   1|0x0000000081f00000, 0x0000000081f00000, 0x0000000082000000|  0%| F|  |TAMS 0x0000000081f00000, 0x0000000081f00000| Untracked 
|   2|0x0000000082000000, 0x0000000082000000, 0x0000000082100000|  0%| F|  |TAMS 0x0000000082000000, 0x0000000082000000| Untracked 
|   3|0x0000000082100000, 0x0000000082100000, 0x0000000082200000|  0%| F|  |TAMS 0x0000000082100000, 0x0000000082100000| Untracked 
|   4|0x0000000082200000, 0x0000000082200000, 0x0000000082300000|  0%| F|  |TAMS 0x0000000082200000, 0x0000000082200000| Untracked 
|   5|0x0000000082300000, 0x0000000082300000, 0x0000000082400000|  0%| F|  |TAMS 0x0000000082300000, 0x0000000082300000| Untracked 
|   6|0x0000000082400000, 0x0000000082400000, 0x0000000082500000|  0%| F|  |TAMS 0x0000000082400000, 0x0000000082400000| Untracked 
|   7|0x0000000082500000, 0x0000000082500000, 0x0000000082600000|  0%| F|  |TAMS 0x0000000082500000, 0x0000000082500000| Untracked 
|   8|0x0000000082600000, 0x0000000082600000, 0x0000000082700000|  0%| F|  |TAMS 0x0000000082600000, 0x0000000082600000| Untracked 
|   9|0x0000000082700000, 0x0000000082700000, 0x0000000082800000|  0%| F|  |TAMS 0x0000000082700000, 0x0000000082700000| Untracked 
|  10|0x0000000082800000, 0x0000000082800000, 0x0000000082900000|  0%| F|  |TAMS 0x0000000082800000, 0x0000000082800000| Untracked 
|  11|0x0000000082900000, 0x0000000082900000, 0x0000000082a00000|  0%| F|  |TAMS 0x0000000082900000, 0x0000000082900000| Untracked 
|  12|0x0000000082a00000, 0x0000000082a00000, 0x0000000082b00000|  0%| F|  |TAMS 0x0000000082a00000, 0x0000000082a00000| Untracked 
|  13|0x0000000082b00000, 0x0000000082b00000, 0x0000000082c00000|  0%| F|  |TAMS 0x0000000082b00000, 0x0000000082b00000| Untracked 
|  14|0x0000000082c00000, 0x0000000082c00000, 0x0000000082d00000|  0%| F|  |TAMS 0x0000000082c00000, 0x0000000082c00000| Untracked 
|  15|0x0000000082d00000, 0x0000000082d00000, 0x0000000082e00000|  0%| F|  |TAMS 0x0000000082d00000, 0x0000000082d00000| Untracked 
|  16|0x0000000082e00000, 0x0000000082e00000, 0x0000000082f00000|  0%| F|  |TAMS 0x0000000082e00000, 0x0000000082e00000| Untracked 
|  17|0x0000000082f00000, 0x0000000082f00000, 0x0000000083000000|  0%| F|  |TAMS 0x0000000082f00000, 0x0000000082f00000| Untracked 
|  18|0x0000000083000000, 0x0000000083000000, 0x0000000083100000|  0%| F|  |TAMS 0x0000000083000000, 0x0000000083000000| Untracked 
|  19|0x0000000083100000, 0x0000000083100000, 0x0000000083200000|  0%| F|  |TAMS 0x0000000083100000, 0x0000000083100000| Untracked 
|  20|0x0000000083200000, 0x0000000083200000, 0x0000000083300000|  0%| F|  |TAMS 0x0000000083200000, 0x0000000083200000| Untracked 
|  21|0x0000000083300000, 0x0000000083300000, 0x0000000083400000|  0%| F|  |TAMS 0x0000000083300000, 0x0000000083300000| Untracked 
|  22|0x0000000083400000, 0x0000000083400000, 0x0000000083500000|  0%| F|  |TAMS 0x0000000083400000, 0x0000000083400000| Untracked 
|  23|0x0000000083500000, 0x0000000083500000, 0x0000000083600000|  0%| F|  |TAMS 0x0000000083500000, 0x0000000083500000| Untracked 
|  24|0x0000000083600000, 0x0000000083600000, 0x0000000083700000|  0%| F|  |TAMS 0x0000000083600000, 0x0000000083600000| Untracked 
|  25|0x0000000083700000, 0x0000000083700000, 0x0000000083800000|  0%| F|  |TAMS 0x0000000083700000, 0x0000000083700000| Untracked 
|  26|0x0000000083800000, 0x0000000083800000, 0x0000000083900000|  0%| F|  |TAMS 0x0000000083800000, 0x0000000083800000| Untracked 
|  27|0x0000000083900000, 0x0000000083900000, 0x0000000083a00000|  0%| F|  |TAMS 0x0000000083900000, 0x0000000083900000| Untracked 
|  28|0x0000000083a00000, 0x0000000083a00000, 0x0000000083b00000|  0%| F|  |TAMS 0x0000000083a00000, 0x0000000083a00000| Untracked 
|  29|0x0000000083b00000, 0x0000000083b00000, 0x0000000083c00000|  0%| F|  |TAMS 0x0000000083b00000, 0x0000000083b00000| Untracked 
|  30|0x0000000083c00000, 0x0000000083c00000, 0x0000000083d00000|  0%| F|  |TAMS 0x0000000083c00000, 0x0000000083c00000| Untracked 
|  31|0x0000000083d00000, 0x0000000083d00000, 0x0000000083e00000|  0%| F|  |TAMS 0x0000000083d00000, 0x0000000083d00000| Untracked 
|  32|0x0000000083e00000, 0x0000000083e00000, 0x0000000083f00000|  0%| F|  |TAMS 0x0000000083e00000, 0x0000000083e00000| Untracked 
|  33|0x0000000083f00000, 0x0000000083f00000, 0x0000000084000000|  0%| F|  |TAMS 0x0000000083f00000, 0x0000000083f00000| Untracked 
|  34|0x0000000084000000, 0x0000000084000000, 0x0000000084100000|  0%| F|  |TAMS 0x0000000084000000, 0x0000000084000000| Untracked 
|  35|0x0000000084100000, 0x0000000084100000, 0x0000000084200000|  0%| F|  |TAMS 0x0000000084100000, 0x0000000084100000| Untracked 
|  36|0x0000000084200000, 0x0000000084200000, 0x0000000084300000|  0%| F|  |TAMS 0x0000000084200000, 0x0000000084200000| Untracked 
|  37|0x0000000084300000, 0x0000000084300000, 0x0000000084400000|  0%| F|  |TAMS 0x0000000084300000, 0x0000000084300000| Untracked 
|  38|0x0000000084400000, 0x0000000084400000, 0x0000000084500000|  0%| F|  |TAMS 0x0000000084400000, 0x0000000084400000| Untracked 
|  39|0x0000000084500000, 0x0000000084500000, 0x0000000084600000|  0%| F|  |TAMS 0x0000000084500000, 0x0000000084500000| Untracked 
|  40|0x0000000084600000, 0x0000000084600000, 0x0000000084700000|  0%| F|  |TAMS 0x0000000084600000, 0x0000000084600000| Untracked 
|  41|0x0000000084700000, 0x0000000084700000, 0x0000000084800000|  0%| F|  |TAMS 0x0000000084700000, 0x0000000084700000| Untracked 
|  42|0x0000000084800000, 0x0000000084800000, 0x0000000084900000|  0%| F|  |TAMS 0x0000000084800000, 0x0000000084800000| Untracked 
|  43|0x0000000084900000, 0x0000000084900000, 0x0000000084a00000|  0%| F|  |TAMS 0x0000000084900000, 0x0000000084900000| Untracked 
|  44|0x0000000084a00000, 0x0000000084a00000, 0x0000000084b00000|  0%| F|  |TAMS 0x0000000084a00000, 0x0000000084a00000| Untracked 
|  45|0x0000000084b00000, 0x0000000084b00000, 0x0000000084c00000|  0%| F|  |TAMS 0x0000000084b00000, 0x0000000084b00000| Untracked 
|  46|0x0000000084c00000, 0x0000000084c00000, 0x0000000084d00000|  0%| F|  |TAMS 0x0000000084c00000, 0x0000000084c00000| Untracked 
|  47|0x0000000084d00000, 0x0000000084d00000, 0x0000000084e00000|  0%| F|  |TAMS 0x0000000084d00000, 0x0000000084d00000| Untracked 
|  48|0x0000000084e00000, 0x0000000084e00000, 0x0000000084f00000|  0%| F|  |TAMS 0x0000000084e00000, 0x0000000084e00000| Untracked 
|  49|0x0000000084f00000, 0x0000000084f00000, 0x0000000085000000|  0%| F|  |TAMS 0x0000000084f00000, 0x0000000084f00000| Untracked 
|  50|0x0000000085000000, 0x0000000085000000, 0x0000000085100000|  0%| F|  |TAMS 0x0000000085000000, 0x0000000085000000| Untracked 
|  51|0x0000000085100000, 0x0000000085100000, 0x0000000085200000|  0%| F|  |TAMS 0x0000000085100000, 0x0000000085100000| Untracked 
|  52|0x0000000085200000, 0x0000000085200000, 0x0000000085300000|  0%| F|  |TAMS 0x0000000085200000, 0x0000000085200000| Untracked 
|  53|0x0000000085300000, 0x0000000085300000, 0x0000000085400000|  0%| F|  |TAMS 0x0000000085300000, 0x0000000085300000| Untracked 
|  54|0x0000000085400000, 0x0000000085400000, 0x0000000085500000|  0%| F|  |TAMS 0x0000000085400000, 0x0000000085400000| Untracked 
|  55|0x0000000085500000, 0x0000000085500000, 0x0000000085600000|  0%| F|  |TAMS 0x0000000085500000, 0x0000000085500000| Untracked 
|  56|0x0000000085600000, 0x0000000085600000, 0x0000000085700000|  0%| F|  |TAMS 0x0000000085600000, 0x0000000085600000| Untracked 
|  57|0x0000000085700000, 0x0000000085700000, 0x0000000085800000|  0%| F|  |TAMS 0x0000000085700000, 0x0000000085700000| Untracked 
|  58|0x0000000085800000, 0x0000000085800000, 0x0000000085900000|  0%| F|  |TAMS 0x0000000085800000, 0x0000000085800000| Untracked 
|  59|0x0000000085900000, 0x0000000085900000, 0x0000000085a00000|  0%| F|  |TAMS 0x0000000085900000, 0x0000000085900000| Untracked 
|  60|0x0000000085a00000, 0x0000000085a00000, 0x0000000085b00000|  0%| F|  |TAMS 0x0000000085a00000, 0x0000000085a00000| Untracked 
|  61|0x0000000085b00000, 0x0000000085b00000, 0x0000000085c00000|  0%| F|  |TAMS 0x0000000085b00000, 0x0000000085b00000| Untracked 
|  62|0x0000000085c00000, 0x0000000085c00000, 0x0000000085d00000|  0%| F|  |TAMS 0x0000000085c00000, 0x0000000085c00000| Untracked 
|  63|0x0000000085d00000, 0x0000000085d00000, 0x0000000085e00000|  0%| F|  |TAMS 0x0000000085d00000, 0x0000000085d00000| Untracked 
|  64|0x0000000085e00000, 0x0000000085e00000, 0x0000000085f00000|  0%| F|  |TAMS 0x0000000085e00000, 0x0000000085e00000| Untracked 
|  65|0x0000000085f00000, 0x0000000085f00000, 0x0000000086000000|  0%| F|  |TAMS 0x0000000085f00000, 0x0000000085f00000| Untracked 
|  66|0x0000000086000000, 0x0000000086000000, 0x0000000086100000|  0%| F|  |TAMS 0x0000000086000000, 0x0000000086000000| Untracked 
|  67|0x0000000086100000, 0x0000000086100000, 0x0000000086200000|  0%| F|  |TAMS 0x0000000086100000, 0x0000000086100000| Untracked 
|  68|0x0000000086200000, 0x0000000086200000, 0x0000000086300000|  0%| F|  |TAMS 0x0000000086200000, 0x0000000086200000| Untracked 
|  69|0x0000000086300000, 0x0000000086300000, 0x0000000086400000|  0%| F|  |TAMS 0x0000000086300000, 0x0000000086300000| Untracked 
|  70|0x0000000086400000, 0x0000000086400000, 0x0000000086500000|  0%| F|  |TAMS 0x0000000086400000, 0x0000000086400000| Untracked 
|  71|0x0000000086500000, 0x0000000086500000, 0x0000000086600000|  0%| F|  |TAMS 0x0000000086500000, 0x0000000086500000| Untracked 
|  72|0x0000000086600000, 0x0000000086600000, 0x0000000086700000|  0%| F|  |TAMS 0x0000000086600000, 0x0000000086600000| Untracked 
|  73|0x0000000086700000, 0x0000000086700000, 0x0000000086800000|  0%| F|  |TAMS 0x0000000086700000, 0x0000000086700000| Untracked 
|  74|0x0000000086800000, 0x0000000086800000, 0x0000000086900000|  0%| F|  |TAMS 0x0000000086800000, 0x0000000086800000| Untracked 
|  75|0x0000000086900000, 0x0000000086900000, 0x0000000086a00000|  0%| F|  |TAMS 0x0000000086900000, 0x0000000086900000| Untracked 
|  76|0x0000000086a00000, 0x0000000086a00000, 0x0000000086b00000|  0%| F|  |TAMS 0x0000000086a00000, 0x0000000086a00000| Untracked 
|  77|0x0000000086b00000, 0x0000000086b00000, 0x0000000086c00000|  0%| F|  |TAMS 0x0000000086b00000, 0x0000000086b00000| Untracked 
|  78|0x0000000086c00000, 0x0000000086c00000, 0x0000000086d00000|  0%| F|  |TAMS 0x0000000086c00000, 0x0000000086c00000| Untracked 
|  79|0x0000000086d00000, 0x0000000086d00000, 0x0000000086e00000|  0%| F|  |TAMS 0x0000000086d00000, 0x0000000086d00000| Untracked 
|  80|0x0000000086e00000, 0x0000000086e00000, 0x0000000086f00000|  0%| F|  |TAMS 0x0000000086e00000, 0x0000000086e00000| Untracked 
|  81|0x0000000086f00000, 0x0000000086f00000, 0x0000000087000000|  0%| F|  |TAMS 0x0000000086f00000, 0x0000000086f00000| Untracked 
|  82|0x0000000087000000, 0x0000000087000000, 0x0000000087100000|  0%| F|  |TAMS 0x0000000087000000, 0x0000000087000000| Untracked 
|  83|0x0000000087100000, 0x0000000087100000, 0x0000000087200000|  0%| F|  |TAMS 0x0000000087100000, 0x0000000087100000| Untracked 
|  84|0x0000000087200000, 0x0000000087200000, 0x0000000087300000|  0%| F|  |TAMS 0x0000000087200000, 0x0000000087200000| Untracked 
|  85|0x0000000087300000, 0x0000000087300000, 0x0000000087400000|  0%| F|  |TAMS 0x0000000087300000, 0x0000000087300000| Untracked 
|  86|0x0000000087400000, 0x0000000087400000, 0x0000000087500000|  0%| F|  |TAMS 0x0000000087400000, 0x0000000087400000| Untracked 
|  87|0x0000000087500000, 0x0000000087500000, 0x0000000087600000|  0%| F|  |TAMS 0x0000000087500000, 0x0000000087500000| Untracked 
|  88|0x0000000087600000, 0x0000000087600000, 0x0000000087700000|  0%| F|  |TAMS 0x0000000087600000, 0x0000000087600000| Untracked 
|  89|0x0000000087700000, 0x0000000087700000, 0x0000000087800000|  0%| F|  |TAMS 0x0000000087700000, 0x0000000087700000| Untracked 
|  90|0x0000000087800000, 0x0000000087800000, 0x0000000087900000|  0%| F|  |TAMS 0x0000000087800000, 0x0000000087800000| Untracked 
|  91|0x0000000087900000, 0x0000000087900000, 0x0000000087a00000|  0%| F|  |TAMS 0x0000000087900000, 0x0000000087900000| Untracked 
|  92|0x0000000087a00000, 0x0000000087a00000, 0x0000000087b00000|  0%| F|  |TAMS 0x0000000087a00000, 0x0000000087a00000| Untracked 
|  93|0x0000000087b00000, 0x0000000087b00000, 0x0000000087c00000|  0%| F|  |TAMS 0x0000000087b00000, 0x0000000087b00000| Untracked 
|  94|0x0000000087c00000, 0x0000000087c00000, 0x0000000087d00000|  0%| F|  |TAMS 0x0000000087c00000, 0x0000000087c00000| Untracked 
|  95|0x0000000087d00000, 0x0000000087d00000, 0x0000000087e00000|  0%| F|  |TAMS 0x0000000087d00000, 0x0000000087d00000| Untracked 
|  96|0x0000000087e00000, 0x0000000087e00000, 0x0000000087f00000|  0%| F|  |TAMS 0x0000000087e00000, 0x0000000087e00000| Untracked 
|  97|0x0000000087f00000, 0x0000000087f00000, 0x0000000088000000|  0%| F|  |TAMS 0x0000000087f00000, 0x0000000087f00000| Untracked 
|  98|0x0000000088000000, 0x0000000088000000, 0x0000000088100000|  0%| F|  |TAMS 0x0000000088000000, 0x0000000088000000| Untracked 
|  99|0x0000000088100000, 0x0000000088100000, 0x0000000088200000|  0%| F|  |TAMS 0x0000000088100000, 0x0000000088100000| Untracked 
| 100|0x0000000088200000, 0x0000000088200000, 0x0000000088300000|  0%| F|  |TAMS 0x0000000088200000, 0x0000000088200000| Untracked 
| 101|0x0000000088300000, 0x0000000088300000, 0x0000000088400000|  0%| F|  |TAMS 0x0000000088300000, 0x0000000088300000| Untracked 
| 102|0x0000000088400000, 0x0000000088400000, 0x0000000088500000|  0%| F|  |TAMS 0x0000000088400000, 0x0000000088400000| Untracked 
| 103|0x0000000088500000, 0x0000000088500000, 0x0000000088600000|  0%| F|  |TAMS 0x0000000088500000, 0x0000000088500000| Untracked 
| 104|0x0000000088600000, 0x0000000088600000, 0x0000000088700000|  0%| F|  |TAMS 0x0000000088600000, 0x0000000088600000| Untracked 
| 105|0x0000000088700000, 0x0000000088700000, 0x0000000088800000|  0%| F|  |TAMS 0x0000000088700000, 0x0000000088700000| Untracked 
| 106|0x0000000088800000, 0x0000000088800000, 0x0000000088900000|  0%| F|  |TAMS 0x0000000088800000, 0x0000000088800000| Untracked 
| 107|0x0000000088900000, 0x0000000088900000, 0x0000000088a00000|  0%| F|  |TAMS 0x0000000088900000, 0x0000000088900000| Untracked 
| 108|0x0000000088a00000, 0x0000000088a00000, 0x0000000088b00000|  0%| F|  |TAMS 0x0000000088a00000, 0x0000000088a00000| Untracked 
| 109|0x0000000088b00000, 0x0000000088b00000, 0x0000000088c00000|  0%| F|  |TAMS 0x0000000088b00000, 0x0000000088b00000| Untracked 
| 110|0x0000000088c00000, 0x0000000088c00000, 0x0000000088d00000|  0%| F|  |TAMS 0x0000000088c00000, 0x0000000088c00000| Untracked 
| 111|0x0000000088d00000, 0x0000000088d00000, 0x0000000088e00000|  0%| F|  |TAMS 0x0000000088d00000, 0x0000000088d00000| Untracked 
| 112|0x0000000088e00000, 0x0000000088e00000, 0x0000000088f00000|  0%| F|  |TAMS 0x0000000088e00000, 0x0000000088e00000| Untracked 
| 113|0x0000000088f00000, 0x0000000088f90020, 0x0000000089000000| 56%| S|CS|TAMS 0x0000000088f00000, 0x0000000088f00000| Complete 
| 114|0x0000000089000000, 0x0000000089100000, 0x0000000089100000|100%| S|CS|TAMS 0x0000000089000000, 0x0000000089000000| Complete 
| 115|0x0000000089100000, 0x0000000089100000, 0x0000000089200000|  0%| F|  |TAMS 0x0000000089100000, 0x0000000089100000| Untracked 
| 116|0x0000000089200000, 0x0000000089200000, 0x0000000089300000|  0%| F|  |TAMS 0x0000000089200000, 0x0000000089200000| Untracked 
| 117|0x0000000089300000, 0x0000000089300000, 0x0000000089400000|  0%| F|  |TAMS 0x0000000089300000, 0x0000000089300000| Untracked 
| 118|0x0000000089400000, 0x0000000089400000, 0x0000000089500000|  0%| F|  |TAMS 0x0000000089400000, 0x0000000089400000| Untracked 
| 119|0x0000000089500000, 0x0000000089500000, 0x0000000089600000|  0%| F|  |TAMS 0x0000000089500000, 0x0000000089500000| Untracked 
| 120|0x0000000089600000, 0x0000000089600000, 0x0000000089700000|  0%| F|  |TAMS 0x0000000089600000, 0x0000000089600000| Untracked 
| 121|0x0000000089700000, 0x0000000089700000, 0x0000000089800000|  0%| F|  |TAMS 0x0000000089700000, 0x0000000089700000| Untracked 
| 122|0x0000000089800000, 0x0000000089800000, 0x0000000089900000|  0%| F|  |TAMS 0x0000000089800000, 0x0000000089800000| Untracked 
| 123|0x0000000089900000, 0x0000000089900000, 0x0000000089a00000|  0%| F|  |TAMS 0x0000000089900000, 0x0000000089900000| Untracked 
| 124|0x0000000089a00000, 0x0000000089a00000, 0x0000000089b00000|  0%| F|  |TAMS 0x0000000089a00000, 0x0000000089a00000| Untracked 
| 125|0x0000000089b00000, 0x0000000089b00000, 0x0000000089c00000|  0%| F|  |TAMS 0x0000000089b00000, 0x0000000089b00000| Untracked 
| 126|0x0000000089c00000, 0x0000000089c0ba60, 0x0000000089d00000|  4%| E|  |TAMS 0x0000000089c00000, 0x0000000089c00000| Complete 
| 127|0x0000000089d00000, 0x0000000089e00000, 0x0000000089e00000|100%| E|CS|TAMS 0x0000000089d00000, 0x0000000089d00000| Complete 

Card table byte_map: [0x0000018d70690000,0x0000018d70a90000] _byte_map_base: 0x0000018d70281000

Marking Bits (Prev, Next): (CMBitMap*) 0x0000018d5dc328d0, (CMBitMap*) 0x0000018d5dc32910
 Prev Bits: [0x0000018d70e90000, 0x0000018d72e18000)
 Next Bits: [0x0000018d72e20000, 0x0000018d74da8000)

Polling page: 0x0000018d5bad0000

Metaspace:

Usage:
  Non-class:      9.97 MB used.
      Class:      1.01 MB used.
       Both:     10.99 MB used.

Virtual space:
  Non-class space:       64.00 MB reserved,      10.06 MB ( 16%) committed,  1 nodes.
      Class space:        1.00 GB reserved,       1.13 MB ( <1%) committed,  1 nodes.
             Both:        1.06 GB reserved,      11.19 MB (  1%) committed. 

Chunk freelists:
   Non-Class:  5.89 MB
       Class:  14.72 MB
        Both:  20.62 MB

MaxMetaspaceSize: unlimited
CompressedClassSpaceSize: 1.00 GB
Initial GC threshold: 21.00 MB
Current GC threshold: 21.00 MB
CDS: off
MetaspaceReclaimPolicy: balanced
 - commit_granule_bytes: 65536.
 - commit_granule_words: 8192.
 - virtual_space_node_default_size: 8388608.
 - enlarge_chunks_in_place: 1.
 - new_chunks_are_fully_committed: 0.
 - uncommit_free_chunks: 1.
 - use_allocation_guard: 0.
 - handle_deallocations: 1.


Internal statistics:

num_allocs_failed_limit: 0.
num_arena_births: 88.
num_arena_deaths: 0.
num_vsnodes_births: 2.
num_vsnodes_deaths: 0.
num_space_committed: 179.
num_space_uncommitted: 0.
num_chunks_returned_to_freelist: 0.
num_chunks_taken_from_freelist: 155.
num_chunk_merges: 0.
num_chunk_splits: 91.
num_chunks_enlarged: 54.
num_inconsistent_stats: 0.

CodeHeap 'non-profiled nmethods': size=120000Kb used=285Kb max_used=285Kb free=119715Kb
 bounds [0x0000018d68d60000, 0x0000018d68fd0000, 0x0000018d70290000]
CodeHeap 'profiled nmethods': size=120000Kb used=1258Kb max_used=1258Kb free=118742Kb
 bounds [0x0000018d61290000, 0x0000018d61500000, 0x0000018d687c0000]
CodeHeap 'non-nmethods': size=5760Kb used=1192Kb max_used=1201Kb free=4567Kb
 bounds [0x0000018d687c0000, 0x0000018d68a30000, 0x0000018d68d60000]
 total_blobs=1287 nmethods=790 adapters=410
 compilation: enabled
              stopped_count=0, restarted_count=0
 full_count=0

Compilation events (20 events):
Event: 2.259 Thread 0x0000018d77370c80 nmethod 765 0x0000018d68da2c90 code [0x0000018d68da2e20, 0x0000018d68da2ef8]
Event: 2.259 Thread 0x0000018d77370c80  766       1       java.util.concurrent.ConcurrentHashMap$MapEntry::getValue (5 bytes)
Event: 2.259 Thread 0x0000018d77370c80 nmethod 766 0x0000018d68da2f90 code [0x0000018d68da3120, 0x0000018d68da31f8]
Event: 2.259 Thread 0x0000018d77370c80  768       3       java.util.concurrent.ConcurrentHashMap$EntryIterator::next (5 bytes)
Event: 2.260 Thread 0x0000018d77370c80 nmethod 768 0x0000018d613bf810 code [0x0000018d613bf9a0, 0x0000018d613bfae8]
Event: 2.260 Thread 0x0000018d77370c80  769       3       java.util.concurrent.ConcurrentHashMap$EntryIterator::next (51 bytes)
Event: 2.260 Thread 0x0000018d77370c80 nmethod 769 0x0000018d613bfb90 code [0x0000018d613bfd60, 0x0000018d613c01f8]
Event: 2.260 Thread 0x0000018d77370c80  770       3       java.util.concurrent.ConcurrentHashMap$MapEntry::<init> (20 bytes)
Event: 2.260 Thread 0x0000018d77370c80 nmethod 770 0x0000018d613c0390 code [0x0000018d613c0540, 0x0000018d613c07b8]
Event: 2.264 Thread 0x0000018d77300bd0 nmethod 759 0x0000018d68da3290 code [0x0000018d68da34c0, 0x0000018d68da5028]
Event: 2.264 Thread 0x0000018d77300bd0  762 %     4       java.util.Properties$LineReader::readLine @ 53 (584 bytes)
Event: 2.273 Thread 0x0000018d77370c80  771       3       jdk.internal.math.FDBigInteger::mult (64 bytes)
Event: 2.274 Thread 0x0000018d77370c80 nmethod 771 0x0000018d613c0890 code [0x0000018d613c0a40, 0x0000018d613c0cb8]
Event: 2.274 Thread 0x0000018d77370c80  773       3       jdk.internal.math.FDBigInteger::trimLeadingZeros (57 bytes)
Event: 2.274 Thread 0x0000018d77370c80 nmethod 773 0x0000018d613c0e90 code [0x0000018d613c1040, 0x0000018d613c1318]
Event: 2.274 Thread 0x0000018d77370c80  772       3       jdk.internal.math.FDBigInteger::<init> (30 bytes)
Event: 2.274 Thread 0x0000018d77370c80 nmethod 772 0x0000018d613c1410 code [0x0000018d613c15c0, 0x0000018d613c17c8]
Event: 2.275 Thread 0x0000018d77370c80  774       3       jdk.internal.math.FDBigInteger::size (10 bytes)
Event: 2.275 Thread 0x0000018d77370c80 nmethod 774 0x0000018d613c1910 code [0x0000018d613c1aa0, 0x0000018d613c1bb8]
Event: 2.278 Thread 0x0000018d77370c80  775       3       java.lang.invoke.MethodType::toMethodDescriptorString (28 bytes)

GC Heap History (2 events):
Event: 2.207 GC heap before
{Heap before GC invocations=0 (full 0):
 garbage-first heap   total 131072K, used 13312K [0x0000000081e00000, 0x0000000100000000)
  region size 1024K, 13 young (13312K), 0 survivors (0K)
 Metaspace       used 10712K, committed 10880K, reserved 1114112K
  class space    used 1001K, committed 1088K, reserved 1048576K
}
Event: 2.255 GC heap after
{Heap after GC invocations=1 (full 0):
 garbage-first heap   total 131072K, used 1600K [0x0000000081e00000, 0x0000000100000000)
  region size 1024K, 2 young (2048K), 2 survivors (2048K)
 Metaspace       used 10712K, committed 10880K, reserved 1114112K
  class space    used 1001K, committed 1088K, reserved 1048576K
}

Dll operation events (6 events):
Event: 0.010 Loaded shared library C:\Users\PC\.p2\pool\plugins\org.eclipse.justj.openjdk.hotspot.jre.full.win32.x86_64_17.0.8.v20230831-1047\jre\bin\java.dll
Event: 0.572 Loaded shared library C:\Users\PC\.p2\pool\plugins\org.eclipse.justj.openjdk.hotspot.jre.full.win32.x86_64_17.0.8.v20230831-1047\jre\bin\net.dll
Event: 0.576 Loaded shared library C:\Users\PC\.p2\pool\plugins\org.eclipse.justj.openjdk.hotspot.jre.full.win32.x86_64_17.0.8.v20230831-1047\jre\bin\nio.dll
Event: 1.566 Loaded shared library C:\Users\PC\.p2\pool\plugins\org.eclipse.justj.openjdk.hotspot.jre.full.win32.x86_64_17.0.8.v20230831-1047\jre\bin\zip.dll
Event: 1.752 Loaded shared library C:\Users\PC\.p2\pool\plugins\org.eclipse.justj.openjdk.hotspot.jre.full.win32.x86_64_17.0.8.v20230831-1047\jre\bin\jimage.dll
Event: 1.812 Loaded shared library C:\Users\PC\.p2\pool\plugins\org.eclipse.justj.openjdk.hotspot.jre.full.win32.x86_64_17.0.8.v20230831-1047\jre\bin\awt.dll

Deoptimization events (20 events):
Event: 1.725 Thread 0x0000018d5dbd7e60 DEOPT PACKING pc=0x0000018d68d70d14 sp=0x000000312a9fe780
Event: 1.725 Thread 0x0000018d5dbd7e60 DEOPT UNPACKING pc=0x0000018d688169a3 sp=0x000000312a9fe6e0 mode 2
Event: 1.725 Thread 0x0000018d5dbd7e60 Uncommon trap: trap_request=0xffffff45 fr.pc=0x0000018d68d6fb1c relative=0x00000000000003fc
Event: 1.725 Thread 0x0000018d5dbd7e60 Uncommon trap: reason=unstable_if action=reinterpret pc=0x0000018d68d6fb1c method=java.lang.StringLatin1.newString([BII)Ljava/lang/String; @ 1 c2
Event: 1.725 Thread 0x0000018d5dbd7e60 DEOPT PACKING pc=0x0000018d68d6fb1c sp=0x000000312a9fe700
Event: 1.725 Thread 0x0000018d5dbd7e60 DEOPT UNPACKING pc=0x0000018d688169a3 sp=0x000000312a9fe6e0 mode 2
Event: 1.738 Thread 0x0000018d5dbd7e60 Uncommon trap: trap_request=0xffffff45 fr.pc=0x0000018d68d68378 relative=0x0000000000000078
Event: 1.738 Thread 0x0000018d5dbd7e60 Uncommon trap: reason=unstable_if action=reinterpret pc=0x0000018d68d68378 method=java.lang.String.isLatin1()Z @ 10 c2
Event: 1.739 Thread 0x0000018d5dbd7e60 DEOPT PACKING pc=0x0000018d68d68378 sp=0x000000312a9fec50
Event: 1.739 Thread 0x0000018d5dbd7e60 DEOPT UNPACKING pc=0x0000018d688169a3 sp=0x000000312a9feb90 mode 2
Event: 1.756 Thread 0x0000018d5dbd7e60 Uncommon trap: trap_request=0xffffff45 fr.pc=0x0000018d68d82514 relative=0x00000000000000f4
Event: 1.757 Thread 0x0000018d5dbd7e60 Uncommon trap: reason=unstable_if action=reinterpret pc=0x0000018d68d82514 method=java.lang.ThreadLocal$ThreadLocalMap.getEntry(Ljava/lang/ThreadLocal;)Ljava/lang/ThreadLocal$ThreadLocalMap$Entry; @ 21 c2
Event: 1.757 Thread 0x0000018d5dbd7e60 DEOPT PACKING pc=0x0000018d68d82514 sp=0x000000312a9fa960
Event: 1.757 Thread 0x0000018d5dbd7e60 DEOPT UNPACKING pc=0x0000018d688169a3 sp=0x000000312a9fa878 mode 2
Event: 1.956 Thread 0x0000018d5dbd7e60 DEOPT PACKING pc=0x0000018d6132e156 sp=0x000000312a9fc740
Event: 1.956 Thread 0x0000018d5dbd7e60 DEOPT UNPACKING pc=0x0000018d68817143 sp=0x000000312a9fbbe0 mode 0
Event: 2.121 Thread 0x0000018d7785a070 Uncommon trap: trap_request=0xffffff45 fr.pc=0x0000018d68d81f78 relative=0x00000000000007d8
Event: 2.121 Thread 0x0000018d7785a070 Uncommon trap: reason=unstable_if action=reinterpret pc=0x0000018d68d81f78 method=java.util.ArrayList.grow(I)[Ljava/lang/Object; @ 17 c2
Event: 2.121 Thread 0x0000018d7785a070 DEOPT PACKING pc=0x0000018d68d81f78 sp=0x000000312c2fe6c0
Event: 2.121 Thread 0x0000018d7785a070 DEOPT UNPACKING pc=0x0000018d688169a3 sp=0x000000312c2fe558 mode 2

Classes unloaded (0 events):
No events

Classes redefined (0 events):
No events

Internal exceptions (13 events):
Event: 0.628 Thread 0x0000018d5dbd7e60 Exception <a 'java/lang/NoSuchMethodError'{0x0000000089c28fd8}: 'void java.lang.invoke.DirectMethodHandle$Holder.invokeVirtual(java.lang.Object, java.lang.Object)'> (0x0000000089c28fd8) 
thrown [s\src\hotspot\share\interpreter\linkResolver.cpp, line 759]
Event: 1.656 Thread 0x0000018d5dbd7e60 Exception <a 'java/lang/NoSuchMethodError'{0x00000000895fbfa8}: 'void java.lang.invoke.DirectMethodHandle$Holder.invokeSpecial(java.lang.Object, java.lang.Object, java.lang.Object)'> (0x00000000895fbfa8) 
thrown [s\src\hotspot\share\interpreter\linkResolver.cpp, line 759]
Event: 1.663 Thread 0x0000018d5dbd7e60 Exception <a 'java/lang/NoSuchMethodError'{0x0000000089411610}: 'void java.lang.invoke.DirectMethodHandle$Holder.invokeSpecial(java.lang.Object, java.lang.Object, java.lang.Object, java.lang.Object, java.lang.Object)'> (0x0000000089411610) 
thrown [s\src\hotspot\share\interpreter\linkResolver.cpp, line 759]
Event: 1.667 Thread 0x0000018d5dbd7e60 Exception <a 'java/lang/NoSuchMethodError'{0x0000000089420c90}: 'java.lang.Object java.lang.invoke.DirectMethodHandle$Holder.invokeInterface(java.lang.Object, java.lang.Object)'> (0x0000000089420c90) 
thrown [s\src\hotspot\share\interpreter\linkResolver.cpp, line 759]
Event: 1.668 Thread 0x0000018d5dbd7e60 Exception <a 'java/lang/IncompatibleClassChangeError'{0x00000000894241e0}: Found class java.lang.Object, but interface was expected> (0x00000000894241e0) 
thrown [s\src\hotspot\share\interpreter\linkResolver.cpp, line 826]
Event: 1.668 Thread 0x0000018d5dbd7e60 Exception <a 'java/lang/NoSuchMethodError'{0x0000000089426fa8}: 'void java.lang.invoke.DirectMethodHandle$Holder.invokeStatic(java.lang.Object, java.lang.Object, java.lang.Object, java.lang.Object)'> (0x0000000089426fa8) 
thrown [s\src\hotspot\share\interpreter\linkResolver.cpp, line 759]
Event: 1.756 Thread 0x0000018d5dbd7e60 Implicit null exception at 0x0000018d68d82480 to 0x0000018d68d824fc
Event: 1.786 Thread 0x0000018d5dbd7e60 Exception <a 'java/lang/ClassNotFoundException'{0x00000000894a7b70}: sun/awt/resources/spi/awtProvider> (0x00000000894a7b70) 
thrown [s\src\hotspot\share\classfile\systemDictionary.cpp, line 256]
Event: 1.877 Thread 0x0000018d5dbd7e60 Exception <a 'java/io/FileNotFoundException'{0x00000000894fa6c0}> (0x00000000894fa6c0) 
thrown [s\src\hotspot\share\prims\jni.cpp, line 516]
Event: 1.908 Thread 0x0000018d5dbd7e60 Exception <a 'java/io/FileNotFoundException'{0x0000000089327a98}> (0x0000000089327a98) 
thrown [s\src\hotspot\share\prims\jni.cpp, line 516]
Event: 1.946 Thread 0x0000018d5dbd7e60 Exception <a 'sun/nio/fs/WindowsException'{0x0000000089337f38}> (0x0000000089337f38) 
thrown [s\src\hotspot\share\prims\jni.cpp, line 516]
Event: 2.061 Thread 0x0000018d5dbd7e60 Exception <a 'java/lang/NoSuchMethodError'{0x00000000893a94e8}: 'java.lang.Object java.lang.invoke.DirectMethodHandle$Holder.invokeStaticInit(java.lang.Object)'> (0x00000000893a94e8) 
thrown [s\src\hotspot\share\interpreter\linkResolver.cpp, line 759]
Event: 2.122 Thread 0x0000018d7785a070 Exception <a 'sun/nio/fs/WindowsException'{0x00000000892ea660}> (0x00000000892ea660) 
thrown [s\src\hotspot\share\prims\jni.cpp, line 516]

VM Operations (12 events):
Event: 1.150 Executing VM operation: Cleanup
Event: 1.150 Executing VM operation: Cleanup done
Event: 1.571 Executing VM operation: HandshakeAllThreads
Event: 1.571 Executing VM operation: HandshakeAllThreads done
Event: 1.665 Executing VM operation: HandshakeAllThreads
Event: 1.665 Executing VM operation: HandshakeAllThreads done
Event: 2.107 Executing VM operation: HandshakeAllThreads
Event: 2.107 Executing VM operation: HandshakeAllThreads done
Event: 2.128 Executing VM operation: HandshakeAllThreads
Event: 2.129 Executing VM operation: HandshakeAllThreads done
Event: 2.207 Executing VM operation: G1CollectForAllocation
Event: 2.255 Executing VM operation: G1CollectForAllocation done

Events (20 events):
Event: 2.272 loading class jdk/internal/math/FloatingDecimal$1
Event: 2.272 loading class jdk/internal/math/FloatingDecimal$1 done
Event: 2.272 loading class jdk/internal/math/FloatingDecimal$PreparedASCIIToBinaryBuffer
Event: 2.272 loading class jdk/internal/math/FloatingDecimal$ASCIIToBinaryConverter
Event: 2.272 loading class jdk/internal/math/FloatingDecimal$ASCIIToBinaryConverter done
Event: 2.272 loading class jdk/internal/math/FloatingDecimal$PreparedASCIIToBinaryBuffer done
Event: 2.272 loading class jdk/internal/math/FDBigInteger
Event: 2.273 loading class jdk/internal/math/FDBigInteger done
Event: 2.274 loading class java/math/MathContext
Event: 2.274 loading class java/math/MathContext done
Event: 2.274 loading class java/math/RoundingMode
Event: 2.274 loading class java/math/RoundingMode done
Event: 2.276 loading class java/util/Collections$UnmodifiableMap$UnmodifiableEntrySet
Event: 2.276 loading class java/util/Collections$UnmodifiableMap$UnmodifiableEntrySet done
Event: 2.276 loading class java/util/Collections$UnmodifiableMap$UnmodifiableEntrySet$UnmodifiableEntrySetSpliterator
Event: 2.277 loading class java/util/Collections$UnmodifiableMap$UnmodifiableEntrySet$UnmodifiableEntrySetSpliterator done
Event: 2.277 loading class java/util/HashMap$EntrySpliterator
Event: 2.277 loading class java/util/HashMap$EntrySpliterator done
Event: 2.277 loading class java/lang/invoke/DirectMethodHandle$Special
Event: 2.277 loading class java/lang/invoke/DirectMethodHandle$Special done


Dynamic libraries:
0x00007ff6077f0000 - 0x00007ff6077fe000 	C:\Users\PC\.p2\pool\plugins\org.eclipse.justj.openjdk.hotspot.jre.full.win32.x86_64_17.0.8.v20230831-1047\jre\bin\javaw.exe
0x00007ffe348a0000 - 0x00007ffe34a80000 	C:\Windows\SYSTEM32\ntdll.dll
0x00007ffe2bb80000 - 0x00007ffe2bb99000 	C:\Program Files\Avast Software\Avast\aswhook.dll
0x00007ffe33320000 - 0x00007ffe333ce000 	C:\Windows\System32\KERNEL32.DLL
0x00007ffe318c0000 - 0x00007ffe31b26000 	C:\Windows\System32\KERNELBASE.dll
0x00007ffe31450000 - 0x00007ffe31546000 	C:\Windows\System32\ucrtbase.dll
0x00007ffe2a660000 - 0x00007ffe2a677000 	C:\Users\PC\.p2\pool\plugins\org.eclipse.justj.openjdk.hotspot.jre.full.win32.x86_64_17.0.8.v20230831-1047\jre\bin\jli.dll
0x00007ffe33a20000 - 0x00007ffe33baf000 	C:\Windows\System32\USER32.dll
0x00007ffe31680000 - 0x00007ffe316a0000 	C:\Windows\System32\win32u.dll
0x00007ffe34840000 - 0x00007ffe34868000 	C:\Windows\System32\GDI32.dll
0x00007ffe31bd0000 - 0x00007ffe31d63000 	C:\Windows\System32\gdi32full.dll
0x00007ffe31b30000 - 0x00007ffe31bcb000 	C:\Windows\System32\msvcp_win.dll
0x00007ffe2a0c0000 - 0x00007ffe2a0d9000 	C:\Users\PC\.p2\pool\plugins\org.eclipse.justj.openjdk.hotspot.jre.full.win32.x86_64_17.0.8.v20230831-1047\jre\bin\VCRUNTIME140.dll
0x00007ffe18430000 - 0x00007ffe18699000 	C:\Windows\WinSxS\amd64_microsoft.windows.common-controls_6595b64144ccf1df_6.0.16299.98_none_cc930a042215c348\COMCTL32.dll
0x00007ffe33790000 - 0x00007ffe3382d000 	C:\Windows\System32\msvcrt.dll
0x00007ffe33cd0000 - 0x00007ffe33fd8000 	C:\Windows\System32\combase.dll
0x00007ffe33bb0000 - 0x00007ffe33ccf000 	C:\Windows\System32\RPCRT4.dll
0x00007ffe31550000 - 0x00007ffe315c2000 	C:\Windows\System32\bcryptPrimitives.dll
0x00007ffe33fe0000 - 0x00007ffe3400d000 	C:\Windows\System32\IMM32.DLL
0x00007ffe2bb40000 - 0x00007ffe2bb4c000 	C:\Users\PC\.p2\pool\plugins\org.eclipse.justj.openjdk.hotspot.jre.full.win32.x86_64_17.0.8.v20230831-1047\jre\bin\vcruntime140_1.dll
0x00007ffe24360000 - 0x00007ffe243f1000 	C:\Users\PC\.p2\pool\plugins\org.eclipse.justj.openjdk.hotspot.jre.full.win32.x86_64_17.0.8.v20230831-1047\jre\bin\msvcp140.dll
0x00007ffdeb7a0000 - 0x00007ffdec3ec000 	C:\Users\PC\.p2\pool\plugins\org.eclipse.justj.openjdk.hotspot.jre.full.win32.x86_64_17.0.8.v20230831-1047\jre\bin\server\jvm.dll
0x00007ffe341f0000 - 0x00007ffe34291000 	C:\Windows\System32\ADVAPI32.dll
0x00007ffe336d0000 - 0x00007ffe3372b000 	C:\Windows\System32\sechost.dll
0x00007ffe30c30000 - 0x00007ffe30c7c000 	C:\Windows\System32\POWRPROF.dll
0x00007ffe215b0000 - 0x00007ffe215b9000 	C:\Windows\SYSTEM32\WSOCK32.dll
0x00007ffe342a0000 - 0x00007ffe3430c000 	C:\Windows\System32\WS2_32.dll
0x00007ffe2b7e0000 - 0x00007ffe2b803000 	C:\Windows\SYSTEM32\WINMM.dll
0x00007ffe21d80000 - 0x00007ffe21d8a000 	C:\Windows\SYSTEM32\VERSION.dll
0x00007ffe2b660000 - 0x00007ffe2b68a000 	C:\Windows\SYSTEM32\WINMMBASE.dll
0x00007ffe316a0000 - 0x00007ffe316ea000 	C:\Windows\System32\cfgmgr32.dll
0x00007ffe30bf0000 - 0x00007ffe30c01000 	C:\Windows\System32\kernel.appcore.dll
0x00007ffe2a0a0000 - 0x00007ffe2a0aa000 	C:\Users\PC\.p2\pool\plugins\org.eclipse.justj.openjdk.hotspot.jre.full.win32.x86_64_17.0.8.v20230831-1047\jre\bin\jimage.dll
0x00007ffe2be30000 - 0x00007ffe2bff8000 	C:\Windows\SYSTEM32\DBGHELP.DLL
0x00007ffe26b70000 - 0x00007ffe26b99000 	C:\Windows\SYSTEM32\dbgcore.DLL
0x00007ffe0df30000 - 0x00007ffe0df55000 	C:\Users\PC\.p2\pool\plugins\org.eclipse.justj.openjdk.hotspot.jre.full.win32.x86_64_17.0.8.v20230831-1047\jre\bin\java.dll
0x00007ffe1e6f0000 - 0x00007ffe1e708000 	C:\Users\PC\.p2\pool\plugins\org.eclipse.justj.openjdk.hotspot.jre.full.win32.x86_64_17.0.8.v20230831-1047\jre\bin\zip.dll
0x00007ffe31d70000 - 0x00007ffe331a6000 	C:\Windows\System32\SHELL32.dll
0x00007ffe34140000 - 0x00007ffe341e6000 	C:\Windows\System32\shcore.dll
0x00007ffe30d00000 - 0x00007ffe31447000 	C:\Windows\System32\windows.storage.dll
0x00007ffe33730000 - 0x00007ffe33781000 	C:\Windows\System32\shlwapi.dll
0x00007ffe30c10000 - 0x00007ffe30c2b000 	C:\Windows\System32\profapi.dll
0x00007ffe13390000 - 0x00007ffe133a9000 	C:\Users\PC\.p2\pool\plugins\org.eclipse.justj.openjdk.hotspot.jre.full.win32.x86_64_17.0.8.v20230831-1047\jre\bin\net.dll
0x00007ffe265c0000 - 0x00007ffe2669e000 	C:\Windows\SYSTEM32\WINHTTP.dll
0x00007ffe30420000 - 0x00007ffe30486000 	C:\Windows\system32\mswsock.dll
0x00007ffe0ba40000 - 0x00007ffe0ba55000 	C:\Users\PC\.p2\pool\plugins\org.eclipse.justj.openjdk.hotspot.jre.full.win32.x86_64_17.0.8.v20230831-1047\jre\bin\nio.dll
0x00007ffdf09b0000 - 0x00007ffdf0b3e000 	C:\Users\PC\.p2\pool\plugins\org.eclipse.justj.openjdk.hotspot.jre.full.win32.x86_64_17.0.8.v20230831-1047\jre\bin\awt.dll
0x00007ffe34010000 - 0x00007ffe340d5000 	C:\Windows\System32\OLEAUT32.dll
0x00007ffe2bce0000 - 0x00007ffe2bd68000 	C:\Windows\SYSTEM32\apphelp.dll
0x00007ffe2c190000 - 0x00007ffe2c225000 	C:\Windows\system32\uxtheme.dll
0x00007ffe33830000 - 0x00007ffe33997000 	C:\Windows\System32\MSCTF.dll
0x00007ffe2c400000 - 0x00007ffe2c42a000 	C:\Windows\system32\dwmapi.dll
0x00007ffe333e0000 - 0x00007ffe33529000 	C:\Windows\System32\ole32.dll

dbghelp: loaded successfully - version: 4.0.5 - missing functions: none
symbol engine: initialized successfully - sym options: 0x614 - pdb path: .;C:\Users\PC\.p2\pool\plugins\org.eclipse.justj.openjdk.hotspot.jre.full.win32.x86_64_17.0.8.v20230831-1047\jre\bin;C:\Windows\SYSTEM32;C:\Program Files\Avast Software\Avast;C:\Windows\WinSxS\amd64_microsoft.windows.common-controls_6595b64144ccf1df_6.0.16299.98_none_cc930a042215c348;C:\Users\PC\.p2\pool\plugins\org.eclipse.justj.openjdk.hotspot.jre.full.win32.x86_64_17.0.8.v20230831-1047\jre\bin\server

VM Arguments:
jvm_args: -Dfile.encoding=UTF-8 -Dstdout.encoding=UTF-8 -Dstderr.encoding=UTF-8 --module-path=C:\Users\PC\Desktop\UBA_App\UBA_Bank\bin;C:\Users\PC\Desktop\UBA_App\UBA_Bank\src\Libs\mysql-connector-j-8.2.0.jar -XX:+ShowCodeDetailsInExceptionMessages -Djdk.module.main=UBA_Bank 
java_command: UBA_Bank/Page.UBA_Services
java_class_path (initial): C:\Users\PC\Desktop\UBA_App\UBA_Bank\src\Libs\mysql-connector-j-8.4.0\mysql-connector-j-8.4.0.jar
Launcher Type: SUN_STANDARD

[Global flags]
     intx CICompilerCount                          = 3                                         {product} {ergonomic}
     uint ConcGCThreads                            = 1                                         {product} {ergonomic}
     uint G1ConcRefinementThreads                  = 4                                         {product} {ergonomic}
   size_t G1HeapRegionSize                         = 1048576                                   {product} {ergonomic}
    uintx GCDrainStackTargetSize                   = 64                                        {product} {ergonomic}
   size_t InitialHeapSize                          = 134217728                                 {product} {ergonomic}
   size_t MarkStackSize                            = 4194304                                   {product} {ergonomic}
   size_t MaxHeapSize                              = 2116026368                                {product} {ergonomic}
   size_t MaxNewSize                               = 1268776960                                {product} {ergonomic}
   size_t MinHeapDeltaBytes                        = 1048576                                   {product} {ergonomic}
   size_t MinHeapSize                              = 8388608                                   {product} {ergonomic}
    uintx NonNMethodCodeHeapSize                   = 5832780                                {pd product} {ergonomic}
    uintx NonProfiledCodeHeapSize                  = 122912730                              {pd product} {ergonomic}
    uintx ProfiledCodeHeapSize                     = 122912730                              {pd product} {ergonomic}
    uintx ReservedCodeCacheSize                    = 251658240                              {pd product} {ergonomic}
     bool SegmentedCodeCache                       = true                                      {product} {ergonomic}
     bool ShowCodeDetailsInExceptionMessages       = true                                   {manageable} {command line}
   size_t SoftMaxHeapSize                          = 2116026368                             {manageable} {ergonomic}
     bool UseCompressedClassPointers               = true                           {product lp64_product} {ergonomic}
     bool UseCompressedOops                        = true                           {product lp64_product} {ergonomic}
     bool UseG1GC                                  = true                                      {product} {ergonomic}
     bool UseLargePagesIndividualAllocation        = false                                  {pd product} {ergonomic}

Logging:
Log output configuration:
 #0: stdout all=warning uptime,level,tags
 #1: stderr all=off uptime,level,tags

Environment Variables:
PATH=C:/Users/PC/.p2/pool/plugins/org.eclipse.justj.openjdk.hotspot.jre.full.win32.x86_64_17.0.8.v20230831-1047/jre/bin/server;C:/Users/PC/.p2/pool/plugins/org.eclipse.justj.openjdk.hotspot.jre.full.win32.x86_64_17.0.8.v20230831-1047/jre/bin;C:\MinGW\bin;C:\Program Files\Java\jdk-14.0.1\bin;C:\Program Files\Dart;C:\Program Files\dotnet;C:\Program Files\Swift\runtime-development\usr\bin;C:\Program Files\Swift;C:\Program Files\Dart\dart-sdk\bin;C:\Users\PC\AppData\Roaming\Microsoft\Windows\Start Menu\Programs\Python 3.11;C:\MinGW;c:\mingw\lib\gcc\mingw32\4.8.1\include\c++;C:\MinGW\lib\gcc\mingw32\4.8.1\include;C:\MinGW\include;C:\Program Files\MinGW\bin;C:\Users\PC\Desktop\SQL2022\SQLEXPR_x64_ENU;C:\wamp64\bin\mysql\mysql8.0.31\bin;C:\Users\PC\Desktop\java\WindowBuilder-Updates-1.13.0\features;C:\Users\PC\Desktop\java\WindowBuilder-Updates-1.13.0\plugins;C:\Users\PC\Desktop\java\WindowBuilder-Updates-1.13.0;C:\Qt\qtcreator-3.4.2\bin;C:\Program Files\kotlinc\bin;C:\Ruby32-x64\bin;C:\Program Files\kotlinc\lib;C:\Program Files\kotlinc;C:\kotlincc;C:\Program Files\MongoDB\Server\7.0\bin;C:\wamp64\bin\mysql\mysql8.0.31\bin;C:\Program Files\nodejs\;C:\Program Files\nodejs\node_modules\npm\bin;C:\Program Files\Git\cmd;C:\Program Files\php;C:\VSCodeSetup-x64-1.71.0;C:\ProgramData\ComposerSetup\bin;C:\wamp64\bin\php\php8.2.0;C:\SQLITE;C:\AnalyseSI-0.80;C:\Ruby32-x64\bin;C:\Users\PC\AppData\Local\Programs\Python\Python311\Scripts\;C:\Users\PC\AppData\Local\Programs\Python\Python311\;C:\Program Files\Java;C:\Users\PC\.dotnet\tools;c:\mingw\lib\gcc\mingw32\;C:\Users\PC\AppData\Roaming\npm;C:\Users\PC\AppData\Roaming\Composer\vendor\bin;C:\Windows\System32;
USERNAME=PC
OS=Windows_NT
PROCESSOR_IDENTIFIER=Intel64 Family 6 Model 78 Stepping 3, GenuineIntel
TMP=C:\Users\PC\AppData\Local\Temp
TEMP=C:\Users\PC\AppData\Local\Temp



---------------  S Y S T E M  ---------------

OS:
 Windows 10 , 64 bit Build 16299 (10.0.16299.15)
OS uptime: 0 days 6:46 hours

CPU: total 4 (initial active 4) (2 cores per cpu, 2 threads per core) family 6 model 78 stepping 3 microcode 0xea, cx8, cmov, fxsr, ht, mmx, 3dnowpref, sse, sse2, sse3, ssse3, sse4.1, sse4.2, popcnt, lzcnt, tsc, tscinvbit, avx, avx2, aes, erms, clmul, bmi1, bmi2, adx, fma, vzeroupper, clflush, clflushopt
Processor Information for all 4 processors :
  Max Mhz: 2400, Current Mhz: 2300, Mhz Limit: 2280

Memory: 4k page, system-wide physical 8071M (2507M free)
TotalPageFile size 9976M (AvailPageFile size 4M)
current process WorkingSet (physical memory assigned to process): 64M, peak: 64M
current process commit charge ("private bytes"): 207M, peak: 207M

vm_info: OpenJDK 64-Bit Server VM (17.0.8.1+1) for windows-amd64 JRE (17.0.8.1+1), built on Aug 23 2023 15:29:17 by "admin" with MS VC++ 16.7 (VS2019)

END.
